[2026-03-09T18:40:04.762+0000] {taskinstance.py:1956} INFO - Dependencies all met for dep_context=non-requeueable deps ti=<TaskInstance: run_dbt_models.dbt_run scheduled__2026-03-09T18:35:00+00:00 [queued]>
[2026-03-09T18:40:04.771+0000] {taskinstance.py:1956} INFO - Dependencies all met for dep_context=requeueable deps ti=<TaskInstance: run_dbt_models.dbt_run scheduled__2026-03-09T18:35:00+00:00 [queued]>
[2026-03-09T18:40:04.771+0000] {taskinstance.py:2170} INFO - Starting attempt 1 of 2
[2026-03-09T18:40:04.784+0000] {taskinstance.py:2191} INFO - Executing <Task(BashOperator): dbt_run> on 2026-03-09 18:35:00+00:00
[2026-03-09T18:40:04.791+0000] {standard_task_runner.py:60} INFO - Started process 878 to run task
[2026-03-09T18:40:04.794+0000] {standard_task_runner.py:87} INFO - Running: ['airflow', 'tasks', 'run', 'run_dbt_models', 'dbt_run', 'scheduled__2026-03-09T18:35:00+00:00', '--job-id', '77', '--raw', '--subdir', 'DAGS_FOLDER/dbt_orchestrator.py', '--cfg-path', '/tmp/tmpuebhxeo8']
[2026-03-09T18:40:04.796+0000] {standard_task_runner.py:88} INFO - Job 77: Subtask dbt_run
[2026-03-09T18:40:04.849+0000] {task_command.py:423} INFO - Running <TaskInstance: run_dbt_models.dbt_run scheduled__2026-03-09T18:35:00+00:00 [running]> on host 9410d24c9fb2
[2026-03-09T18:40:04.937+0000] {taskinstance.py:2480} INFO - Exporting env vars: AIRFLOW_CTX_DAG_OWNER='data_engineer' AIRFLOW_CTX_DAG_ID='run_dbt_models' AIRFLOW_CTX_TASK_ID='dbt_run' AIRFLOW_CTX_EXECUTION_DATE='2026-03-09T18:35:00+00:00' AIRFLOW_CTX_TRY_NUMBER='1' AIRFLOW_CTX_DAG_RUN_ID='scheduled__2026-03-09T18:35:00+00:00'
[2026-03-09T18:40:04.938+0000] {subprocess.py:63} INFO - Tmp dir root location: /tmp
[2026-03-09T18:40:04.938+0000] {subprocess.py:75} INFO - Running command: ['/usr/bin/bash', '-c', 'cd /opt/airflow/dbt_project && dbt run --profiles-dir .']
[2026-03-09T18:40:04.952+0000] {subprocess.py:86} INFO - Output:
[2026-03-09T18:40:06.214+0000] {subprocess.py:93} INFO - [0m18:40:06  Running with dbt=1.9.0-b2
[2026-03-09T18:40:06.437+0000] {subprocess.py:93} INFO - [0m18:40:06  Registered adapter: postgres=1.8.2
[2026-03-09T18:40:06.824+0000] {subprocess.py:93} INFO - [0m18:40:06  [[33mWARNING[0m]: Configuration paths exist in your dbt_project.yml file which do not apply to any resources.
[2026-03-09T18:40:06.824+0000] {subprocess.py:93} INFO - There are 1 unused configuration paths:
[2026-03-09T18:40:06.825+0000] {subprocess.py:93} INFO - - models.analytics_cdc.example
[2026-03-09T18:40:06.953+0000] {subprocess.py:93} INFO - [0m18:40:06  Found 4 models, 1 source, 423 macros
[2026-03-09T18:40:06.956+0000] {subprocess.py:93} INFO - [0m18:40:06
[2026-03-09T18:40:06.956+0000] {subprocess.py:93} INFO - [0m18:40:06  Concurrency: 1 threads (target='dev')
[2026-03-09T18:40:06.957+0000] {subprocess.py:93} INFO - [0m18:40:06
[2026-03-09T18:40:07.095+0000] {subprocess.py:93} INFO - [0m18:40:07  1 of 4 START sql table model analytics.dim_demografia_usuarios ................. [RUN]
[2026-03-09T18:40:07.225+0000] {subprocess.py:93} INFO - [0m18:40:07  1 of 4 OK created sql table model analytics.dim_demografia_usuarios ............ [[32mSELECT 12[0m in 0.13s]
[2026-03-09T18:40:07.228+0000] {subprocess.py:93} INFO - [0m18:40:07  2 of 4 START sql view model analytics.health_check_duplicados .................. [RUN]
[2026-03-09T18:40:07.355+0000] {subprocess.py:93} INFO - [0m18:40:07  2 of 4 OK created sql view model analytics.health_check_duplicados ............. [[32mCREATE VIEW[0m in 0.13s]
[2026-03-09T18:40:07.357+0000] {subprocess.py:93} INFO - [0m18:40:07  3 of 4 START sql view model analytics.ultimos_100_ingresos ..................... [RUN]
[2026-03-09T18:40:07.406+0000] {subprocess.py:93} INFO - [0m18:40:07  3 of 4 OK created sql view model analytics.ultimos_100_ingresos ................ [[32mCREATE VIEW[0m in 0.05s]
[2026-03-09T18:40:07.408+0000] {subprocess.py:93} INFO - [0m18:40:07  4 of 4 START sql view model analytics.audit_reconciliacion ..................... [RUN]
[2026-03-09T18:40:07.452+0000] {subprocess.py:93} INFO - [0m18:40:07  4 of 4 OK created sql view model analytics.audit_reconciliacion ................ [[32mCREATE VIEW[0m in 0.04s]
[2026-03-09T18:40:07.467+0000] {subprocess.py:93} INFO - [0m18:40:07
[2026-03-09T18:40:07.468+0000] {subprocess.py:93} INFO - [0m18:40:07  Finished running 1 table model, 3 view models in 0 hours 0 minutes and 0.51 seconds (0.51s).
[2026-03-09T18:40:07.505+0000] {subprocess.py:93} INFO - [0m18:40:07
[2026-03-09T18:40:07.506+0000] {subprocess.py:93} INFO - [0m18:40:07  [32mCompleted successfully[0m
[2026-03-09T18:40:07.506+0000] {subprocess.py:93} INFO - [0m18:40:07
[2026-03-09T18:40:07.507+0000] {subprocess.py:93} INFO - [0m18:40:07  Done. PASS=4 WARN=0 ERROR=0 SKIP=0 TOTAL=4
[2026-03-09T18:40:08.571+0000] {subprocess.py:97} INFO - Command exited with return code 0
[2026-03-09T18:40:08.601+0000] {taskinstance.py:1138} INFO - Marking task as SUCCESS. dag_id=run_dbt_models, task_id=dbt_run, execution_date=20260309T183500, start_date=20260309T184004, end_date=20260309T184008
[2026-03-09T18:40:08.659+0000] {local_task_job_runner.py:234} INFO - Task exited with return code 0
[2026-03-09T18:40:08.677+0000] {taskinstance.py:3280} INFO - 0 downstream tasks scheduled from follow-on schedule check
