[2026-03-10T00:34:01.206+0000] {taskinstance.py:1956} INFO - Dependencies all met for dep_context=non-requeueable deps ti=<TaskInstance: run_dbt_models.dbt_debug scheduled__2026-03-10T00:33:00+00:00 [queued]>
[2026-03-10T00:34:01.220+0000] {taskinstance.py:1956} INFO - Dependencies all met for dep_context=requeueable deps ti=<TaskInstance: run_dbt_models.dbt_debug scheduled__2026-03-10T00:33:00+00:00 [queued]>
[2026-03-10T00:34:01.220+0000] {taskinstance.py:2170} INFO - Starting attempt 1 of 2
[2026-03-10T00:34:01.235+0000] {taskinstance.py:2191} INFO - Executing <Task(BashOperator): dbt_debug> on 2026-03-10 00:33:00+00:00
[2026-03-10T00:34:01.247+0000] {standard_task_runner.py:60} INFO - Started process 2027 to run task
[2026-03-10T00:34:01.250+0000] {standard_task_runner.py:87} INFO - Running: ['airflow', 'tasks', 'run', 'run_dbt_models', 'dbt_debug', 'scheduled__2026-03-10T00:33:00+00:00', '--job-id', '156', '--raw', '--subdir', 'DAGS_FOLDER/dbt_orchestrator.py', '--cfg-path', '/tmp/tmpk032c2wq']
[2026-03-10T00:34:01.253+0000] {standard_task_runner.py:88} INFO - Job 156: Subtask dbt_debug
[2026-03-10T00:34:01.329+0000] {task_command.py:423} INFO - Running <TaskInstance: run_dbt_models.dbt_debug scheduled__2026-03-10T00:33:00+00:00 [running]> on host 9410d24c9fb2
[2026-03-10T00:34:01.460+0000] {taskinstance.py:2480} INFO - Exporting env vars: AIRFLOW_CTX_DAG_OWNER='data_engineer' AIRFLOW_CTX_DAG_ID='run_dbt_models' AIRFLOW_CTX_TASK_ID='dbt_debug' AIRFLOW_CTX_EXECUTION_DATE='2026-03-10T00:33:00+00:00' AIRFLOW_CTX_TRY_NUMBER='1' AIRFLOW_CTX_DAG_RUN_ID='scheduled__2026-03-10T00:33:00+00:00'
[2026-03-10T00:34:01.462+0000] {subprocess.py:63} INFO - Tmp dir root location: /tmp
[2026-03-10T00:34:01.463+0000] {subprocess.py:75} INFO - Running command: ['/usr/bin/bash', '-c', 'cd /opt/airflow/dbt_project && dbt debug --profiles-dir .']
[2026-03-10T00:34:01.485+0000] {subprocess.py:86} INFO - Output:
[2026-03-10T00:34:02.917+0000] {subprocess.py:93} INFO - [0m00:34:02  Running with dbt=1.9.0-b2
[2026-03-10T00:34:02.926+0000] {subprocess.py:93} INFO - [0m00:34:02  dbt version: 1.9.0-b2
[2026-03-10T00:34:02.927+0000] {subprocess.py:93} INFO - [0m00:34:02  python version: 3.8.18
[2026-03-10T00:34:02.927+0000] {subprocess.py:93} INFO - [0m00:34:02  python path: /usr/local/bin/python
[2026-03-10T00:34:02.927+0000] {subprocess.py:93} INFO - [0m00:34:02  os info: Linux-6.12.73-1-MANJARO-x86_64-with-glibc2.34
[2026-03-10T00:34:02.976+0000] {subprocess.py:93} INFO - [0m00:34:02  Using profiles dir at .
[2026-03-10T00:34:02.976+0000] {subprocess.py:93} INFO - [0m00:34:02  Using profiles.yml file at ./profiles.yml
[2026-03-10T00:34:02.976+0000] {subprocess.py:93} INFO - [0m00:34:02  Using dbt_project.yml file at /opt/airflow/dbt_project/dbt_project.yml
[2026-03-10T00:34:02.977+0000] {subprocess.py:93} INFO - [0m00:34:02  adapter type: postgres
[2026-03-10T00:34:02.977+0000] {subprocess.py:93} INFO - [0m00:34:02  adapter version: 1.8.2
[2026-03-10T00:34:03.079+0000] {subprocess.py:93} INFO - [0m00:34:03  Configuration:
[2026-03-10T00:34:03.079+0000] {subprocess.py:93} INFO - [0m00:34:03    profiles.yml file [[32mOK found and valid[0m]
[2026-03-10T00:34:03.079+0000] {subprocess.py:93} INFO - [0m00:34:03    dbt_project.yml file [[32mOK found and valid[0m]
[2026-03-10T00:34:03.079+0000] {subprocess.py:93} INFO - [0m00:34:03  Required dependencies:
[2026-03-10T00:34:03.095+0000] {subprocess.py:93} INFO - [0m00:34:03   - git [[32mOK found[0m]
[2026-03-10T00:34:03.095+0000] {subprocess.py:93} INFO - 
[2026-03-10T00:34:03.096+0000] {subprocess.py:93} INFO - [0m00:34:03  Connection:
[2026-03-10T00:34:03.096+0000] {subprocess.py:93} INFO - [0m00:34:03    host: postgres_dw
[2026-03-10T00:34:03.096+0000] {subprocess.py:93} INFO - [0m00:34:03    port: 5432
[2026-03-10T00:34:03.096+0000] {subprocess.py:93} INFO - [0m00:34:03    user: admin
[2026-03-10T00:34:03.097+0000] {subprocess.py:93} INFO - [0m00:34:03    database: datawarehouse
[2026-03-10T00:34:03.097+0000] {subprocess.py:93} INFO - [0m00:34:03    schema: analytics
[2026-03-10T00:34:03.097+0000] {subprocess.py:93} INFO - [0m00:34:03    connect_timeout: 10
[2026-03-10T00:34:03.098+0000] {subprocess.py:93} INFO - [0m00:34:03    role: None
[2026-03-10T00:34:03.098+0000] {subprocess.py:93} INFO - [0m00:34:03    search_path: None
[2026-03-10T00:34:03.098+0000] {subprocess.py:93} INFO - [0m00:34:03    keepalives_idle: 0
[2026-03-10T00:34:03.099+0000] {subprocess.py:93} INFO - [0m00:34:03    sslmode: None
[2026-03-10T00:34:03.099+0000] {subprocess.py:93} INFO - [0m00:34:03    sslcert: None
[2026-03-10T00:34:03.099+0000] {subprocess.py:93} INFO - [0m00:34:03    sslkey: None
[2026-03-10T00:34:03.099+0000] {subprocess.py:93} INFO - [0m00:34:03    sslrootcert: None
[2026-03-10T00:34:03.100+0000] {subprocess.py:93} INFO - [0m00:34:03    application_name: dbt
[2026-03-10T00:34:03.100+0000] {subprocess.py:93} INFO - [0m00:34:03    retries: 1
[2026-03-10T00:34:03.101+0000] {subprocess.py:93} INFO - [0m00:34:03  Registered adapter: postgres=1.8.2
[2026-03-10T00:34:03.151+0000] {subprocess.py:93} INFO - [0m00:34:03    Connection test: [[32mOK connection ok[0m]
[2026-03-10T00:34:03.151+0000] {subprocess.py:93} INFO - 
[2026-03-10T00:34:03.152+0000] {subprocess.py:93} INFO - [0m00:34:03  [32mAll checks passed![0m
[2026-03-10T00:34:11.381+0000] {subprocess.py:97} INFO - Command exited with return code 0
[2026-03-10T00:34:11.414+0000] {taskinstance.py:1138} INFO - Marking task as SUCCESS. dag_id=run_dbt_models, task_id=dbt_debug, execution_date=20260310T003300, start_date=20260310T003401, end_date=20260310T003411
[2026-03-10T00:34:11.467+0000] {local_task_job_runner.py:234} INFO - Task exited with return code 0
[2026-03-10T00:34:11.488+0000] {taskinstance.py:3280} INFO - 1 downstream tasks scheduled from follow-on schedule check
