[2026-03-10T00:23:58.955+0000] {taskinstance.py:1956} INFO - Dependencies all met for dep_context=non-requeueable deps ti=<TaskInstance: run_dbt_models.dbt_debug scheduled__2026-03-10T00:22:00+00:00 [queued]>
[2026-03-10T00:23:58.968+0000] {taskinstance.py:1956} INFO - Dependencies all met for dep_context=requeueable deps ti=<TaskInstance: run_dbt_models.dbt_debug scheduled__2026-03-10T00:22:00+00:00 [queued]>
[2026-03-10T00:23:58.969+0000] {taskinstance.py:2170} INFO - Starting attempt 1 of 2
[2026-03-10T00:23:58.985+0000] {taskinstance.py:2191} INFO - Executing <Task(BashOperator): dbt_debug> on 2026-03-10 00:22:00+00:00
[2026-03-10T00:23:58.998+0000] {standard_task_runner.py:60} INFO - Started process 1780 to run task
[2026-03-10T00:23:59.002+0000] {standard_task_runner.py:87} INFO - Running: ['airflow', 'tasks', 'run', 'run_dbt_models', 'dbt_debug', 'scheduled__2026-03-10T00:22:00+00:00', '--job-id', '136', '--raw', '--subdir', 'DAGS_FOLDER/dbt_orchestrator.py', '--cfg-path', '/tmp/tmpzi6neqkm']
[2026-03-10T00:23:59.004+0000] {standard_task_runner.py:88} INFO - Job 136: Subtask dbt_debug
[2026-03-10T00:23:59.078+0000] {task_command.py:423} INFO - Running <TaskInstance: run_dbt_models.dbt_debug scheduled__2026-03-10T00:22:00+00:00 [running]> on host 9410d24c9fb2
[2026-03-10T00:23:59.222+0000] {taskinstance.py:2480} INFO - Exporting env vars: AIRFLOW_CTX_DAG_OWNER='data_engineer' AIRFLOW_CTX_DAG_ID='run_dbt_models' AIRFLOW_CTX_TASK_ID='dbt_debug' AIRFLOW_CTX_EXECUTION_DATE='2026-03-10T00:22:00+00:00' AIRFLOW_CTX_TRY_NUMBER='1' AIRFLOW_CTX_DAG_RUN_ID='scheduled__2026-03-10T00:22:00+00:00'
[2026-03-10T00:23:59.226+0000] {subprocess.py:63} INFO - Tmp dir root location: /tmp
[2026-03-10T00:23:59.227+0000] {subprocess.py:75} INFO - Running command: ['/usr/bin/bash', '-c', 'cd /opt/airflow/dbt_project && dbt debug --profiles-dir .']
[2026-03-10T00:23:59.253+0000] {subprocess.py:86} INFO - Output:
[2026-03-10T00:24:01.011+0000] {subprocess.py:93} INFO - [0m00:24:01  Running with dbt=1.9.0-b2
[2026-03-10T00:24:01.026+0000] {subprocess.py:93} INFO - [0m00:24:01  dbt version: 1.9.0-b2
[2026-03-10T00:24:01.026+0000] {subprocess.py:93} INFO - [0m00:24:01  python version: 3.8.18
[2026-03-10T00:24:01.027+0000] {subprocess.py:93} INFO - [0m00:24:01  python path: /usr/local/bin/python
[2026-03-10T00:24:01.027+0000] {subprocess.py:93} INFO - [0m00:24:01  os info: Linux-6.12.73-1-MANJARO-x86_64-with-glibc2.34
[2026-03-10T00:24:01.089+0000] {subprocess.py:93} INFO - [0m00:24:01  Using profiles dir at .
[2026-03-10T00:24:01.090+0000] {subprocess.py:93} INFO - [0m00:24:01  Using profiles.yml file at ./profiles.yml
[2026-03-10T00:24:01.090+0000] {subprocess.py:93} INFO - [0m00:24:01  Using dbt_project.yml file at /opt/airflow/dbt_project/dbt_project.yml
[2026-03-10T00:24:01.091+0000] {subprocess.py:93} INFO - [0m00:24:01  adapter type: postgres
[2026-03-10T00:24:01.091+0000] {subprocess.py:93} INFO - [0m00:24:01  adapter version: 1.8.2
[2026-03-10T00:24:01.190+0000] {subprocess.py:93} INFO - [0m00:24:01  Configuration:
[2026-03-10T00:24:01.190+0000] {subprocess.py:93} INFO - [0m00:24:01    profiles.yml file [[32mOK found and valid[0m]
[2026-03-10T00:24:01.190+0000] {subprocess.py:93} INFO - [0m00:24:01    dbt_project.yml file [[32mOK found and valid[0m]
[2026-03-10T00:24:01.191+0000] {subprocess.py:93} INFO - [0m00:24:01  Required dependencies:
[2026-03-10T00:24:01.208+0000] {subprocess.py:93} INFO - [0m00:24:01   - git [[32mOK found[0m]
[2026-03-10T00:24:01.208+0000] {subprocess.py:93} INFO - 
[2026-03-10T00:24:01.209+0000] {subprocess.py:93} INFO - [0m00:24:01  Connection:
[2026-03-10T00:24:01.209+0000] {subprocess.py:93} INFO - [0m00:24:01    host: postgres_dw
[2026-03-10T00:24:01.209+0000] {subprocess.py:93} INFO - [0m00:24:01    port: 5432
[2026-03-10T00:24:01.210+0000] {subprocess.py:93} INFO - [0m00:24:01    user: admin
[2026-03-10T00:24:01.210+0000] {subprocess.py:93} INFO - [0m00:24:01    database: datawarehouse
[2026-03-10T00:24:01.210+0000] {subprocess.py:93} INFO - [0m00:24:01    schema: analytics
[2026-03-10T00:24:01.210+0000] {subprocess.py:93} INFO - [0m00:24:01    connect_timeout: 10
[2026-03-10T00:24:01.210+0000] {subprocess.py:93} INFO - [0m00:24:01    role: None
[2026-03-10T00:24:01.211+0000] {subprocess.py:93} INFO - [0m00:24:01    search_path: None
[2026-03-10T00:24:01.211+0000] {subprocess.py:93} INFO - [0m00:24:01    keepalives_idle: 0
[2026-03-10T00:24:01.211+0000] {subprocess.py:93} INFO - [0m00:24:01    sslmode: None
[2026-03-10T00:24:01.212+0000] {subprocess.py:93} INFO - [0m00:24:01    sslcert: None
[2026-03-10T00:24:01.212+0000] {subprocess.py:93} INFO - [0m00:24:01    sslkey: None
[2026-03-10T00:24:01.212+0000] {subprocess.py:93} INFO - [0m00:24:01    sslrootcert: None
[2026-03-10T00:24:01.213+0000] {subprocess.py:93} INFO - [0m00:24:01    application_name: dbt
[2026-03-10T00:24:01.213+0000] {subprocess.py:93} INFO - [0m00:24:01    retries: 1
[2026-03-10T00:24:01.214+0000] {subprocess.py:93} INFO - [0m00:24:01  Registered adapter: postgres=1.8.2
[2026-03-10T00:24:01.280+0000] {subprocess.py:93} INFO - [0m00:24:01    Connection test: [[32mOK connection ok[0m]
[2026-03-10T00:24:01.281+0000] {subprocess.py:93} INFO - 
[2026-03-10T00:24:01.281+0000] {subprocess.py:93} INFO - [0m00:24:01  [32mAll checks passed![0m
[2026-03-10T00:24:01.512+0000] {subprocess.py:97} INFO - Command exited with return code 0
[2026-03-10T00:24:01.542+0000] {taskinstance.py:1138} INFO - Marking task as SUCCESS. dag_id=run_dbt_models, task_id=dbt_debug, execution_date=20260310T002200, start_date=20260310T002358, end_date=20260310T002401
[2026-03-10T00:24:01.587+0000] {local_task_job_runner.py:234} INFO - Task exited with return code 0
[2026-03-10T00:24:01.610+0000] {taskinstance.py:3280} INFO - 1 downstream tasks scheduled from follow-on schedule check
