[2026-03-09T17:30:11.663+0000] {taskinstance.py:1956} INFO - Dependencies all met for dep_context=non-requeueable deps ti=<TaskInstance: run_dbt_models.dbt_run scheduled__2026-03-09T17:15:00+00:00 [queued]>
[2026-03-09T17:30:11.672+0000] {taskinstance.py:1956} INFO - Dependencies all met for dep_context=requeueable deps ti=<TaskInstance: run_dbt_models.dbt_run scheduled__2026-03-09T17:15:00+00:00 [queued]>
[2026-03-09T17:30:11.673+0000] {taskinstance.py:2170} INFO - Starting attempt 2 of 2
[2026-03-09T17:30:11.686+0000] {taskinstance.py:2191} INFO - Executing <Task(BashOperator): dbt_run> on 2026-03-09 17:15:00+00:00
[2026-03-09T17:30:11.693+0000] {standard_task_runner.py:60} INFO - Started process 437 to run task
[2026-03-09T17:30:11.697+0000] {standard_task_runner.py:87} INFO - Running: ['airflow', 'tasks', 'run', 'run_dbt_models', 'dbt_run', 'scheduled__2026-03-09T17:15:00+00:00', '--job-id', '63', '--raw', '--subdir', 'DAGS_FOLDER/dbt_orchestrator.py', '--cfg-path', '/tmp/tmpfz_x_67j']
[2026-03-09T17:30:11.699+0000] {standard_task_runner.py:88} INFO - Job 63: Subtask dbt_run
[2026-03-09T17:30:11.751+0000] {task_command.py:423} INFO - Running <TaskInstance: run_dbt_models.dbt_run scheduled__2026-03-09T17:15:00+00:00 [running]> on host 9410d24c9fb2
[2026-03-09T17:30:11.835+0000] {taskinstance.py:2480} INFO - Exporting env vars: AIRFLOW_CTX_DAG_OWNER='data_engineer' AIRFLOW_CTX_DAG_ID='run_dbt_models' AIRFLOW_CTX_TASK_ID='dbt_run' AIRFLOW_CTX_EXECUTION_DATE='2026-03-09T17:15:00+00:00' AIRFLOW_CTX_TRY_NUMBER='2' AIRFLOW_CTX_DAG_RUN_ID='scheduled__2026-03-09T17:15:00+00:00'
[2026-03-09T17:30:11.837+0000] {subprocess.py:63} INFO - Tmp dir root location: /tmp
[2026-03-09T17:30:11.837+0000] {subprocess.py:75} INFO - Running command: ['/usr/bin/bash', '-c', 'cd /opt/airflow/dbt_project && dbt run --profiles-dir .']
[2026-03-09T17:30:11.853+0000] {subprocess.py:86} INFO - Output:
[2026-03-09T17:30:13.132+0000] {subprocess.py:93} INFO - [0m17:30:13  Running with dbt=1.9.0-b2
[2026-03-09T17:30:13.353+0000] {subprocess.py:93} INFO - [0m17:30:13  Registered adapter: postgres=1.8.2
[2026-03-09T17:30:13.661+0000] {subprocess.py:93} INFO - [0m17:30:13  Found 2 models, 4 data tests, 423 macros
[2026-03-09T17:30:13.663+0000] {subprocess.py:93} INFO - [0m17:30:13
[2026-03-09T17:30:13.664+0000] {subprocess.py:93} INFO - [0m17:30:13  Concurrency: 1 threads (target='dev')
[2026-03-09T17:30:13.664+0000] {subprocess.py:93} INFO - [0m17:30:13
[2026-03-09T17:30:13.789+0000] {subprocess.py:93} INFO - [0m17:30:13  1 of 2 START sql table model analytics.my_first_dbt_model ...................... [RUN]
[2026-03-09T17:30:13.911+0000] {subprocess.py:93} INFO - [0m17:30:13  1 of 2 OK created sql table model analytics.my_first_dbt_model ................. [[32mSELECT 2[0m in 0.12s]
[2026-03-09T17:30:13.914+0000] {subprocess.py:93} INFO - [0m17:30:13  2 of 2 START sql view model analytics.my_second_dbt_model ...................... [RUN]
[2026-03-09T17:30:13.971+0000] {subprocess.py:93} INFO - [0m17:30:13  2 of 2 OK created sql view model analytics.my_second_dbt_model ................. [[32mCREATE VIEW[0m in 0.06s]
[2026-03-09T17:30:13.984+0000] {subprocess.py:93} INFO - [0m17:30:13
[2026-03-09T17:30:13.985+0000] {subprocess.py:93} INFO - [0m17:30:13  Finished running 1 table model, 1 view model in 0 hours 0 minutes and 0.32 seconds (0.32s).
[2026-03-09T17:30:14.016+0000] {subprocess.py:93} INFO - [0m17:30:14
[2026-03-09T17:30:14.016+0000] {subprocess.py:93} INFO - [0m17:30:14  [32mCompleted successfully[0m
[2026-03-09T17:30:14.017+0000] {subprocess.py:93} INFO - [0m17:30:14
[2026-03-09T17:30:14.017+0000] {subprocess.py:93} INFO - [0m17:30:14  Done. PASS=2 WARN=0 ERROR=0 SKIP=0 TOTAL=2
[2026-03-09T17:30:14.663+0000] {subprocess.py:97} INFO - Command exited with return code 0
[2026-03-09T17:30:14.698+0000] {taskinstance.py:1138} INFO - Marking task as SUCCESS. dag_id=run_dbt_models, task_id=dbt_run, execution_date=20260309T171500, start_date=20260309T173011, end_date=20260309T173014
[2026-03-09T17:30:14.721+0000] {local_task_job_runner.py:234} INFO - Task exited with return code 0
[2026-03-09T17:30:14.740+0000] {taskinstance.py:3280} INFO - 0 downstream tasks scheduled from follow-on schedule check
