[2026-03-09T16:40:02.091+0000] {taskinstance.py:1956} INFO - Dependencies all met for dep_context=non-requeueable deps ti=<TaskInstance: run_dbt_models.dbt_debug scheduled__2026-03-09T16:30:00+00:00 [queued]>
[2026-03-09T16:40:02.098+0000] {taskinstance.py:1956} INFO - Dependencies all met for dep_context=requeueable deps ti=<TaskInstance: run_dbt_models.dbt_debug scheduled__2026-03-09T16:30:00+00:00 [queued]>
[2026-03-09T16:40:02.098+0000] {taskinstance.py:2170} INFO - Starting attempt 2 of 2
[2026-03-09T16:40:02.110+0000] {taskinstance.py:2191} INFO - Executing <Task(BashOperator): dbt_debug> on 2026-03-09 16:30:00+00:00
[2026-03-09T16:40:02.117+0000] {standard_task_runner.py:60} INFO - Started process 421 to run task
[2026-03-09T16:40:02.119+0000] {standard_task_runner.py:87} INFO - Running: ['airflow', 'tasks', 'run', 'run_dbt_models', 'dbt_debug', 'scheduled__2026-03-09T16:30:00+00:00', '--job-id', '13', '--raw', '--subdir', 'DAGS_FOLDER/dbt_orchestrator.py', '--cfg-path', '/tmp/tmph4vixtdt']
[2026-03-09T16:40:02.121+0000] {standard_task_runner.py:88} INFO - Job 13: Subtask dbt_debug
[2026-03-09T16:40:02.174+0000] {task_command.py:423} INFO - Running <TaskInstance: run_dbt_models.dbt_debug scheduled__2026-03-09T16:30:00+00:00 [running]> on host 5a190523e494
[2026-03-09T16:40:02.251+0000] {taskinstance.py:2480} INFO - Exporting env vars: AIRFLOW_CTX_DAG_OWNER='data_engineer' AIRFLOW_CTX_DAG_ID='run_dbt_models' AIRFLOW_CTX_TASK_ID='dbt_debug' AIRFLOW_CTX_EXECUTION_DATE='2026-03-09T16:30:00+00:00' AIRFLOW_CTX_TRY_NUMBER='2' AIRFLOW_CTX_DAG_RUN_ID='scheduled__2026-03-09T16:30:00+00:00'
[2026-03-09T16:40:02.252+0000] {subprocess.py:63} INFO - Tmp dir root location: /tmp
[2026-03-09T16:40:02.252+0000] {subprocess.py:75} INFO - Running command: ['/usr/bin/bash', '-c', 'cd /opt/airflow/dbt_project && dbt debug']
[2026-03-09T16:40:02.266+0000] {subprocess.py:86} INFO - Output:
[2026-03-09T16:40:02.268+0000] {subprocess.py:93} INFO - /usr/bin/bash: line 1: dbt: command not found
[2026-03-09T16:40:02.268+0000] {subprocess.py:97} INFO - Command exited with return code 127
[2026-03-09T16:40:02.282+0000] {taskinstance.py:2698} ERROR - Task failed with exception
Traceback (most recent call last):
  File "/home/airflow/.local/lib/python3.8/site-packages/airflow/models/taskinstance.py", line 433, in _execute_task
    result = execute_callable(context=context, **execute_callable_kwargs)
  File "/home/airflow/.local/lib/python3.8/site-packages/airflow/operators/bash.py", line 212, in execute
    raise AirflowException(
airflow.exceptions.AirflowException: Bash command failed. The command returned a non-zero exit code 127.
[2026-03-09T16:40:02.285+0000] {taskinstance.py:1138} INFO - Marking task as FAILED. dag_id=run_dbt_models, task_id=dbt_debug, execution_date=20260309T163000, start_date=20260309T164002, end_date=20260309T164002
[2026-03-09T16:40:02.297+0000] {standard_task_runner.py:107} ERROR - Failed to execute job 13 for task dbt_debug (Bash command failed. The command returned a non-zero exit code 127.; 421)
[2026-03-09T16:40:02.332+0000] {local_task_job_runner.py:234} INFO - Task exited with return code 1
[2026-03-09T16:40:02.356+0000] {taskinstance.py:3280} INFO - 0 downstream tasks scheduled from follow-on schedule check
