[2026-03-09T19:16:00.477+0000] {taskinstance.py:1956} INFO - Dependencies all met for dep_context=non-requeueable deps ti=<TaskInstance: run_dbt_models.dbt_debug scheduled__2026-03-09T19:15:00+00:00 [queued]>
[2026-03-09T19:16:00.489+0000] {taskinstance.py:1956} INFO - Dependencies all met for dep_context=requeueable deps ti=<TaskInstance: run_dbt_models.dbt_debug scheduled__2026-03-09T19:15:00+00:00 [queued]>
[2026-03-09T19:16:00.489+0000] {taskinstance.py:2170} INFO - Starting attempt 1 of 2
[2026-03-09T19:16:00.505+0000] {taskinstance.py:2191} INFO - Executing <Task(BashOperator): dbt_debug> on 2026-03-09 19:15:00+00:00
[2026-03-09T19:16:00.515+0000] {standard_task_runner.py:60} INFO - Started process 1724 to run task
[2026-03-09T19:16:00.518+0000] {standard_task_runner.py:87} INFO - Running: ['airflow', 'tasks', 'run', 'run_dbt_models', 'dbt_debug', 'scheduled__2026-03-09T19:15:00+00:00', '--job-id', '132', '--raw', '--subdir', 'DAGS_FOLDER/dbt_orchestrator.py', '--cfg-path', '/tmp/tmpihn6g2ik']
[2026-03-09T19:16:00.520+0000] {standard_task_runner.py:88} INFO - Job 132: Subtask dbt_debug
[2026-03-09T19:16:00.588+0000] {task_command.py:423} INFO - Running <TaskInstance: run_dbt_models.dbt_debug scheduled__2026-03-09T19:15:00+00:00 [running]> on host 9410d24c9fb2
[2026-03-09T19:16:00.694+0000] {taskinstance.py:2480} INFO - Exporting env vars: AIRFLOW_CTX_DAG_OWNER='data_engineer' AIRFLOW_CTX_DAG_ID='run_dbt_models' AIRFLOW_CTX_TASK_ID='dbt_debug' AIRFLOW_CTX_EXECUTION_DATE='2026-03-09T19:15:00+00:00' AIRFLOW_CTX_TRY_NUMBER='1' AIRFLOW_CTX_DAG_RUN_ID='scheduled__2026-03-09T19:15:00+00:00'
[2026-03-09T19:16:00.696+0000] {subprocess.py:63} INFO - Tmp dir root location: /tmp
[2026-03-09T19:16:00.697+0000] {subprocess.py:75} INFO - Running command: ['/usr/bin/bash', '-c', 'cd /opt/airflow/dbt_project && dbt debug --profiles-dir .']
[2026-03-09T19:16:00.715+0000] {subprocess.py:86} INFO - Output:
[2026-03-09T19:16:02.047+0000] {subprocess.py:93} INFO - [0m19:16:02  Running with dbt=1.9.0-b2
[2026-03-09T19:16:02.055+0000] {subprocess.py:93} INFO - [0m19:16:02  dbt version: 1.9.0-b2
[2026-03-09T19:16:02.055+0000] {subprocess.py:93} INFO - [0m19:16:02  python version: 3.8.18
[2026-03-09T19:16:02.056+0000] {subprocess.py:93} INFO - [0m19:16:02  python path: /usr/local/bin/python
[2026-03-09T19:16:02.056+0000] {subprocess.py:93} INFO - [0m19:16:02  os info: Linux-6.12.73-1-MANJARO-x86_64-with-glibc2.34
[2026-03-09T19:16:02.102+0000] {subprocess.py:93} INFO - [0m19:16:02  Using profiles dir at .
[2026-03-09T19:16:02.103+0000] {subprocess.py:93} INFO - [0m19:16:02  Using profiles.yml file at ./profiles.yml
[2026-03-09T19:16:02.103+0000] {subprocess.py:93} INFO - [0m19:16:02  Using dbt_project.yml file at /opt/airflow/dbt_project/dbt_project.yml
[2026-03-09T19:16:02.104+0000] {subprocess.py:93} INFO - [0m19:16:02  adapter type: postgres
[2026-03-09T19:16:02.104+0000] {subprocess.py:93} INFO - [0m19:16:02  adapter version: 1.8.2
[2026-03-09T19:16:02.207+0000] {subprocess.py:93} INFO - [0m19:16:02  Configuration:
[2026-03-09T19:16:02.207+0000] {subprocess.py:93} INFO - [0m19:16:02    profiles.yml file [[32mOK found and valid[0m]
[2026-03-09T19:16:02.208+0000] {subprocess.py:93} INFO - [0m19:16:02    dbt_project.yml file [[32mOK found and valid[0m]
[2026-03-09T19:16:02.208+0000] {subprocess.py:93} INFO - [0m19:16:02  Required dependencies:
[2026-03-09T19:16:02.220+0000] {subprocess.py:93} INFO - [0m19:16:02   - git [[32mOK found[0m]
[2026-03-09T19:16:02.220+0000] {subprocess.py:93} INFO - 
[2026-03-09T19:16:02.220+0000] {subprocess.py:93} INFO - [0m19:16:02  Connection:
[2026-03-09T19:16:02.221+0000] {subprocess.py:93} INFO - [0m19:16:02    host: postgres_dw
[2026-03-09T19:16:02.221+0000] {subprocess.py:93} INFO - [0m19:16:02    port: 5432
[2026-03-09T19:16:02.221+0000] {subprocess.py:93} INFO - [0m19:16:02    user: admin
[2026-03-09T19:16:02.222+0000] {subprocess.py:93} INFO - [0m19:16:02    database: datawarehouse
[2026-03-09T19:16:02.222+0000] {subprocess.py:93} INFO - [0m19:16:02    schema: analytics
[2026-03-09T19:16:02.222+0000] {subprocess.py:93} INFO - [0m19:16:02    connect_timeout: 10
[2026-03-09T19:16:02.223+0000] {subprocess.py:93} INFO - [0m19:16:02    role: None
[2026-03-09T19:16:02.223+0000] {subprocess.py:93} INFO - [0m19:16:02    search_path: None
[2026-03-09T19:16:02.223+0000] {subprocess.py:93} INFO - [0m19:16:02    keepalives_idle: 0
[2026-03-09T19:16:02.223+0000] {subprocess.py:93} INFO - [0m19:16:02    sslmode: None
[2026-03-09T19:16:02.224+0000] {subprocess.py:93} INFO - [0m19:16:02    sslcert: None
[2026-03-09T19:16:02.224+0000] {subprocess.py:93} INFO - [0m19:16:02    sslkey: None
[2026-03-09T19:16:02.224+0000] {subprocess.py:93} INFO - [0m19:16:02    sslrootcert: None
[2026-03-09T19:16:02.225+0000] {subprocess.py:93} INFO - [0m19:16:02    application_name: dbt
[2026-03-09T19:16:02.225+0000] {subprocess.py:93} INFO - [0m19:16:02    retries: 1
[2026-03-09T19:16:02.226+0000] {subprocess.py:93} INFO - [0m19:16:02  Registered adapter: postgres=1.8.2
[2026-03-09T19:16:02.270+0000] {subprocess.py:93} INFO - [0m19:16:02    Connection test: [[32mOK connection ok[0m]
[2026-03-09T19:16:02.271+0000] {subprocess.py:93} INFO - 
[2026-03-09T19:16:02.271+0000] {subprocess.py:93} INFO - [0m19:16:02  [32mAll checks passed![0m
[2026-03-09T19:16:03.338+0000] {subprocess.py:97} INFO - Command exited with return code 0
[2026-03-09T19:16:03.380+0000] {taskinstance.py:1138} INFO - Marking task as SUCCESS. dag_id=run_dbt_models, task_id=dbt_debug, execution_date=20260309T191500, start_date=20260309T191600, end_date=20260309T191603
[2026-03-09T19:16:03.425+0000] {local_task_job_runner.py:234} INFO - Task exited with return code 0
[2026-03-09T19:16:03.455+0000] {taskinstance.py:3280} INFO - 1 downstream tasks scheduled from follow-on schedule check
