[2026-03-09T17:27:25.834+0000] {taskinstance.py:1956} INFO - Dependencies all met for dep_context=non-requeueable deps ti=<TaskInstance: run_dbt_models.dbt_run manual__2026-03-09T17:23:48.798856+00:00 [queued]>
[2026-03-09T17:27:25.842+0000] {taskinstance.py:1956} INFO - Dependencies all met for dep_context=requeueable deps ti=<TaskInstance: run_dbt_models.dbt_run manual__2026-03-09T17:23:48.798856+00:00 [queued]>
[2026-03-09T17:27:25.842+0000] {taskinstance.py:2170} INFO - Starting attempt 2 of 3
[2026-03-09T17:27:25.857+0000] {taskinstance.py:2191} INFO - Executing <Task(BashOperator): dbt_run> on 2026-03-09 17:23:48.798856+00:00
[2026-03-09T17:27:25.864+0000] {standard_task_runner.py:60} INFO - Started process 329 to run task
[2026-03-09T17:27:25.867+0000] {standard_task_runner.py:87} INFO - Running: ['airflow', 'tasks', 'run', 'run_dbt_models', 'dbt_run', 'manual__2026-03-09T17:23:48.798856+00:00', '--job-id', '56', '--raw', '--subdir', 'DAGS_FOLDER/dbt_orchestrator.py', '--cfg-path', '/tmp/tmp5d5kkxm3']
[2026-03-09T17:27:25.868+0000] {standard_task_runner.py:88} INFO - Job 56: Subtask dbt_run
[2026-03-09T17:27:25.918+0000] {task_command.py:423} INFO - Running <TaskInstance: run_dbt_models.dbt_run manual__2026-03-09T17:23:48.798856+00:00 [running]> on host 9410d24c9fb2
[2026-03-09T17:27:25.997+0000] {taskinstance.py:2480} INFO - Exporting env vars: AIRFLOW_CTX_DAG_OWNER='data_engineer' AIRFLOW_CTX_DAG_ID='run_dbt_models' AIRFLOW_CTX_TASK_ID='dbt_run' AIRFLOW_CTX_EXECUTION_DATE='2026-03-09T17:23:48.798856+00:00' AIRFLOW_CTX_TRY_NUMBER='2' AIRFLOW_CTX_DAG_RUN_ID='manual__2026-03-09T17:23:48.798856+00:00'
[2026-03-09T17:27:25.998+0000] {subprocess.py:63} INFO - Tmp dir root location: /tmp
[2026-03-09T17:27:25.999+0000] {subprocess.py:75} INFO - Running command: ['/usr/bin/bash', '-c', 'cd /opt/airflow/dbt_project && dbt run --profiles-dir .']
[2026-03-09T17:27:26.012+0000] {subprocess.py:86} INFO - Output:
[2026-03-09T17:27:27.312+0000] {subprocess.py:93} INFO - [0m17:27:27  Running with dbt=1.9.0-b2
[2026-03-09T17:27:27.555+0000] {subprocess.py:93} INFO - [0m17:27:27  Registered adapter: postgres=1.8.2
[2026-03-09T17:27:27.572+0000] {subprocess.py:93} INFO - [0m17:27:27  Unable to do partial parsing because saved manifest not found. Starting full parse.
[2026-03-09T17:27:29.075+0000] {subprocess.py:93} INFO - [0m17:27:29  Found 2 models, 4 data tests, 423 macros
[2026-03-09T17:27:29.077+0000] {subprocess.py:93} INFO - [0m17:27:29
[2026-03-09T17:27:29.077+0000] {subprocess.py:93} INFO - [0m17:27:29  Concurrency: 1 threads (target='dev')
[2026-03-09T17:27:29.078+0000] {subprocess.py:93} INFO - [0m17:27:29
[2026-03-09T17:27:29.233+0000] {subprocess.py:93} INFO - [0m17:27:29  1 of 2 START sql table model analytics.my_first_dbt_model ...................... [RUN]
[2026-03-09T17:27:29.348+0000] {subprocess.py:93} INFO - [0m17:27:29  1 of 2 OK created sql table model analytics.my_first_dbt_model ................. [[32mSELECT 2[0m in 0.11s]
[2026-03-09T17:27:29.351+0000] {subprocess.py:93} INFO - [0m17:27:29  2 of 2 START sql view model analytics.my_second_dbt_model ...................... [RUN]
[2026-03-09T17:27:29.408+0000] {subprocess.py:93} INFO - [0m17:27:29  2 of 2 OK created sql view model analytics.my_second_dbt_model ................. [[32mCREATE VIEW[0m in 0.06s]
[2026-03-09T17:27:29.421+0000] {subprocess.py:93} INFO - [0m17:27:29
[2026-03-09T17:27:29.421+0000] {subprocess.py:93} INFO - [0m17:27:29  Finished running 1 table model, 1 view model in 0 hours 0 minutes and 0.34 seconds (0.34s).
[2026-03-09T17:27:29.453+0000] {subprocess.py:93} INFO - [0m17:27:29
[2026-03-09T17:27:29.453+0000] {subprocess.py:93} INFO - [0m17:27:29  [32mCompleted successfully[0m
[2026-03-09T17:27:29.454+0000] {subprocess.py:93} INFO - [0m17:27:29
[2026-03-09T17:27:29.454+0000] {subprocess.py:93} INFO - [0m17:27:29  Done. PASS=2 WARN=0 ERROR=0 SKIP=0 TOTAL=2
[2026-03-09T17:27:30.157+0000] {subprocess.py:97} INFO - Command exited with return code 0
[2026-03-09T17:27:30.187+0000] {taskinstance.py:1138} INFO - Marking task as SUCCESS. dag_id=run_dbt_models, task_id=dbt_run, execution_date=20260309T172348, start_date=20260309T172725, end_date=20260309T172730
[2026-03-09T17:27:30.216+0000] {local_task_job_runner.py:234} INFO - Task exited with return code 0
[2026-03-09T17:27:30.235+0000] {taskinstance.py:3280} INFO - 0 downstream tasks scheduled from follow-on schedule check
