[2026-03-09T19:11:01.244+0000] {taskinstance.py:1956} INFO - Dependencies all met for dep_context=non-requeueable deps ti=<TaskInstance: run_dbt_models.dbt_debug scheduled__2026-03-09T19:10:00+00:00 [queued]>
[2026-03-09T19:11:01.256+0000] {taskinstance.py:1956} INFO - Dependencies all met for dep_context=requeueable deps ti=<TaskInstance: run_dbt_models.dbt_debug scheduled__2026-03-09T19:10:00+00:00 [queued]>
[2026-03-09T19:11:01.256+0000] {taskinstance.py:2170} INFO - Starting attempt 1 of 2
[2026-03-09T19:11:01.269+0000] {taskinstance.py:2191} INFO - Executing <Task(BashOperator): dbt_debug> on 2026-03-09 19:10:00+00:00
[2026-03-09T19:11:01.276+0000] {standard_task_runner.py:60} INFO - Started process 1589 to run task
[2026-03-09T19:11:01.279+0000] {standard_task_runner.py:87} INFO - Running: ['airflow', 'tasks', 'run', 'run_dbt_models', 'dbt_debug', 'scheduled__2026-03-09T19:10:00+00:00', '--job-id', '122', '--raw', '--subdir', 'DAGS_FOLDER/dbt_orchestrator.py', '--cfg-path', '/tmp/tmpalbr_0r8']
[2026-03-09T19:11:01.281+0000] {standard_task_runner.py:88} INFO - Job 122: Subtask dbt_debug
[2026-03-09T19:11:01.333+0000] {task_command.py:423} INFO - Running <TaskInstance: run_dbt_models.dbt_debug scheduled__2026-03-09T19:10:00+00:00 [running]> on host 9410d24c9fb2
[2026-03-09T19:11:01.422+0000] {taskinstance.py:2480} INFO - Exporting env vars: AIRFLOW_CTX_DAG_OWNER='data_engineer' AIRFLOW_CTX_DAG_ID='run_dbt_models' AIRFLOW_CTX_TASK_ID='dbt_debug' AIRFLOW_CTX_EXECUTION_DATE='2026-03-09T19:10:00+00:00' AIRFLOW_CTX_TRY_NUMBER='1' AIRFLOW_CTX_DAG_RUN_ID='scheduled__2026-03-09T19:10:00+00:00'
[2026-03-09T19:11:01.423+0000] {subprocess.py:63} INFO - Tmp dir root location: /tmp
[2026-03-09T19:11:01.424+0000] {subprocess.py:75} INFO - Running command: ['/usr/bin/bash', '-c', 'cd /opt/airflow/dbt_project && dbt debug --profiles-dir .']
[2026-03-09T19:11:01.436+0000] {subprocess.py:86} INFO - Output:
[2026-03-09T19:11:02.711+0000] {subprocess.py:93} INFO - [0m19:11:02  Running with dbt=1.9.0-b2
[2026-03-09T19:11:02.718+0000] {subprocess.py:93} INFO - [0m19:11:02  dbt version: 1.9.0-b2
[2026-03-09T19:11:02.719+0000] {subprocess.py:93} INFO - [0m19:11:02  python version: 3.8.18
[2026-03-09T19:11:02.719+0000] {subprocess.py:93} INFO - [0m19:11:02  python path: /usr/local/bin/python
[2026-03-09T19:11:02.719+0000] {subprocess.py:93} INFO - [0m19:11:02  os info: Linux-6.12.73-1-MANJARO-x86_64-with-glibc2.34
[2026-03-09T19:11:02.765+0000] {subprocess.py:93} INFO - [0m19:11:02  Using profiles dir at .
[2026-03-09T19:11:02.766+0000] {subprocess.py:93} INFO - [0m19:11:02  Using profiles.yml file at ./profiles.yml
[2026-03-09T19:11:02.766+0000] {subprocess.py:93} INFO - [0m19:11:02  Using dbt_project.yml file at /opt/airflow/dbt_project/dbt_project.yml
[2026-03-09T19:11:02.766+0000] {subprocess.py:93} INFO - [0m19:11:02  adapter type: postgres
[2026-03-09T19:11:02.767+0000] {subprocess.py:93} INFO - [0m19:11:02  adapter version: 1.8.2
[2026-03-09T19:11:02.870+0000] {subprocess.py:93} INFO - [0m19:11:02  Configuration:
[2026-03-09T19:11:02.870+0000] {subprocess.py:93} INFO - [0m19:11:02    profiles.yml file [[32mOK found and valid[0m]
[2026-03-09T19:11:02.870+0000] {subprocess.py:93} INFO - [0m19:11:02    dbt_project.yml file [[32mOK found and valid[0m]
[2026-03-09T19:11:02.871+0000] {subprocess.py:93} INFO - [0m19:11:02  Required dependencies:
[2026-03-09T19:11:02.882+0000] {subprocess.py:93} INFO - [0m19:11:02   - git [[32mOK found[0m]
[2026-03-09T19:11:02.882+0000] {subprocess.py:93} INFO - 
[2026-03-09T19:11:02.883+0000] {subprocess.py:93} INFO - [0m19:11:02  Connection:
[2026-03-09T19:11:02.883+0000] {subprocess.py:93} INFO - [0m19:11:02    host: postgres_dw
[2026-03-09T19:11:02.883+0000] {subprocess.py:93} INFO - [0m19:11:02    port: 5432
[2026-03-09T19:11:02.883+0000] {subprocess.py:93} INFO - [0m19:11:02    user: admin
[2026-03-09T19:11:02.884+0000] {subprocess.py:93} INFO - [0m19:11:02    database: datawarehouse
[2026-03-09T19:11:02.884+0000] {subprocess.py:93} INFO - [0m19:11:02    schema: analytics
[2026-03-09T19:11:02.884+0000] {subprocess.py:93} INFO - [0m19:11:02    connect_timeout: 10
[2026-03-09T19:11:02.885+0000] {subprocess.py:93} INFO - [0m19:11:02    role: None
[2026-03-09T19:11:02.885+0000] {subprocess.py:93} INFO - [0m19:11:02    search_path: None
[2026-03-09T19:11:02.885+0000] {subprocess.py:93} INFO - [0m19:11:02    keepalives_idle: 0
[2026-03-09T19:11:02.886+0000] {subprocess.py:93} INFO - [0m19:11:02    sslmode: None
[2026-03-09T19:11:02.886+0000] {subprocess.py:93} INFO - [0m19:11:02    sslcert: None
[2026-03-09T19:11:02.886+0000] {subprocess.py:93} INFO - [0m19:11:02    sslkey: None
[2026-03-09T19:11:02.887+0000] {subprocess.py:93} INFO - [0m19:11:02    sslrootcert: None
[2026-03-09T19:11:02.887+0000] {subprocess.py:93} INFO - [0m19:11:02    application_name: dbt
[2026-03-09T19:11:02.887+0000] {subprocess.py:93} INFO - [0m19:11:02    retries: 1
[2026-03-09T19:11:02.888+0000] {subprocess.py:93} INFO - [0m19:11:02  Registered adapter: postgres=1.8.2
[2026-03-09T19:11:02.936+0000] {subprocess.py:93} INFO - [0m19:11:02    Connection test: [[32mOK connection ok[0m]
[2026-03-09T19:11:02.936+0000] {subprocess.py:93} INFO - 
[2026-03-09T19:11:02.936+0000] {subprocess.py:93} INFO - [0m19:11:02  [32mAll checks passed![0m
[2026-03-09T19:11:03.614+0000] {subprocess.py:97} INFO - Command exited with return code 0
[2026-03-09T19:11:03.652+0000] {taskinstance.py:1138} INFO - Marking task as SUCCESS. dag_id=run_dbt_models, task_id=dbt_debug, execution_date=20260309T191000, start_date=20260309T191101, end_date=20260309T191103
[2026-03-09T19:11:03.700+0000] {local_task_job_runner.py:234} INFO - Task exited with return code 0
[2026-03-09T19:11:03.726+0000] {taskinstance.py:3280} INFO - 1 downstream tasks scheduled from follow-on schedule check
