[2026-03-09T18:56:30.147+0000] {taskinstance.py:1956} INFO - Dependencies all met for dep_context=non-requeueable deps ti=<TaskInstance: run_dbt_models.dbt_debug manual__2026-03-09T18:56:29.850900+00:00 [queued]>
[2026-03-09T18:56:30.157+0000] {taskinstance.py:1956} INFO - Dependencies all met for dep_context=requeueable deps ti=<TaskInstance: run_dbt_models.dbt_debug manual__2026-03-09T18:56:29.850900+00:00 [queued]>
[2026-03-09T18:56:30.157+0000] {taskinstance.py:2170} INFO - Starting attempt 1 of 2
[2026-03-09T18:56:30.170+0000] {taskinstance.py:2191} INFO - Executing <Task(BashOperator): dbt_debug> on 2026-03-09 18:56:29.850900+00:00
[2026-03-09T18:56:30.178+0000] {standard_task_runner.py:60} INFO - Started process 1189 to run task
[2026-03-09T18:56:30.181+0000] {standard_task_runner.py:87} INFO - Running: ['airflow', 'tasks', 'run', 'run_dbt_models', 'dbt_debug', 'manual__2026-03-09T18:56:29.850900+00:00', '--job-id', '92', '--raw', '--subdir', 'DAGS_FOLDER/dbt_orchestrator.py', '--cfg-path', '/tmp/tmp78ivml7f']
[2026-03-09T18:56:30.183+0000] {standard_task_runner.py:88} INFO - Job 92: Subtask dbt_debug
[2026-03-09T18:56:30.240+0000] {task_command.py:423} INFO - Running <TaskInstance: run_dbt_models.dbt_debug manual__2026-03-09T18:56:29.850900+00:00 [running]> on host 9410d24c9fb2
[2026-03-09T18:56:30.333+0000] {taskinstance.py:2480} INFO - Exporting env vars: AIRFLOW_CTX_DAG_OWNER='data_engineer' AIRFLOW_CTX_DAG_ID='run_dbt_models' AIRFLOW_CTX_TASK_ID='dbt_debug' AIRFLOW_CTX_EXECUTION_DATE='2026-03-09T18:56:29.850900+00:00' AIRFLOW_CTX_TRY_NUMBER='1' AIRFLOW_CTX_DAG_RUN_ID='manual__2026-03-09T18:56:29.850900+00:00'
[2026-03-09T18:56:30.335+0000] {subprocess.py:63} INFO - Tmp dir root location: /tmp
[2026-03-09T18:56:30.336+0000] {subprocess.py:75} INFO - Running command: ['/usr/bin/bash', '-c', 'cd /opt/airflow/dbt_project && dbt debug --profiles-dir .']
[2026-03-09T18:56:30.350+0000] {subprocess.py:86} INFO - Output:
[2026-03-09T18:56:31.613+0000] {subprocess.py:93} INFO - [0m18:56:31  Running with dbt=1.9.0-b2
[2026-03-09T18:56:31.620+0000] {subprocess.py:93} INFO - [0m18:56:31  dbt version: 1.9.0-b2
[2026-03-09T18:56:31.621+0000] {subprocess.py:93} INFO - [0m18:56:31  python version: 3.8.18
[2026-03-09T18:56:31.621+0000] {subprocess.py:93} INFO - [0m18:56:31  python path: /usr/local/bin/python
[2026-03-09T18:56:31.621+0000] {subprocess.py:93} INFO - [0m18:56:31  os info: Linux-6.12.73-1-MANJARO-x86_64-with-glibc2.34
[2026-03-09T18:56:31.667+0000] {subprocess.py:93} INFO - [0m18:56:31  Using profiles dir at .
[2026-03-09T18:56:31.668+0000] {subprocess.py:93} INFO - [0m18:56:31  Using profiles.yml file at ./profiles.yml
[2026-03-09T18:56:31.668+0000] {subprocess.py:93} INFO - [0m18:56:31  Using dbt_project.yml file at /opt/airflow/dbt_project/dbt_project.yml
[2026-03-09T18:56:31.669+0000] {subprocess.py:93} INFO - [0m18:56:31  adapter type: postgres
[2026-03-09T18:56:31.669+0000] {subprocess.py:93} INFO - [0m18:56:31  adapter version: 1.8.2
[2026-03-09T18:56:31.768+0000] {subprocess.py:93} INFO - [0m18:56:31  Configuration:
[2026-03-09T18:56:31.768+0000] {subprocess.py:93} INFO - [0m18:56:31    profiles.yml file [[32mOK found and valid[0m]
[2026-03-09T18:56:31.769+0000] {subprocess.py:93} INFO - [0m18:56:31    dbt_project.yml file [[32mOK found and valid[0m]
[2026-03-09T18:56:31.769+0000] {subprocess.py:93} INFO - [0m18:56:31  Required dependencies:
[2026-03-09T18:56:31.779+0000] {subprocess.py:93} INFO - [0m18:56:31   - git [[32mOK found[0m]
[2026-03-09T18:56:31.779+0000] {subprocess.py:93} INFO - 
[2026-03-09T18:56:31.779+0000] {subprocess.py:93} INFO - [0m18:56:31  Connection:
[2026-03-09T18:56:31.780+0000] {subprocess.py:93} INFO - [0m18:56:31    host: postgres_dw
[2026-03-09T18:56:31.780+0000] {subprocess.py:93} INFO - [0m18:56:31    port: 5432
[2026-03-09T18:56:31.780+0000] {subprocess.py:93} INFO - [0m18:56:31    user: admin
[2026-03-09T18:56:31.780+0000] {subprocess.py:93} INFO - [0m18:56:31    database: datawarehouse
[2026-03-09T18:56:31.780+0000] {subprocess.py:93} INFO - [0m18:56:31    schema: analytics
[2026-03-09T18:56:31.781+0000] {subprocess.py:93} INFO - [0m18:56:31    connect_timeout: 10
[2026-03-09T18:56:31.781+0000] {subprocess.py:93} INFO - [0m18:56:31    role: None
[2026-03-09T18:56:31.781+0000] {subprocess.py:93} INFO - [0m18:56:31    search_path: None
[2026-03-09T18:56:31.782+0000] {subprocess.py:93} INFO - [0m18:56:31    keepalives_idle: 0
[2026-03-09T18:56:31.782+0000] {subprocess.py:93} INFO - [0m18:56:31    sslmode: None
[2026-03-09T18:56:31.783+0000] {subprocess.py:93} INFO - [0m18:56:31    sslcert: None
[2026-03-09T18:56:31.783+0000] {subprocess.py:93} INFO - [0m18:56:31    sslkey: None
[2026-03-09T18:56:31.784+0000] {subprocess.py:93} INFO - [0m18:56:31    sslrootcert: None
[2026-03-09T18:56:31.784+0000] {subprocess.py:93} INFO - [0m18:56:31    application_name: dbt
[2026-03-09T18:56:31.785+0000] {subprocess.py:93} INFO - [0m18:56:31    retries: 1
[2026-03-09T18:56:31.785+0000] {subprocess.py:93} INFO - [0m18:56:31  Registered adapter: postgres=1.8.2
[2026-03-09T18:56:31.834+0000] {subprocess.py:93} INFO - [0m18:56:31    Connection test: [[32mOK connection ok[0m]
[2026-03-09T18:56:31.834+0000] {subprocess.py:93} INFO - 
[2026-03-09T18:56:31.834+0000] {subprocess.py:93} INFO - [0m18:56:31  [32mAll checks passed![0m
[2026-03-09T18:56:32.784+0000] {subprocess.py:97} INFO - Command exited with return code 0
[2026-03-09T18:56:32.821+0000] {taskinstance.py:1138} INFO - Marking task as SUCCESS. dag_id=run_dbt_models, task_id=dbt_debug, execution_date=20260309T185629, start_date=20260309T185630, end_date=20260309T185632
[2026-03-09T18:56:32.843+0000] {local_task_job_runner.py:234} INFO - Task exited with return code 0
[2026-03-09T18:56:32.864+0000] {taskinstance.py:3280} INFO - 1 downstream tasks scheduled from follow-on schedule check
