[2026-03-09T16:33:41.105+0000] {taskinstance.py:1956} INFO - Dependencies all met for dep_context=non-requeueable deps ti=<TaskInstance: run_dbt_models.dbt_debug scheduled__2026-03-09T16:00:00+00:00 [queued]>
[2026-03-09T16:33:41.112+0000] {taskinstance.py:1956} INFO - Dependencies all met for dep_context=requeueable deps ti=<TaskInstance: run_dbt_models.dbt_debug scheduled__2026-03-09T16:00:00+00:00 [queued]>
[2026-03-09T16:33:41.113+0000] {taskinstance.py:2170} INFO - Starting attempt 2 of 2
[2026-03-09T16:33:41.126+0000] {taskinstance.py:2191} INFO - Executing <Task(BashOperator): dbt_debug> on 2026-03-09 16:00:00+00:00
[2026-03-09T16:33:41.133+0000] {standard_task_runner.py:60} INFO - Started process 343 to run task
[2026-03-09T16:33:41.137+0000] {standard_task_runner.py:87} INFO - Running: ['airflow', 'tasks', 'run', 'run_dbt_models', 'dbt_debug', 'scheduled__2026-03-09T16:00:00+00:00', '--job-id', '7', '--raw', '--subdir', 'DAGS_FOLDER/dbt_orchestrator.py', '--cfg-path', '/tmp/tmpw_scsna8']
[2026-03-09T16:33:41.138+0000] {standard_task_runner.py:88} INFO - Job 7: Subtask dbt_debug
[2026-03-09T16:33:41.184+0000] {task_command.py:423} INFO - Running <TaskInstance: run_dbt_models.dbt_debug scheduled__2026-03-09T16:00:00+00:00 [running]> on host 5a190523e494
[2026-03-09T16:33:41.260+0000] {taskinstance.py:2480} INFO - Exporting env vars: AIRFLOW_CTX_DAG_OWNER='data_engineer' AIRFLOW_CTX_DAG_ID='run_dbt_models' AIRFLOW_CTX_TASK_ID='dbt_debug' AIRFLOW_CTX_EXECUTION_DATE='2026-03-09T16:00:00+00:00' AIRFLOW_CTX_TRY_NUMBER='2' AIRFLOW_CTX_DAG_RUN_ID='scheduled__2026-03-09T16:00:00+00:00'
[2026-03-09T16:33:41.261+0000] {subprocess.py:63} INFO - Tmp dir root location: /tmp
[2026-03-09T16:33:41.262+0000] {subprocess.py:75} INFO - Running command: ['/usr/bin/bash', '-c', 'cd /opt/airflow/dbt_project && dbt debug']
[2026-03-09T16:33:41.275+0000] {subprocess.py:86} INFO - Output:
[2026-03-09T16:33:41.280+0000] {subprocess.py:93} INFO - /usr/bin/bash: line 1: dbt: command not found
[2026-03-09T16:33:41.280+0000] {subprocess.py:97} INFO - Command exited with return code 127
[2026-03-09T16:33:41.292+0000] {taskinstance.py:2698} ERROR - Task failed with exception
Traceback (most recent call last):
  File "/home/airflow/.local/lib/python3.8/site-packages/airflow/models/taskinstance.py", line 433, in _execute_task
    result = execute_callable(context=context, **execute_callable_kwargs)
  File "/home/airflow/.local/lib/python3.8/site-packages/airflow/operators/bash.py", line 212, in execute
    raise AirflowException(
airflow.exceptions.AirflowException: Bash command failed. The command returned a non-zero exit code 127.
[2026-03-09T16:33:41.295+0000] {taskinstance.py:1138} INFO - Marking task as FAILED. dag_id=run_dbt_models, task_id=dbt_debug, execution_date=20260309T160000, start_date=20260309T163341, end_date=20260309T163341
[2026-03-09T16:33:41.307+0000] {standard_task_runner.py:107} ERROR - Failed to execute job 7 for task dbt_debug (Bash command failed. The command returned a non-zero exit code 127.; 343)
[2026-03-09T16:33:41.349+0000] {local_task_job_runner.py:234} INFO - Task exited with return code 1
[2026-03-09T16:33:41.371+0000] {taskinstance.py:3280} INFO - 0 downstream tasks scheduled from follow-on schedule check
