[2026-03-10T00:35:11.876+0000] {taskinstance.py:1956} INFO - Dependencies all met for dep_context=non-requeueable deps ti=<TaskInstance: run_dbt_models.dbt_run scheduled__2026-03-10T00:34:00+00:00 [queued]>
[2026-03-10T00:35:11.885+0000] {taskinstance.py:1956} INFO - Dependencies all met for dep_context=requeueable deps ti=<TaskInstance: run_dbt_models.dbt_run scheduled__2026-03-10T00:34:00+00:00 [queued]>
[2026-03-10T00:35:11.886+0000] {taskinstance.py:2170} INFO - Starting attempt 1 of 2
[2026-03-10T00:35:11.898+0000] {taskinstance.py:2191} INFO - Executing <Task(BashOperator): dbt_run> on 2026-03-10 00:34:00+00:00
[2026-03-10T00:35:11.906+0000] {standard_task_runner.py:60} INFO - Started process 2060 to run task
[2026-03-10T00:35:11.908+0000] {standard_task_runner.py:87} INFO - Running: ['airflow', 'tasks', 'run', 'run_dbt_models', 'dbt_run', 'scheduled__2026-03-10T00:34:00+00:00', '--job-id', '159', '--raw', '--subdir', 'DAGS_FOLDER/dbt_orchestrator.py', '--cfg-path', '/tmp/tmpdtrufvmr']
[2026-03-10T00:35:11.910+0000] {standard_task_runner.py:88} INFO - Job 159: Subtask dbt_run
[2026-03-10T00:35:11.964+0000] {task_command.py:423} INFO - Running <TaskInstance: run_dbt_models.dbt_run scheduled__2026-03-10T00:34:00+00:00 [running]> on host 9410d24c9fb2
[2026-03-10T00:35:12.057+0000] {taskinstance.py:2480} INFO - Exporting env vars: AIRFLOW_CTX_DAG_OWNER='data_engineer' AIRFLOW_CTX_DAG_ID='run_dbt_models' AIRFLOW_CTX_TASK_ID='dbt_run' AIRFLOW_CTX_EXECUTION_DATE='2026-03-10T00:34:00+00:00' AIRFLOW_CTX_TRY_NUMBER='1' AIRFLOW_CTX_DAG_RUN_ID='scheduled__2026-03-10T00:34:00+00:00'
[2026-03-10T00:35:12.058+0000] {subprocess.py:63} INFO - Tmp dir root location: /tmp
[2026-03-10T00:35:12.058+0000] {subprocess.py:75} INFO - Running command: ['/usr/bin/bash', '-c', 'cd /opt/airflow/dbt_project && dbt run --profiles-dir .']
[2026-03-10T00:35:12.074+0000] {subprocess.py:86} INFO - Output:
[2026-03-10T00:35:13.415+0000] {subprocess.py:93} INFO - [0m00:35:13  Running with dbt=1.9.0-b2
[2026-03-10T00:35:13.659+0000] {subprocess.py:93} INFO - [0m00:35:13  Registered adapter: postgres=1.8.2
[2026-03-10T00:35:13.816+0000] {subprocess.py:93} INFO - [0m00:35:13  [[33mWARNING[0m]: Configuration paths exist in your dbt_project.yml file which do not apply to any resources.
[2026-03-10T00:35:13.817+0000] {subprocess.py:93} INFO - There are 1 unused configuration paths:
[2026-03-10T00:35:13.817+0000] {subprocess.py:93} INFO - - models.analytics_cdc.example
[2026-03-10T00:35:13.966+0000] {subprocess.py:93} INFO - [0m00:35:13  Found 4 models, 1 source, 423 macros
[2026-03-10T00:35:13.968+0000] {subprocess.py:93} INFO - [0m00:35:13
[2026-03-10T00:35:13.969+0000] {subprocess.py:93} INFO - [0m00:35:13  Concurrency: 1 threads (target='dev')
[2026-03-10T00:35:13.969+0000] {subprocess.py:93} INFO - [0m00:35:13
[2026-03-10T00:35:14.104+0000] {subprocess.py:93} INFO - [0m00:35:14  1 of 4 START sql table model analytics.dim_demografia_usuarios ................. [RUN]
[2026-03-10T00:35:14.239+0000] {subprocess.py:93} INFO - [0m00:35:14  1 of 4 OK created sql table model analytics.dim_demografia_usuarios ............ [[32mSELECT 12[0m in 0.13s]
[2026-03-10T00:35:14.240+0000] {subprocess.py:93} INFO - [0m00:35:14  2 of 4 START sql view model analytics.health_check_duplicados .................. [RUN]
[2026-03-10T00:35:14.311+0000] {subprocess.py:93} INFO - [0m00:35:14  2 of 4 OK created sql view model analytics.health_check_duplicados ............. [[32mCREATE VIEW[0m in 0.07s]
[2026-03-10T00:35:14.313+0000] {subprocess.py:93} INFO - [0m00:35:14  3 of 4 START sql view model analytics.ultimos_100_ingresos ..................... [RUN]
[2026-03-10T00:35:14.365+0000] {subprocess.py:93} INFO - [0m00:35:14  3 of 4 OK created sql view model analytics.ultimos_100_ingresos ................ [[32mCREATE VIEW[0m in 0.05s]
[2026-03-10T00:35:14.367+0000] {subprocess.py:93} INFO - [0m00:35:14  4 of 4 START sql view model analytics.audit_reconciliacion ..................... [RUN]
[2026-03-10T00:35:14.410+0000] {subprocess.py:93} INFO - [0m00:35:14  4 of 4 OK created sql view model analytics.audit_reconciliacion ................ [[32mCREATE VIEW[0m in 0.04s]
[2026-03-10T00:35:14.424+0000] {subprocess.py:93} INFO - [0m00:35:14
[2026-03-10T00:35:14.425+0000] {subprocess.py:93} INFO - [0m00:35:14  Finished running 1 table model, 3 view models in 0 hours 0 minutes and 0.45 seconds (0.45s).
[2026-03-10T00:35:14.509+0000] {subprocess.py:93} INFO - [0m00:35:14
[2026-03-10T00:35:14.509+0000] {subprocess.py:93} INFO - [0m00:35:14  [32mCompleted successfully[0m
[2026-03-10T00:35:14.510+0000] {subprocess.py:93} INFO - [0m00:35:14
[2026-03-10T00:35:14.510+0000] {subprocess.py:93} INFO - [0m00:35:14  Done. PASS=4 WARN=0 ERROR=0 SKIP=0 TOTAL=4
[2026-03-10T00:35:22.947+0000] {subprocess.py:97} INFO - Command exited with return code 0
[2026-03-10T00:35:22.990+0000] {taskinstance.py:1138} INFO - Marking task as SUCCESS. dag_id=run_dbt_models, task_id=dbt_run, execution_date=20260310T003400, start_date=20260310T003511, end_date=20260310T003522
[2026-03-10T00:35:23.029+0000] {local_task_job_runner.py:234} INFO - Task exited with return code 0
[2026-03-10T00:35:23.051+0000] {taskinstance.py:3280} INFO - 0 downstream tasks scheduled from follow-on schedule check
