[2026-03-09T17:28:54.673+0000] {taskinstance.py:1956} INFO - Dependencies all met for dep_context=non-requeueable deps ti=<TaskInstance: run_dbt_models.dbt_run scheduled__2026-03-09T17:10:00+00:00 [queued]>
[2026-03-09T17:28:54.681+0000] {taskinstance.py:1956} INFO - Dependencies all met for dep_context=requeueable deps ti=<TaskInstance: run_dbt_models.dbt_run scheduled__2026-03-09T17:10:00+00:00 [queued]>
[2026-03-09T17:28:54.681+0000] {taskinstance.py:2170} INFO - Starting attempt 2 of 2
[2026-03-09T17:28:54.695+0000] {taskinstance.py:2191} INFO - Executing <Task(BashOperator): dbt_run> on 2026-03-09 17:10:00+00:00
[2026-03-09T17:28:54.702+0000] {standard_task_runner.py:60} INFO - Started process 371 to run task
[2026-03-09T17:28:54.705+0000] {standard_task_runner.py:87} INFO - Running: ['airflow', 'tasks', 'run', 'run_dbt_models', 'dbt_run', 'scheduled__2026-03-09T17:10:00+00:00', '--job-id', '57', '--raw', '--subdir', 'DAGS_FOLDER/dbt_orchestrator.py', '--cfg-path', '/tmp/tmplwei9dvh']
[2026-03-09T17:28:54.706+0000] {standard_task_runner.py:88} INFO - Job 57: Subtask dbt_run
[2026-03-09T17:28:54.757+0000] {task_command.py:423} INFO - Running <TaskInstance: run_dbt_models.dbt_run scheduled__2026-03-09T17:10:00+00:00 [running]> on host 9410d24c9fb2
[2026-03-09T17:28:54.832+0000] {taskinstance.py:2480} INFO - Exporting env vars: AIRFLOW_CTX_DAG_OWNER='data_engineer' AIRFLOW_CTX_DAG_ID='run_dbt_models' AIRFLOW_CTX_TASK_ID='dbt_run' AIRFLOW_CTX_EXECUTION_DATE='2026-03-09T17:10:00+00:00' AIRFLOW_CTX_TRY_NUMBER='2' AIRFLOW_CTX_DAG_RUN_ID='scheduled__2026-03-09T17:10:00+00:00'
[2026-03-09T17:28:54.834+0000] {subprocess.py:63} INFO - Tmp dir root location: /tmp
[2026-03-09T17:28:54.834+0000] {subprocess.py:75} INFO - Running command: ['/usr/bin/bash', '-c', 'cd /opt/airflow/dbt_project && dbt run --profiles-dir .']
[2026-03-09T17:28:54.848+0000] {subprocess.py:86} INFO - Output:
[2026-03-09T17:28:56.103+0000] {subprocess.py:93} INFO - [0m17:28:56  Running with dbt=1.9.0-b2
[2026-03-09T17:28:56.321+0000] {subprocess.py:93} INFO - [0m17:28:56  Registered adapter: postgres=1.8.2
[2026-03-09T17:28:56.628+0000] {subprocess.py:93} INFO - [0m17:28:56  Found 2 models, 4 data tests, 423 macros
[2026-03-09T17:28:56.630+0000] {subprocess.py:93} INFO - [0m17:28:56
[2026-03-09T17:28:56.631+0000] {subprocess.py:93} INFO - [0m17:28:56  Concurrency: 1 threads (target='dev')
[2026-03-09T17:28:56.631+0000] {subprocess.py:93} INFO - [0m17:28:56
[2026-03-09T17:28:56.758+0000] {subprocess.py:93} INFO - [0m17:28:56  1 of 2 START sql table model analytics.my_first_dbt_model ...................... [RUN]
[2026-03-09T17:28:56.877+0000] {subprocess.py:93} INFO - [0m17:28:56  1 of 2 OK created sql table model analytics.my_first_dbt_model ................. [[32mSELECT 2[0m in 0.12s]
[2026-03-09T17:28:56.879+0000] {subprocess.py:93} INFO - [0m17:28:56  2 of 2 START sql view model analytics.my_second_dbt_model ...................... [RUN]
[2026-03-09T17:28:56.935+0000] {subprocess.py:93} INFO - [0m17:28:56  2 of 2 OK created sql view model analytics.my_second_dbt_model ................. [[32mCREATE VIEW[0m in 0.05s]
[2026-03-09T17:28:56.948+0000] {subprocess.py:93} INFO - [0m17:28:56
[2026-03-09T17:28:56.949+0000] {subprocess.py:93} INFO - [0m17:28:56  Finished running 1 table model, 1 view model in 0 hours 0 minutes and 0.32 seconds (0.32s).
[2026-03-09T17:28:56.982+0000] {subprocess.py:93} INFO - [0m17:28:56
[2026-03-09T17:28:56.982+0000] {subprocess.py:93} INFO - [0m17:28:56  [32mCompleted successfully[0m
[2026-03-09T17:28:56.983+0000] {subprocess.py:93} INFO - [0m17:28:56
[2026-03-09T17:28:56.983+0000] {subprocess.py:93} INFO - [0m17:28:56  Done. PASS=2 WARN=0 ERROR=0 SKIP=0 TOTAL=2
[2026-03-09T17:28:57.725+0000] {subprocess.py:97} INFO - Command exited with return code 0
[2026-03-09T17:28:57.755+0000] {taskinstance.py:1138} INFO - Marking task as SUCCESS. dag_id=run_dbt_models, task_id=dbt_run, execution_date=20260309T171000, start_date=20260309T172854, end_date=20260309T172857
[2026-03-09T17:28:57.810+0000] {local_task_job_runner.py:234} INFO - Task exited with return code 0
[2026-03-09T17:28:57.829+0000] {taskinstance.py:3280} INFO - 0 downstream tasks scheduled from follow-on schedule check
