[2026-03-10T00:23:57.672+0000] {processor.py:161} INFO - Started process (PID=1772) to work on /opt/airflow/dags/dbt_orchestrator.py
[2026-03-10T00:23:57.673+0000] {processor.py:830} INFO - Processing file /opt/airflow/dags/dbt_orchestrator.py for tasks to queue
[2026-03-10T00:23:57.674+0000] {logging_mixin.py:188} INFO - [2026-03-10T00:23:57.674+0000] {dagbag.py:538} INFO - Filling up the DagBag from /opt/airflow/dags/dbt_orchestrator.py
[2026-03-10T00:23:57.685+0000] {processor.py:840} INFO - DAG(s) 'run_dbt_models' retrieved from /opt/airflow/dags/dbt_orchestrator.py
[2026-03-10T00:23:57.718+0000] {logging_mixin.py:188} INFO - [2026-03-10T00:23:57.718+0000] {dag.py:3036} INFO - Sync 1 DAGs
[2026-03-10T00:23:57.745+0000] {logging_mixin.py:188} INFO - [2026-03-10T00:23:57.745+0000] {dag.py:3823} INFO - Setting next_dagrun for run_dbt_models to 2026-03-10 00:22:00+00:00, run_after=2026-03-10 00:23:00+00:00
[2026-03-10T00:23:57.767+0000] {processor.py:183} INFO - Processing /opt/airflow/dags/dbt_orchestrator.py took 0.099 seconds
[2026-03-10T00:27:23.546+0000] {processor.py:161} INFO - Started process (PID=1813) to work on /opt/airflow/dags/dbt_orchestrator.py
[2026-03-10T00:27:23.547+0000] {processor.py:830} INFO - Processing file /opt/airflow/dags/dbt_orchestrator.py for tasks to queue
[2026-03-10T00:27:23.548+0000] {logging_mixin.py:188} INFO - [2026-03-10T00:27:23.548+0000] {dagbag.py:538} INFO - Filling up the DagBag from /opt/airflow/dags/dbt_orchestrator.py
[2026-03-10T00:27:23.597+0000] {processor.py:840} INFO - DAG(s) 'run_dbt_models' retrieved from /opt/airflow/dags/dbt_orchestrator.py
[2026-03-10T00:27:23.657+0000] {logging_mixin.py:188} INFO - [2026-03-10T00:27:23.656+0000] {dag.py:3036} INFO - Sync 1 DAGs
[2026-03-10T00:27:23.687+0000] {logging_mixin.py:188} INFO - [2026-03-10T00:27:23.686+0000] {dag.py:3823} INFO - Setting next_dagrun for run_dbt_models to 2026-03-10 00:26:00+00:00, run_after=2026-03-10 00:27:00+00:00
[2026-03-10T00:27:23.714+0000] {processor.py:183} INFO - Processing /opt/airflow/dags/dbt_orchestrator.py took 0.172 seconds
[2026-03-10T00:27:53.796+0000] {processor.py:161} INFO - Started process (PID=1837) to work on /opt/airflow/dags/dbt_orchestrator.py
[2026-03-10T00:27:53.797+0000] {processor.py:830} INFO - Processing file /opt/airflow/dags/dbt_orchestrator.py for tasks to queue
[2026-03-10T00:27:53.798+0000] {logging_mixin.py:188} INFO - [2026-03-10T00:27:53.798+0000] {dagbag.py:538} INFO - Filling up the DagBag from /opt/airflow/dags/dbt_orchestrator.py
[2026-03-10T00:27:53.810+0000] {processor.py:840} INFO - DAG(s) 'run_dbt_models' retrieved from /opt/airflow/dags/dbt_orchestrator.py
[2026-03-10T00:27:53.844+0000] {logging_mixin.py:188} INFO - [2026-03-10T00:27:53.844+0000] {dag.py:3036} INFO - Sync 1 DAGs
[2026-03-10T00:27:53.870+0000] {logging_mixin.py:188} INFO - [2026-03-10T00:27:53.870+0000] {dag.py:3823} INFO - Setting next_dagrun for run_dbt_models to 2026-03-10 00:27:00+00:00, run_after=2026-03-10 00:28:00+00:00
[2026-03-10T00:27:53.894+0000] {processor.py:183} INFO - Processing /opt/airflow/dags/dbt_orchestrator.py took 0.101 seconds
[2026-03-10T00:28:24.023+0000] {processor.py:161} INFO - Started process (PID=1859) to work on /opt/airflow/dags/dbt_orchestrator.py
[2026-03-10T00:28:24.024+0000] {processor.py:830} INFO - Processing file /opt/airflow/dags/dbt_orchestrator.py for tasks to queue
[2026-03-10T00:28:24.024+0000] {logging_mixin.py:188} INFO - [2026-03-10T00:28:24.024+0000] {dagbag.py:538} INFO - Filling up the DagBag from /opt/airflow/dags/dbt_orchestrator.py
[2026-03-10T00:28:24.036+0000] {processor.py:840} INFO - DAG(s) 'run_dbt_models' retrieved from /opt/airflow/dags/dbt_orchestrator.py
[2026-03-10T00:28:24.070+0000] {logging_mixin.py:188} INFO - [2026-03-10T00:28:24.070+0000] {dag.py:3036} INFO - Sync 1 DAGs
[2026-03-10T00:28:24.096+0000] {logging_mixin.py:188} INFO - [2026-03-10T00:28:24.096+0000] {dag.py:3823} INFO - Setting next_dagrun for run_dbt_models to 2026-03-10 00:28:00+00:00, run_after=2026-03-10 00:29:00+00:00
[2026-03-10T00:28:24.122+0000] {processor.py:183} INFO - Processing /opt/airflow/dags/dbt_orchestrator.py took 0.103 seconds
[2026-03-10T00:28:54.196+0000] {processor.py:161} INFO - Started process (PID=1864) to work on /opt/airflow/dags/dbt_orchestrator.py
[2026-03-10T00:28:54.199+0000] {processor.py:830} INFO - Processing file /opt/airflow/dags/dbt_orchestrator.py for tasks to queue
[2026-03-10T00:28:54.200+0000] {logging_mixin.py:188} INFO - [2026-03-10T00:28:54.200+0000] {dagbag.py:538} INFO - Filling up the DagBag from /opt/airflow/dags/dbt_orchestrator.py
[2026-03-10T00:28:54.211+0000] {processor.py:840} INFO - DAG(s) 'run_dbt_models' retrieved from /opt/airflow/dags/dbt_orchestrator.py
[2026-03-10T00:28:54.248+0000] {logging_mixin.py:188} INFO - [2026-03-10T00:28:54.248+0000] {dag.py:3036} INFO - Sync 1 DAGs
[2026-03-10T00:28:54.274+0000] {logging_mixin.py:188} INFO - [2026-03-10T00:28:54.274+0000] {dag.py:3823} INFO - Setting next_dagrun for run_dbt_models to 2026-03-10 00:28:00+00:00, run_after=2026-03-10 00:29:00+00:00
[2026-03-10T00:28:54.296+0000] {processor.py:183} INFO - Processing /opt/airflow/dags/dbt_orchestrator.py took 0.104 seconds
[2026-03-10T00:29:24.433+0000] {processor.py:161} INFO - Started process (PID=1886) to work on /opt/airflow/dags/dbt_orchestrator.py
[2026-03-10T00:29:24.434+0000] {processor.py:830} INFO - Processing file /opt/airflow/dags/dbt_orchestrator.py for tasks to queue
[2026-03-10T00:29:24.435+0000] {logging_mixin.py:188} INFO - [2026-03-10T00:29:24.435+0000] {dagbag.py:538} INFO - Filling up the DagBag from /opt/airflow/dags/dbt_orchestrator.py
[2026-03-10T00:29:24.445+0000] {processor.py:840} INFO - DAG(s) 'run_dbt_models' retrieved from /opt/airflow/dags/dbt_orchestrator.py
[2026-03-10T00:29:24.475+0000] {logging_mixin.py:188} INFO - [2026-03-10T00:29:24.475+0000] {dag.py:3036} INFO - Sync 1 DAGs
[2026-03-10T00:29:24.500+0000] {logging_mixin.py:188} INFO - [2026-03-10T00:29:24.499+0000] {dag.py:3823} INFO - Setting next_dagrun for run_dbt_models to 2026-03-10 00:29:00+00:00, run_after=2026-03-10 00:30:00+00:00
[2026-03-10T00:29:24.522+0000] {processor.py:183} INFO - Processing /opt/airflow/dags/dbt_orchestrator.py took 0.092 seconds
[2026-03-10T00:29:54.593+0000] {processor.py:161} INFO - Started process (PID=1891) to work on /opt/airflow/dags/dbt_orchestrator.py
[2026-03-10T00:29:54.597+0000] {processor.py:830} INFO - Processing file /opt/airflow/dags/dbt_orchestrator.py for tasks to queue
[2026-03-10T00:29:54.598+0000] {logging_mixin.py:188} INFO - [2026-03-10T00:29:54.597+0000] {dagbag.py:538} INFO - Filling up the DagBag from /opt/airflow/dags/dbt_orchestrator.py
[2026-03-10T00:29:54.609+0000] {processor.py:840} INFO - DAG(s) 'run_dbt_models' retrieved from /opt/airflow/dags/dbt_orchestrator.py
[2026-03-10T00:29:54.653+0000] {logging_mixin.py:188} INFO - [2026-03-10T00:29:54.653+0000] {dag.py:3036} INFO - Sync 1 DAGs
[2026-03-10T00:29:54.681+0000] {logging_mixin.py:188} INFO - [2026-03-10T00:29:54.681+0000] {dag.py:3823} INFO - Setting next_dagrun for run_dbt_models to 2026-03-10 00:29:00+00:00, run_after=2026-03-10 00:30:00+00:00
[2026-03-10T00:29:54.705+0000] {processor.py:183} INFO - Processing /opt/airflow/dags/dbt_orchestrator.py took 0.116 seconds
[2026-03-10T00:30:24.827+0000] {processor.py:161} INFO - Started process (PID=1913) to work on /opt/airflow/dags/dbt_orchestrator.py
[2026-03-10T00:30:24.828+0000] {processor.py:830} INFO - Processing file /opt/airflow/dags/dbt_orchestrator.py for tasks to queue
[2026-03-10T00:30:24.828+0000] {logging_mixin.py:188} INFO - [2026-03-10T00:30:24.828+0000] {dagbag.py:538} INFO - Filling up the DagBag from /opt/airflow/dags/dbt_orchestrator.py
[2026-03-10T00:30:24.839+0000] {processor.py:840} INFO - DAG(s) 'run_dbt_models' retrieved from /opt/airflow/dags/dbt_orchestrator.py
[2026-03-10T00:30:24.873+0000] {logging_mixin.py:188} INFO - [2026-03-10T00:30:24.873+0000] {dag.py:3036} INFO - Sync 1 DAGs
[2026-03-10T00:30:24.899+0000] {logging_mixin.py:188} INFO - [2026-03-10T00:30:24.899+0000] {dag.py:3823} INFO - Setting next_dagrun for run_dbt_models to 2026-03-10 00:30:00+00:00, run_after=2026-03-10 00:31:00+00:00
[2026-03-10T00:30:24.925+0000] {processor.py:183} INFO - Processing /opt/airflow/dags/dbt_orchestrator.py took 0.102 seconds
[2026-03-10T00:30:55.006+0000] {processor.py:161} INFO - Started process (PID=1918) to work on /opt/airflow/dags/dbt_orchestrator.py
[2026-03-10T00:30:55.009+0000] {processor.py:830} INFO - Processing file /opt/airflow/dags/dbt_orchestrator.py for tasks to queue
[2026-03-10T00:30:55.011+0000] {logging_mixin.py:188} INFO - [2026-03-10T00:30:55.010+0000] {dagbag.py:538} INFO - Filling up the DagBag from /opt/airflow/dags/dbt_orchestrator.py
[2026-03-10T00:30:55.022+0000] {processor.py:840} INFO - DAG(s) 'run_dbt_models' retrieved from /opt/airflow/dags/dbt_orchestrator.py
[2026-03-10T00:30:55.055+0000] {logging_mixin.py:188} INFO - [2026-03-10T00:30:55.055+0000] {dag.py:3036} INFO - Sync 1 DAGs
[2026-03-10T00:30:55.080+0000] {logging_mixin.py:188} INFO - [2026-03-10T00:30:55.080+0000] {dag.py:3823} INFO - Setting next_dagrun for run_dbt_models to 2026-03-10 00:30:00+00:00, run_after=2026-03-10 00:31:00+00:00
[2026-03-10T00:30:55.103+0000] {processor.py:183} INFO - Processing /opt/airflow/dags/dbt_orchestrator.py took 0.101 seconds
[2026-03-10T00:31:25.236+0000] {processor.py:161} INFO - Started process (PID=1940) to work on /opt/airflow/dags/dbt_orchestrator.py
[2026-03-10T00:31:25.237+0000] {processor.py:830} INFO - Processing file /opt/airflow/dags/dbt_orchestrator.py for tasks to queue
[2026-03-10T00:31:25.238+0000] {logging_mixin.py:188} INFO - [2026-03-10T00:31:25.238+0000] {dagbag.py:538} INFO - Filling up the DagBag from /opt/airflow/dags/dbt_orchestrator.py
[2026-03-10T00:31:25.248+0000] {processor.py:840} INFO - DAG(s) 'run_dbt_models' retrieved from /opt/airflow/dags/dbt_orchestrator.py
[2026-03-10T00:31:25.282+0000] {logging_mixin.py:188} INFO - [2026-03-10T00:31:25.281+0000] {dag.py:3036} INFO - Sync 1 DAGs
[2026-03-10T00:31:25.308+0000] {logging_mixin.py:188} INFO - [2026-03-10T00:31:25.307+0000] {dag.py:3823} INFO - Setting next_dagrun for run_dbt_models to 2026-03-10 00:31:00+00:00, run_after=2026-03-10 00:32:00+00:00
[2026-03-10T00:31:25.330+0000] {processor.py:183} INFO - Processing /opt/airflow/dags/dbt_orchestrator.py took 0.098 seconds
[2026-03-10T00:31:55.888+0000] {processor.py:161} INFO - Started process (PID=1945) to work on /opt/airflow/dags/dbt_orchestrator.py
[2026-03-10T00:31:55.892+0000] {processor.py:830} INFO - Processing file /opt/airflow/dags/dbt_orchestrator.py for tasks to queue
[2026-03-10T00:31:55.893+0000] {logging_mixin.py:188} INFO - [2026-03-10T00:31:55.893+0000] {dagbag.py:538} INFO - Filling up the DagBag from /opt/airflow/dags/dbt_orchestrator.py
[2026-03-10T00:31:55.905+0000] {processor.py:840} INFO - DAG(s) 'run_dbt_models' retrieved from /opt/airflow/dags/dbt_orchestrator.py
[2026-03-10T00:31:55.939+0000] {logging_mixin.py:188} INFO - [2026-03-10T00:31:55.938+0000] {dag.py:3036} INFO - Sync 1 DAGs
[2026-03-10T00:31:55.963+0000] {logging_mixin.py:188} INFO - [2026-03-10T00:31:55.963+0000] {dag.py:3823} INFO - Setting next_dagrun for run_dbt_models to 2026-03-10 00:31:00+00:00, run_after=2026-03-10 00:32:00+00:00
[2026-03-10T00:31:55.985+0000] {processor.py:183} INFO - Processing /opt/airflow/dags/dbt_orchestrator.py took 0.101 seconds
[2026-03-10T00:32:26.109+0000] {processor.py:161} INFO - Started process (PID=1977) to work on /opt/airflow/dags/dbt_orchestrator.py
[2026-03-10T00:32:26.109+0000] {processor.py:830} INFO - Processing file /opt/airflow/dags/dbt_orchestrator.py for tasks to queue
[2026-03-10T00:32:26.110+0000] {logging_mixin.py:188} INFO - [2026-03-10T00:32:26.110+0000] {dagbag.py:538} INFO - Filling up the DagBag from /opt/airflow/dags/dbt_orchestrator.py
[2026-03-10T00:32:26.118+0000] {processor.py:840} INFO - DAG(s) 'run_dbt_models' retrieved from /opt/airflow/dags/dbt_orchestrator.py
[2026-03-10T00:32:26.142+0000] {logging_mixin.py:188} INFO - [2026-03-10T00:32:26.142+0000] {dag.py:3036} INFO - Sync 1 DAGs
[2026-03-10T00:32:26.164+0000] {logging_mixin.py:188} INFO - [2026-03-10T00:32:26.163+0000] {dag.py:3823} INFO - Setting next_dagrun for run_dbt_models to 2026-03-10 00:32:00+00:00, run_after=2026-03-10 00:33:00+00:00
[2026-03-10T00:32:26.182+0000] {processor.py:183} INFO - Processing /opt/airflow/dags/dbt_orchestrator.py took 0.077 seconds
[2026-03-10T00:32:56.291+0000] {processor.py:161} INFO - Started process (PID=1994) to work on /opt/airflow/dags/dbt_orchestrator.py
[2026-03-10T00:32:56.292+0000] {processor.py:830} INFO - Processing file /opt/airflow/dags/dbt_orchestrator.py for tasks to queue
[2026-03-10T00:32:56.295+0000] {logging_mixin.py:188} INFO - [2026-03-10T00:32:56.294+0000] {dagbag.py:538} INFO - Filling up the DagBag from /opt/airflow/dags/dbt_orchestrator.py
[2026-03-10T00:32:56.309+0000] {processor.py:840} INFO - DAG(s) 'run_dbt_models' retrieved from /opt/airflow/dags/dbt_orchestrator.py
[2026-03-10T00:32:56.348+0000] {logging_mixin.py:188} INFO - [2026-03-10T00:32:56.348+0000] {dag.py:3036} INFO - Sync 1 DAGs
[2026-03-10T00:32:56.380+0000] {logging_mixin.py:188} INFO - [2026-03-10T00:32:56.380+0000] {dag.py:3823} INFO - Setting next_dagrun for run_dbt_models to 2026-03-10 00:32:00+00:00, run_after=2026-03-10 00:33:00+00:00
[2026-03-10T00:32:56.406+0000] {processor.py:183} INFO - Processing /opt/airflow/dags/dbt_orchestrator.py took 0.121 seconds
[2026-03-10T00:33:26.474+0000] {processor.py:161} INFO - Started process (PID=2016) to work on /opt/airflow/dags/dbt_orchestrator.py
[2026-03-10T00:33:26.477+0000] {processor.py:830} INFO - Processing file /opt/airflow/dags/dbt_orchestrator.py for tasks to queue
[2026-03-10T00:33:26.479+0000] {logging_mixin.py:188} INFO - [2026-03-10T00:33:26.478+0000] {dagbag.py:538} INFO - Filling up the DagBag from /opt/airflow/dags/dbt_orchestrator.py
[2026-03-10T00:33:26.487+0000] {processor.py:840} INFO - DAG(s) 'run_dbt_models' retrieved from /opt/airflow/dags/dbt_orchestrator.py
[2026-03-10T00:33:26.513+0000] {logging_mixin.py:188} INFO - [2026-03-10T00:33:26.513+0000] {dag.py:3036} INFO - Sync 1 DAGs
[2026-03-10T00:33:26.536+0000] {logging_mixin.py:188} INFO - [2026-03-10T00:33:26.536+0000] {dag.py:3823} INFO - Setting next_dagrun for run_dbt_models to 2026-03-10 00:33:00+00:00, run_after=2026-03-10 00:34:00+00:00
[2026-03-10T00:33:26.555+0000] {processor.py:183} INFO - Processing /opt/airflow/dags/dbt_orchestrator.py took 0.084 seconds
[2026-03-10T00:33:56.691+0000] {processor.py:161} INFO - Started process (PID=2021) to work on /opt/airflow/dags/dbt_orchestrator.py
[2026-03-10T00:33:56.692+0000] {processor.py:830} INFO - Processing file /opt/airflow/dags/dbt_orchestrator.py for tasks to queue
[2026-03-10T00:33:56.693+0000] {logging_mixin.py:188} INFO - [2026-03-10T00:33:56.692+0000] {dagbag.py:538} INFO - Filling up the DagBag from /opt/airflow/dags/dbt_orchestrator.py
[2026-03-10T00:33:56.704+0000] {processor.py:840} INFO - DAG(s) 'run_dbt_models' retrieved from /opt/airflow/dags/dbt_orchestrator.py
[2026-03-10T00:33:56.743+0000] {logging_mixin.py:188} INFO - [2026-03-10T00:33:56.743+0000] {dag.py:3036} INFO - Sync 1 DAGs
[2026-03-10T00:33:56.765+0000] {logging_mixin.py:188} INFO - [2026-03-10T00:33:56.765+0000] {dag.py:3823} INFO - Setting next_dagrun for run_dbt_models to 2026-03-10 00:33:00+00:00, run_after=2026-03-10 00:34:00+00:00
[2026-03-10T00:33:56.785+0000] {processor.py:183} INFO - Processing /opt/airflow/dags/dbt_orchestrator.py took 0.098 seconds
[2026-03-10T00:34:26.856+0000] {processor.py:161} INFO - Started process (PID=2043) to work on /opt/airflow/dags/dbt_orchestrator.py
[2026-03-10T00:34:26.857+0000] {processor.py:830} INFO - Processing file /opt/airflow/dags/dbt_orchestrator.py for tasks to queue
[2026-03-10T00:34:26.858+0000] {logging_mixin.py:188} INFO - [2026-03-10T00:34:26.858+0000] {dagbag.py:538} INFO - Filling up the DagBag from /opt/airflow/dags/dbt_orchestrator.py
[2026-03-10T00:34:26.868+0000] {processor.py:840} INFO - DAG(s) 'run_dbt_models' retrieved from /opt/airflow/dags/dbt_orchestrator.py
[2026-03-10T00:34:26.900+0000] {logging_mixin.py:188} INFO - [2026-03-10T00:34:26.900+0000] {dag.py:3036} INFO - Sync 1 DAGs
[2026-03-10T00:34:26.927+0000] {logging_mixin.py:188} INFO - [2026-03-10T00:34:26.926+0000] {dag.py:3823} INFO - Setting next_dagrun for run_dbt_models to 2026-03-10 00:34:00+00:00, run_after=2026-03-10 00:35:00+00:00
[2026-03-10T00:34:26.951+0000] {processor.py:183} INFO - Processing /opt/airflow/dags/dbt_orchestrator.py took 0.099 seconds
[2026-03-10T00:34:57.079+0000] {processor.py:161} INFO - Started process (PID=2048) to work on /opt/airflow/dags/dbt_orchestrator.py
[2026-03-10T00:34:57.080+0000] {processor.py:830} INFO - Processing file /opt/airflow/dags/dbt_orchestrator.py for tasks to queue
[2026-03-10T00:34:57.081+0000] {logging_mixin.py:188} INFO - [2026-03-10T00:34:57.080+0000] {dagbag.py:538} INFO - Filling up the DagBag from /opt/airflow/dags/dbt_orchestrator.py
[2026-03-10T00:34:57.091+0000] {processor.py:840} INFO - DAG(s) 'run_dbt_models' retrieved from /opt/airflow/dags/dbt_orchestrator.py
[2026-03-10T00:34:57.127+0000] {logging_mixin.py:188} INFO - [2026-03-10T00:34:57.127+0000] {dag.py:3036} INFO - Sync 1 DAGs
[2026-03-10T00:34:57.151+0000] {logging_mixin.py:188} INFO - [2026-03-10T00:34:57.151+0000] {dag.py:3823} INFO - Setting next_dagrun for run_dbt_models to 2026-03-10 00:34:00+00:00, run_after=2026-03-10 00:35:00+00:00
[2026-03-10T00:34:57.174+0000] {processor.py:183} INFO - Processing /opt/airflow/dags/dbt_orchestrator.py took 0.099 seconds
[2026-03-10T00:35:27.257+0000] {processor.py:161} INFO - Started process (PID=2070) to work on /opt/airflow/dags/dbt_orchestrator.py
[2026-03-10T00:35:27.258+0000] {processor.py:830} INFO - Processing file /opt/airflow/dags/dbt_orchestrator.py for tasks to queue
[2026-03-10T00:35:27.259+0000] {logging_mixin.py:188} INFO - [2026-03-10T00:35:27.259+0000] {dagbag.py:538} INFO - Filling up the DagBag from /opt/airflow/dags/dbt_orchestrator.py
[2026-03-10T00:35:27.272+0000] {processor.py:840} INFO - DAG(s) 'run_dbt_models' retrieved from /opt/airflow/dags/dbt_orchestrator.py
[2026-03-10T00:35:27.313+0000] {logging_mixin.py:188} INFO - [2026-03-10T00:35:27.312+0000] {dag.py:3036} INFO - Sync 1 DAGs
[2026-03-10T00:35:27.353+0000] {logging_mixin.py:188} INFO - [2026-03-10T00:35:27.352+0000] {dag.py:3823} INFO - Setting next_dagrun for run_dbt_models to 2026-03-10 00:35:00+00:00, run_after=2026-03-10 00:36:00+00:00
[2026-03-10T00:35:27.383+0000] {processor.py:183} INFO - Processing /opt/airflow/dags/dbt_orchestrator.py took 0.130 seconds
[2026-03-10T00:35:57.473+0000] {processor.py:161} INFO - Started process (PID=2075) to work on /opt/airflow/dags/dbt_orchestrator.py
[2026-03-10T00:35:57.474+0000] {processor.py:830} INFO - Processing file /opt/airflow/dags/dbt_orchestrator.py for tasks to queue
[2026-03-10T00:35:57.475+0000] {logging_mixin.py:188} INFO - [2026-03-10T00:35:57.475+0000] {dagbag.py:538} INFO - Filling up the DagBag from /opt/airflow/dags/dbt_orchestrator.py
[2026-03-10T00:35:57.486+0000] {processor.py:840} INFO - DAG(s) 'run_dbt_models' retrieved from /opt/airflow/dags/dbt_orchestrator.py
[2026-03-10T00:35:57.523+0000] {logging_mixin.py:188} INFO - [2026-03-10T00:35:57.523+0000] {dag.py:3036} INFO - Sync 1 DAGs
[2026-03-10T00:35:57.550+0000] {logging_mixin.py:188} INFO - [2026-03-10T00:35:57.550+0000] {dag.py:3823} INFO - Setting next_dagrun for run_dbt_models to 2026-03-10 00:35:00+00:00, run_after=2026-03-10 00:36:00+00:00
[2026-03-10T00:35:57.574+0000] {processor.py:183} INFO - Processing /opt/airflow/dags/dbt_orchestrator.py took 0.105 seconds
[2026-03-10T00:36:27.675+0000] {processor.py:161} INFO - Started process (PID=2097) to work on /opt/airflow/dags/dbt_orchestrator.py
[2026-03-10T00:36:27.677+0000] {processor.py:830} INFO - Processing file /opt/airflow/dags/dbt_orchestrator.py for tasks to queue
[2026-03-10T00:36:27.678+0000] {logging_mixin.py:188} INFO - [2026-03-10T00:36:27.677+0000] {dagbag.py:538} INFO - Filling up the DagBag from /opt/airflow/dags/dbt_orchestrator.py
[2026-03-10T00:36:27.692+0000] {processor.py:840} INFO - DAG(s) 'run_dbt_models' retrieved from /opt/airflow/dags/dbt_orchestrator.py
[2026-03-10T00:36:27.738+0000] {logging_mixin.py:188} INFO - [2026-03-10T00:36:27.738+0000] {dag.py:3036} INFO - Sync 1 DAGs
[2026-03-10T00:36:27.770+0000] {logging_mixin.py:188} INFO - [2026-03-10T00:36:27.770+0000] {dag.py:3823} INFO - Setting next_dagrun for run_dbt_models to 2026-03-10 00:36:00+00:00, run_after=2026-03-10 00:37:00+00:00
[2026-03-10T00:36:27.800+0000] {processor.py:183} INFO - Processing /opt/airflow/dags/dbt_orchestrator.py took 0.128 seconds
