[2026-03-09T19:01:00.257+0000] {taskinstance.py:1956} INFO - Dependencies all met for dep_context=non-requeueable deps ti=<TaskInstance: run_dbt_models.dbt_debug scheduled__2026-03-09T19:00:00+00:00 [queued]>
[2026-03-09T19:01:00.267+0000] {taskinstance.py:1956} INFO - Dependencies all met for dep_context=requeueable deps ti=<TaskInstance: run_dbt_models.dbt_debug scheduled__2026-03-09T19:00:00+00:00 [queued]>
[2026-03-09T19:01:00.267+0000] {taskinstance.py:2170} INFO - Starting attempt 1 of 2
[2026-03-09T19:01:00.280+0000] {taskinstance.py:2191} INFO - Executing <Task(BashOperator): dbt_debug> on 2026-03-09 19:00:00+00:00
[2026-03-09T19:01:00.286+0000] {standard_task_runner.py:60} INFO - Started process 1319 to run task
[2026-03-09T19:01:00.290+0000] {standard_task_runner.py:87} INFO - Running: ['airflow', 'tasks', 'run', 'run_dbt_models', 'dbt_debug', 'scheduled__2026-03-09T19:00:00+00:00', '--job-id', '102', '--raw', '--subdir', 'DAGS_FOLDER/dbt_orchestrator.py', '--cfg-path', '/tmp/tmp7qfkgawx']
[2026-03-09T19:01:00.291+0000] {standard_task_runner.py:88} INFO - Job 102: Subtask dbt_debug
[2026-03-09T19:01:00.343+0000] {task_command.py:423} INFO - Running <TaskInstance: run_dbt_models.dbt_debug scheduled__2026-03-09T19:00:00+00:00 [running]> on host 9410d24c9fb2
[2026-03-09T19:01:00.431+0000] {taskinstance.py:2480} INFO - Exporting env vars: AIRFLOW_CTX_DAG_OWNER='data_engineer' AIRFLOW_CTX_DAG_ID='run_dbt_models' AIRFLOW_CTX_TASK_ID='dbt_debug' AIRFLOW_CTX_EXECUTION_DATE='2026-03-09T19:00:00+00:00' AIRFLOW_CTX_TRY_NUMBER='1' AIRFLOW_CTX_DAG_RUN_ID='scheduled__2026-03-09T19:00:00+00:00'
[2026-03-09T19:01:00.432+0000] {subprocess.py:63} INFO - Tmp dir root location: /tmp
[2026-03-09T19:01:00.433+0000] {subprocess.py:75} INFO - Running command: ['/usr/bin/bash', '-c', 'cd /opt/airflow/dbt_project && dbt debug --profiles-dir .']
[2026-03-09T19:01:00.448+0000] {subprocess.py:86} INFO - Output:
[2026-03-09T19:01:01.701+0000] {subprocess.py:93} INFO - [0m19:01:01  Running with dbt=1.9.0-b2
[2026-03-09T19:01:01.709+0000] {subprocess.py:93} INFO - [0m19:01:01  dbt version: 1.9.0-b2
[2026-03-09T19:01:01.709+0000] {subprocess.py:93} INFO - [0m19:01:01  python version: 3.8.18
[2026-03-09T19:01:01.710+0000] {subprocess.py:93} INFO - [0m19:01:01  python path: /usr/local/bin/python
[2026-03-09T19:01:01.710+0000] {subprocess.py:93} INFO - [0m19:01:01  os info: Linux-6.12.73-1-MANJARO-x86_64-with-glibc2.34
[2026-03-09T19:01:01.756+0000] {subprocess.py:93} INFO - [0m19:01:01  Using profiles dir at .
[2026-03-09T19:01:01.756+0000] {subprocess.py:93} INFO - [0m19:01:01  Using profiles.yml file at ./profiles.yml
[2026-03-09T19:01:01.757+0000] {subprocess.py:93} INFO - [0m19:01:01  Using dbt_project.yml file at /opt/airflow/dbt_project/dbt_project.yml
[2026-03-09T19:01:01.757+0000] {subprocess.py:93} INFO - [0m19:01:01  adapter type: postgres
[2026-03-09T19:01:01.757+0000] {subprocess.py:93} INFO - [0m19:01:01  adapter version: 1.8.2
[2026-03-09T19:01:01.858+0000] {subprocess.py:93} INFO - [0m19:01:01  Configuration:
[2026-03-09T19:01:01.859+0000] {subprocess.py:93} INFO - [0m19:01:01    profiles.yml file [[32mOK found and valid[0m]
[2026-03-09T19:01:01.859+0000] {subprocess.py:93} INFO - [0m19:01:01    dbt_project.yml file [[32mOK found and valid[0m]
[2026-03-09T19:01:01.859+0000] {subprocess.py:93} INFO - [0m19:01:01  Required dependencies:
[2026-03-09T19:01:01.871+0000] {subprocess.py:93} INFO - [0m19:01:01   - git [[32mOK found[0m]
[2026-03-09T19:01:01.871+0000] {subprocess.py:93} INFO - 
[2026-03-09T19:01:01.871+0000] {subprocess.py:93} INFO - [0m19:01:01  Connection:
[2026-03-09T19:01:01.872+0000] {subprocess.py:93} INFO - [0m19:01:01    host: postgres_dw
[2026-03-09T19:01:01.872+0000] {subprocess.py:93} INFO - [0m19:01:01    port: 5432
[2026-03-09T19:01:01.872+0000] {subprocess.py:93} INFO - [0m19:01:01    user: admin
[2026-03-09T19:01:01.873+0000] {subprocess.py:93} INFO - [0m19:01:01    database: datawarehouse
[2026-03-09T19:01:01.873+0000] {subprocess.py:93} INFO - [0m19:01:01    schema: analytics
[2026-03-09T19:01:01.873+0000] {subprocess.py:93} INFO - [0m19:01:01    connect_timeout: 10
[2026-03-09T19:01:01.874+0000] {subprocess.py:93} INFO - [0m19:01:01    role: None
[2026-03-09T19:01:01.874+0000] {subprocess.py:93} INFO - [0m19:01:01    search_path: None
[2026-03-09T19:01:01.874+0000] {subprocess.py:93} INFO - [0m19:01:01    keepalives_idle: 0
[2026-03-09T19:01:01.874+0000] {subprocess.py:93} INFO - [0m19:01:01    sslmode: None
[2026-03-09T19:01:01.875+0000] {subprocess.py:93} INFO - [0m19:01:01    sslcert: None
[2026-03-09T19:01:01.875+0000] {subprocess.py:93} INFO - [0m19:01:01    sslkey: None
[2026-03-09T19:01:01.875+0000] {subprocess.py:93} INFO - [0m19:01:01    sslrootcert: None
[2026-03-09T19:01:01.876+0000] {subprocess.py:93} INFO - [0m19:01:01    application_name: dbt
[2026-03-09T19:01:01.876+0000] {subprocess.py:93} INFO - [0m19:01:01    retries: 1
[2026-03-09T19:01:01.877+0000] {subprocess.py:93} INFO - [0m19:01:01  Registered adapter: postgres=1.8.2
[2026-03-09T19:01:01.923+0000] {subprocess.py:93} INFO - [0m19:01:01    Connection test: [[32mOK connection ok[0m]
[2026-03-09T19:01:01.923+0000] {subprocess.py:93} INFO - 
[2026-03-09T19:01:01.924+0000] {subprocess.py:93} INFO - [0m19:01:01  [32mAll checks passed![0m
[2026-03-09T19:01:03.637+0000] {subprocess.py:97} INFO - Command exited with return code 0
[2026-03-09T19:01:03.669+0000] {taskinstance.py:1138} INFO - Marking task as SUCCESS. dag_id=run_dbt_models, task_id=dbt_debug, execution_date=20260309T190000, start_date=20260309T190100, end_date=20260309T190103
[2026-03-09T19:01:03.716+0000] {local_task_job_runner.py:234} INFO - Task exited with return code 0
[2026-03-09T19:01:03.739+0000] {taskinstance.py:3280} INFO - 1 downstream tasks scheduled from follow-on schedule check
