[2026-03-09T17:23:50.050+0000] {taskinstance.py:1956} INFO - Dependencies all met for dep_context=non-requeueable deps ti=<TaskInstance: run_dbt_models.dbt_debug manual__2026-03-09T17:23:48.798856+00:00 [queued]>
[2026-03-09T17:23:50.058+0000] {taskinstance.py:1956} INFO - Dependencies all met for dep_context=requeueable deps ti=<TaskInstance: run_dbt_models.dbt_debug manual__2026-03-09T17:23:48.798856+00:00 [queued]>
[2026-03-09T17:23:50.058+0000] {taskinstance.py:2170} INFO - Starting attempt 1 of 2
[2026-03-09T17:23:50.072+0000] {taskinstance.py:2191} INFO - Executing <Task(BashOperator): dbt_debug> on 2026-03-09 17:23:48.798856+00:00
[2026-03-09T17:23:50.079+0000] {standard_task_runner.py:60} INFO - Started process 193 to run task
[2026-03-09T17:23:50.083+0000] {standard_task_runner.py:87} INFO - Running: ['airflow', 'tasks', 'run', 'run_dbt_models', 'dbt_debug', 'manual__2026-03-09T17:23:48.798856+00:00', '--job-id', '49', '--raw', '--subdir', 'DAGS_FOLDER/dbt_orchestrator.py', '--cfg-path', '/tmp/tmpa2coa9p4']
[2026-03-09T17:23:50.084+0000] {standard_task_runner.py:88} INFO - Job 49: Subtask dbt_debug
[2026-03-09T17:23:50.135+0000] {task_command.py:423} INFO - Running <TaskInstance: run_dbt_models.dbt_debug manual__2026-03-09T17:23:48.798856+00:00 [running]> on host 9410d24c9fb2
[2026-03-09T17:23:50.220+0000] {taskinstance.py:2480} INFO - Exporting env vars: AIRFLOW_CTX_DAG_OWNER='data_engineer' AIRFLOW_CTX_DAG_ID='run_dbt_models' AIRFLOW_CTX_TASK_ID='dbt_debug' AIRFLOW_CTX_EXECUTION_DATE='2026-03-09T17:23:48.798856+00:00' AIRFLOW_CTX_TRY_NUMBER='1' AIRFLOW_CTX_DAG_RUN_ID='manual__2026-03-09T17:23:48.798856+00:00'
[2026-03-09T17:23:50.224+0000] {subprocess.py:63} INFO - Tmp dir root location: /tmp
[2026-03-09T17:23:50.224+0000] {subprocess.py:75} INFO - Running command: ['/usr/bin/bash', '-c', 'cd /opt/airflow/dbt_project && dbt debug --profiles-dir .']
[2026-03-09T17:23:50.239+0000] {subprocess.py:86} INFO - Output:
[2026-03-09T17:23:51.664+0000] {subprocess.py:93} INFO - [0m17:23:51  Running with dbt=1.9.0-b2
[2026-03-09T17:23:51.675+0000] {subprocess.py:93} INFO - [0m17:23:51  dbt version: 1.9.0-b2
[2026-03-09T17:23:51.675+0000] {subprocess.py:93} INFO - [0m17:23:51  python version: 3.8.18
[2026-03-09T17:23:51.675+0000] {subprocess.py:93} INFO - [0m17:23:51  python path: /usr/local/bin/python
[2026-03-09T17:23:51.676+0000] {subprocess.py:93} INFO - [0m17:23:51  os info: Linux-6.12.73-1-MANJARO-x86_64-with-glibc2.34
[2026-03-09T17:23:51.729+0000] {subprocess.py:93} INFO - [0m17:23:51  Using profiles dir at .
[2026-03-09T17:23:51.730+0000] {subprocess.py:93} INFO - [0m17:23:51  Using profiles.yml file at ./profiles.yml
[2026-03-09T17:23:51.730+0000] {subprocess.py:93} INFO - [0m17:23:51  Using dbt_project.yml file at /opt/airflow/dbt_project/dbt_project.yml
[2026-03-09T17:23:51.731+0000] {subprocess.py:93} INFO - [0m17:23:51  adapter type: postgres
[2026-03-09T17:23:51.731+0000] {subprocess.py:93} INFO - [0m17:23:51  adapter version: 1.8.2
[2026-03-09T17:23:51.838+0000] {subprocess.py:93} INFO - [0m17:23:51  Configuration:
[2026-03-09T17:23:51.839+0000] {subprocess.py:93} INFO - [0m17:23:51    profiles.yml file [[32mOK found and valid[0m]
[2026-03-09T17:23:51.839+0000] {subprocess.py:93} INFO - [0m17:23:51    dbt_project.yml file [[32mOK found and valid[0m]
[2026-03-09T17:23:51.839+0000] {subprocess.py:93} INFO - [0m17:23:51  Required dependencies:
[2026-03-09T17:23:51.854+0000] {subprocess.py:93} INFO - [0m17:23:51   - git [[32mOK found[0m]
[2026-03-09T17:23:51.854+0000] {subprocess.py:93} INFO - 
[2026-03-09T17:23:51.854+0000] {subprocess.py:93} INFO - [0m17:23:51  Connection:
[2026-03-09T17:23:51.855+0000] {subprocess.py:93} INFO - [0m17:23:51    host: postgres_dw
[2026-03-09T17:23:51.855+0000] {subprocess.py:93} INFO - [0m17:23:51    port: 5432
[2026-03-09T17:23:51.855+0000] {subprocess.py:93} INFO - [0m17:23:51    user: admin
[2026-03-09T17:23:51.856+0000] {subprocess.py:93} INFO - [0m17:23:51    database: datawarehouse
[2026-03-09T17:23:51.856+0000] {subprocess.py:93} INFO - [0m17:23:51    schema: analytics
[2026-03-09T17:23:51.856+0000] {subprocess.py:93} INFO - [0m17:23:51    connect_timeout: 10
[2026-03-09T17:23:51.857+0000] {subprocess.py:93} INFO - [0m17:23:51    role: None
[2026-03-09T17:23:51.857+0000] {subprocess.py:93} INFO - [0m17:23:51    search_path: None
[2026-03-09T17:23:51.858+0000] {subprocess.py:93} INFO - [0m17:23:51    keepalives_idle: 0
[2026-03-09T17:23:51.859+0000] {subprocess.py:93} INFO - [0m17:23:51    sslmode: None
[2026-03-09T17:23:51.859+0000] {subprocess.py:93} INFO - [0m17:23:51    sslcert: None
[2026-03-09T17:23:51.859+0000] {subprocess.py:93} INFO - [0m17:23:51    sslkey: None
[2026-03-09T17:23:51.860+0000] {subprocess.py:93} INFO - [0m17:23:51    sslrootcert: None
[2026-03-09T17:23:51.860+0000] {subprocess.py:93} INFO - [0m17:23:51    application_name: dbt
[2026-03-09T17:23:51.860+0000] {subprocess.py:93} INFO - [0m17:23:51    retries: 1
[2026-03-09T17:23:51.861+0000] {subprocess.py:93} INFO - [0m17:23:51  Registered adapter: postgres=1.8.2
[2026-03-09T17:23:51.910+0000] {subprocess.py:93} INFO - [0m17:23:51    Connection test: [[32mOK connection ok[0m]
[2026-03-09T17:23:51.911+0000] {subprocess.py:93} INFO - 
[2026-03-09T17:23:51.911+0000] {subprocess.py:93} INFO - [0m17:23:51  [32mAll checks passed![0m
[2026-03-09T17:23:53.176+0000] {subprocess.py:97} INFO - Command exited with return code 0
[2026-03-09T17:23:53.206+0000] {taskinstance.py:1138} INFO - Marking task as SUCCESS. dag_id=run_dbt_models, task_id=dbt_debug, execution_date=20260309T172348, start_date=20260309T172350, end_date=20260309T172353
[2026-03-09T17:23:53.227+0000] {local_task_job_runner.py:234} INFO - Task exited with return code 0
[2026-03-09T17:23:53.250+0000] {taskinstance.py:3280} INFO - 1 downstream tasks scheduled from follow-on schedule check
