[2026-03-09T18:18:27.620+0000] {taskinstance.py:1956} INFO - Dependencies all met for dep_context=non-requeueable deps ti=<TaskInstance: run_dbt_models.dbt_debug scheduled__2026-03-09T18:10:00+00:00 [queued]>
[2026-03-09T18:18:27.637+0000] {taskinstance.py:1956} INFO - Dependencies all met for dep_context=requeueable deps ti=<TaskInstance: run_dbt_models.dbt_debug scheduled__2026-03-09T18:10:00+00:00 [queued]>
[2026-03-09T18:18:27.638+0000] {taskinstance.py:2170} INFO - Starting attempt 1 of 2
[2026-03-09T18:18:27.658+0000] {taskinstance.py:2191} INFO - Executing <Task(BashOperator): dbt_debug> on 2026-03-09 18:10:00+00:00
[2026-03-09T18:18:27.669+0000] {standard_task_runner.py:60} INFO - Started process 562 to run task
[2026-03-09T18:18:27.673+0000] {standard_task_runner.py:87} INFO - Running: ['airflow', 'tasks', 'run', 'run_dbt_models', 'dbt_debug', 'scheduled__2026-03-09T18:10:00+00:00', '--job-id', '66', '--raw', '--subdir', 'DAGS_FOLDER/dbt_orchestrator.py', '--cfg-path', '/tmp/tmpegj1jisu']
[2026-03-09T18:18:27.675+0000] {standard_task_runner.py:88} INFO - Job 66: Subtask dbt_debug
[2026-03-09T18:18:27.750+0000] {task_command.py:423} INFO - Running <TaskInstance: run_dbt_models.dbt_debug scheduled__2026-03-09T18:10:00+00:00 [running]> on host 9410d24c9fb2
[2026-03-09T18:18:27.860+0000] {taskinstance.py:2480} INFO - Exporting env vars: AIRFLOW_CTX_DAG_OWNER='data_engineer' AIRFLOW_CTX_DAG_ID='run_dbt_models' AIRFLOW_CTX_TASK_ID='dbt_debug' AIRFLOW_CTX_EXECUTION_DATE='2026-03-09T18:10:00+00:00' AIRFLOW_CTX_TRY_NUMBER='1' AIRFLOW_CTX_DAG_RUN_ID='scheduled__2026-03-09T18:10:00+00:00'
[2026-03-09T18:18:27.864+0000] {subprocess.py:63} INFO - Tmp dir root location: /tmp
[2026-03-09T18:18:27.866+0000] {subprocess.py:75} INFO - Running command: ['/usr/bin/bash', '-c', 'cd /opt/airflow/dbt_project && dbt debug --profiles-dir .']
[2026-03-09T18:18:27.889+0000] {subprocess.py:86} INFO - Output:
[2026-03-09T18:18:29.572+0000] {subprocess.py:93} INFO - [0m18:18:29  Running with dbt=1.9.0-b2
[2026-03-09T18:18:29.584+0000] {subprocess.py:93} INFO - [0m18:18:29  dbt version: 1.9.0-b2
[2026-03-09T18:18:29.585+0000] {subprocess.py:93} INFO - [0m18:18:29  python version: 3.8.18
[2026-03-09T18:18:29.585+0000] {subprocess.py:93} INFO - [0m18:18:29  python path: /usr/local/bin/python
[2026-03-09T18:18:29.585+0000] {subprocess.py:93} INFO - [0m18:18:29  os info: Linux-6.12.73-1-MANJARO-x86_64-with-glibc2.34
[2026-03-09T18:18:29.639+0000] {subprocess.py:93} INFO - [0m18:18:29  Using profiles dir at .
[2026-03-09T18:18:29.640+0000] {subprocess.py:93} INFO - [0m18:18:29  Using profiles.yml file at ./profiles.yml
[2026-03-09T18:18:29.640+0000] {subprocess.py:93} INFO - [0m18:18:29  Using dbt_project.yml file at /opt/airflow/dbt_project/dbt_project.yml
[2026-03-09T18:18:29.641+0000] {subprocess.py:93} INFO - [0m18:18:29  adapter type: postgres
[2026-03-09T18:18:29.641+0000] {subprocess.py:93} INFO - [0m18:18:29  adapter version: 1.8.2
[2026-03-09T18:18:29.737+0000] {subprocess.py:93} INFO - [0m18:18:29  Configuration:
[2026-03-09T18:18:29.737+0000] {subprocess.py:93} INFO - [0m18:18:29    profiles.yml file [[32mOK found and valid[0m]
[2026-03-09T18:18:29.737+0000] {subprocess.py:93} INFO - [0m18:18:29    dbt_project.yml file [[32mOK found and valid[0m]
[2026-03-09T18:18:29.738+0000] {subprocess.py:93} INFO - [0m18:18:29  Required dependencies:
[2026-03-09T18:18:29.755+0000] {subprocess.py:93} INFO - [0m18:18:29   - git [[32mOK found[0m]
[2026-03-09T18:18:29.756+0000] {subprocess.py:93} INFO - 
[2026-03-09T18:18:29.756+0000] {subprocess.py:93} INFO - [0m18:18:29  Connection:
[2026-03-09T18:18:29.756+0000] {subprocess.py:93} INFO - [0m18:18:29    host: postgres_dw
[2026-03-09T18:18:29.756+0000] {subprocess.py:93} INFO - [0m18:18:29    port: 5432
[2026-03-09T18:18:29.757+0000] {subprocess.py:93} INFO - [0m18:18:29    user: admin
[2026-03-09T18:18:29.757+0000] {subprocess.py:93} INFO - [0m18:18:29    database: datawarehouse
[2026-03-09T18:18:29.757+0000] {subprocess.py:93} INFO - [0m18:18:29    schema: analytics
[2026-03-09T18:18:29.758+0000] {subprocess.py:93} INFO - [0m18:18:29    connect_timeout: 10
[2026-03-09T18:18:29.758+0000] {subprocess.py:93} INFO - [0m18:18:29    role: None
[2026-03-09T18:18:29.758+0000] {subprocess.py:93} INFO - [0m18:18:29    search_path: None
[2026-03-09T18:18:29.759+0000] {subprocess.py:93} INFO - [0m18:18:29    keepalives_idle: 0
[2026-03-09T18:18:29.759+0000] {subprocess.py:93} INFO - [0m18:18:29    sslmode: None
[2026-03-09T18:18:29.759+0000] {subprocess.py:93} INFO - [0m18:18:29    sslcert: None
[2026-03-09T18:18:29.760+0000] {subprocess.py:93} INFO - [0m18:18:29    sslkey: None
[2026-03-09T18:18:29.760+0000] {subprocess.py:93} INFO - [0m18:18:29    sslrootcert: None
[2026-03-09T18:18:29.760+0000] {subprocess.py:93} INFO - [0m18:18:29    application_name: dbt
[2026-03-09T18:18:29.760+0000] {subprocess.py:93} INFO - [0m18:18:29    retries: 1
[2026-03-09T18:18:29.761+0000] {subprocess.py:93} INFO - [0m18:18:29  Registered adapter: postgres=1.8.2
[2026-03-09T18:18:29.813+0000] {subprocess.py:93} INFO - [0m18:18:29    Connection test: [[32mOK connection ok[0m]
[2026-03-09T18:18:29.813+0000] {subprocess.py:93} INFO - 
[2026-03-09T18:18:29.813+0000] {subprocess.py:93} INFO - [0m18:18:29  [32mAll checks passed![0m
[2026-03-09T18:18:30.020+0000] {subprocess.py:97} INFO - Command exited with return code 0
[2026-03-09T18:18:30.049+0000] {taskinstance.py:1138} INFO - Marking task as SUCCESS. dag_id=run_dbt_models, task_id=dbt_debug, execution_date=20260309T181000, start_date=20260309T181827, end_date=20260309T181830
[2026-03-09T18:18:30.095+0000] {local_task_job_runner.py:234} INFO - Task exited with return code 0
[2026-03-09T18:18:30.121+0000] {taskinstance.py:3280} INFO - 1 downstream tasks scheduled from follow-on schedule check
