[2026-03-09T18:30:04.360+0000] {taskinstance.py:1956} INFO - Dependencies all met for dep_context=non-requeueable deps ti=<TaskInstance: run_dbt_models.dbt_run scheduled__2026-03-09T18:25:00+00:00 [queued]>
[2026-03-09T18:30:04.370+0000] {taskinstance.py:1956} INFO - Dependencies all met for dep_context=requeueable deps ti=<TaskInstance: run_dbt_models.dbt_run scheduled__2026-03-09T18:25:00+00:00 [queued]>
[2026-03-09T18:30:04.370+0000] {taskinstance.py:2170} INFO - Starting attempt 1 of 2
[2026-03-09T18:30:04.382+0000] {taskinstance.py:2191} INFO - Executing <Task(BashOperator): dbt_run> on 2026-03-09 18:25:00+00:00
[2026-03-09T18:30:04.389+0000] {standard_task_runner.py:60} INFO - Started process 734 to run task
[2026-03-09T18:30:04.392+0000] {standard_task_runner.py:87} INFO - Running: ['airflow', 'tasks', 'run', 'run_dbt_models', 'dbt_run', 'scheduled__2026-03-09T18:25:00+00:00', '--job-id', '73', '--raw', '--subdir', 'DAGS_FOLDER/dbt_orchestrator.py', '--cfg-path', '/tmp/tmpksezk9ef']
[2026-03-09T18:30:04.393+0000] {standard_task_runner.py:88} INFO - Job 73: Subtask dbt_run
[2026-03-09T18:30:04.445+0000] {task_command.py:423} INFO - Running <TaskInstance: run_dbt_models.dbt_run scheduled__2026-03-09T18:25:00+00:00 [running]> on host 9410d24c9fb2
[2026-03-09T18:30:04.532+0000] {taskinstance.py:2480} INFO - Exporting env vars: AIRFLOW_CTX_DAG_OWNER='data_engineer' AIRFLOW_CTX_DAG_ID='run_dbt_models' AIRFLOW_CTX_TASK_ID='dbt_run' AIRFLOW_CTX_EXECUTION_DATE='2026-03-09T18:25:00+00:00' AIRFLOW_CTX_TRY_NUMBER='1' AIRFLOW_CTX_DAG_RUN_ID='scheduled__2026-03-09T18:25:00+00:00'
[2026-03-09T18:30:04.533+0000] {subprocess.py:63} INFO - Tmp dir root location: /tmp
[2026-03-09T18:30:04.534+0000] {subprocess.py:75} INFO - Running command: ['/usr/bin/bash', '-c', 'cd /opt/airflow/dbt_project && dbt run --profiles-dir .']
[2026-03-09T18:30:04.547+0000] {subprocess.py:86} INFO - Output:
[2026-03-09T18:30:05.835+0000] {subprocess.py:93} INFO - [0m18:30:05  Running with dbt=1.9.0-b2
[2026-03-09T18:30:06.065+0000] {subprocess.py:93} INFO - [0m18:30:06  Registered adapter: postgres=1.8.2
[2026-03-09T18:30:06.294+0000] {subprocess.py:93} INFO - [0m18:30:06  [[33mWARNING[0m]: Did not find matching node for patch with name 'my_first_dbt_model' in the 'models' section of file 'models/example/schema.yml'
[2026-03-09T18:30:06.295+0000] {subprocess.py:93} INFO - [0m18:30:06  [[33mWARNING[0m]: Did not find matching node for patch with name 'my_second_dbt_model' in the 'models' section of file 'models/example/schema.yml'
[2026-03-09T18:30:06.398+0000] {subprocess.py:93} INFO - [0m18:30:06  [[33mWARNING[0m]: Test 'test.analytics_cdc.unique_my_first_dbt_model_id.16e066b321' (models/example/schema.yml) depends on a node named 'my_first_dbt_model' in package '' which was not found
[2026-03-09T18:30:06.399+0000] {subprocess.py:93} INFO - [0m18:30:06  [[33mWARNING[0m]: Test 'test.analytics_cdc.not_null_my_first_dbt_model_id.5fb22c2710' (models/example/schema.yml) depends on a node named 'my_first_dbt_model' in package '' which was not found
[2026-03-09T18:30:06.399+0000] {subprocess.py:93} INFO - [0m18:30:06  [[33mWARNING[0m]: Test 'test.analytics_cdc.unique_my_second_dbt_model_id.57a0f8c493' (models/example/schema.yml) depends on a node named 'my_second_dbt_model' in package '' which was not found
[2026-03-09T18:30:06.400+0000] {subprocess.py:93} INFO - [0m18:30:06  [[33mWARNING[0m]: Test 'test.analytics_cdc.not_null_my_second_dbt_model_id.151b76d778' (models/example/schema.yml) depends on a node named 'my_second_dbt_model' in package '' which was not found
[2026-03-09T18:30:06.457+0000] {subprocess.py:93} INFO - [0m18:30:06  [[33mWARNING[0m]: Configuration paths exist in your dbt_project.yml file which do not apply to any resources.
[2026-03-09T18:30:06.457+0000] {subprocess.py:93} INFO - There are 1 unused configuration paths:
[2026-03-09T18:30:06.457+0000] {subprocess.py:93} INFO - - models.analytics_cdc.example
[2026-03-09T18:30:06.547+0000] {subprocess.py:93} INFO - [0m18:30:06  Found 423 macros
[2026-03-09T18:30:06.549+0000] {subprocess.py:93} INFO - [0m18:30:06  Nothing to do. Try checking your model configs and model specification args
[2026-03-09T18:30:07.236+0000] {subprocess.py:97} INFO - Command exited with return code 0
[2026-03-09T18:30:07.273+0000] {taskinstance.py:1138} INFO - Marking task as SUCCESS. dag_id=run_dbt_models, task_id=dbt_run, execution_date=20260309T182500, start_date=20260309T183004, end_date=20260309T183007
[2026-03-09T18:30:07.295+0000] {local_task_job_runner.py:234} INFO - Task exited with return code 0
[2026-03-09T18:30:07.314+0000] {taskinstance.py:3280} INFO - 0 downstream tasks scheduled from follow-on schedule check
