[2026-03-09T17:12:24.747+0000] {taskinstance.py:1956} INFO - Dependencies all met for dep_context=non-requeueable deps ti=<TaskInstance: run_dbt_models.dbt_debug scheduled__2026-03-09T17:05:00+00:00 [queued]>
[2026-03-09T17:12:24.755+0000] {taskinstance.py:1956} INFO - Dependencies all met for dep_context=requeueable deps ti=<TaskInstance: run_dbt_models.dbt_debug scheduled__2026-03-09T17:05:00+00:00 [queued]>
[2026-03-09T17:12:24.756+0000] {taskinstance.py:2170} INFO - Starting attempt 1 of 2
[2026-03-09T17:12:24.769+0000] {taskinstance.py:2191} INFO - Executing <Task(BashOperator): dbt_debug> on 2026-03-09 17:05:00+00:00
[2026-03-09T17:12:24.776+0000] {standard_task_runner.py:60} INFO - Started process 182 to run task
[2026-03-09T17:12:24.779+0000] {standard_task_runner.py:87} INFO - Running: ['airflow', 'tasks', 'run', 'run_dbt_models', 'dbt_debug', 'scheduled__2026-03-09T17:05:00+00:00', '--job-id', '39', '--raw', '--subdir', 'DAGS_FOLDER/dbt_orchestrator.py', '--cfg-path', '/tmp/tmp1zs0c7hg']
[2026-03-09T17:12:24.780+0000] {standard_task_runner.py:88} INFO - Job 39: Subtask dbt_debug
[2026-03-09T17:12:24.834+0000] {task_command.py:423} INFO - Running <TaskInstance: run_dbt_models.dbt_debug scheduled__2026-03-09T17:05:00+00:00 [running]> on host aff18b8e2dfd
[2026-03-09T17:12:24.920+0000] {taskinstance.py:2480} INFO - Exporting env vars: AIRFLOW_CTX_DAG_OWNER='data_engineer' AIRFLOW_CTX_DAG_ID='run_dbt_models' AIRFLOW_CTX_TASK_ID='dbt_debug' AIRFLOW_CTX_EXECUTION_DATE='2026-03-09T17:05:00+00:00' AIRFLOW_CTX_TRY_NUMBER='1' AIRFLOW_CTX_DAG_RUN_ID='scheduled__2026-03-09T17:05:00+00:00'
[2026-03-09T17:12:24.921+0000] {subprocess.py:63} INFO - Tmp dir root location: /tmp
[2026-03-09T17:12:24.922+0000] {subprocess.py:75} INFO - Running command: ['/usr/bin/bash', '-c', 'cd /opt/airflow/dbt_project && dbt debug --profiles-dir .']
[2026-03-09T17:12:24.936+0000] {subprocess.py:86} INFO - Output:
[2026-03-09T17:12:26.520+0000] {subprocess.py:93} INFO - [0m17:12:26  Encountered an error:
[2026-03-09T17:12:26.521+0000] {subprocess.py:93} INFO - [Errno 13] Permission denied: '/opt/airflow/dbt_project/logs/dbt.log'
[2026-03-09T17:12:26.522+0000] {subprocess.py:93} INFO - [0m17:12:26  Traceback (most recent call last):
[2026-03-09T17:12:26.522+0000] {subprocess.py:93} INFO -   File "/home/airflow/.local/lib/python3.8/site-packages/dbt/cli/requires.py", line 153, in wrapper
[2026-03-09T17:12:26.522+0000] {subprocess.py:93} INFO -     result, success = func(*args, **kwargs)
[2026-03-09T17:12:26.522+0000] {subprocess.py:93} INFO -   File "/home/airflow/.local/lib/python3.8/site-packages/dbt/cli/requires.py", line 79, in wrapper
[2026-03-09T17:12:26.523+0000] {subprocess.py:93} INFO -     setup_event_logger(flags=flags, callbacks=callbacks)
[2026-03-09T17:12:26.523+0000] {subprocess.py:93} INFO -   File "/home/airflow/.local/lib/python3.8/site-packages/dbt/events/logging.py", line 100, in setup_event_logger
[2026-03-09T17:12:26.523+0000] {subprocess.py:93} INFO -     add_logger_to_manager(
[2026-03-09T17:12:26.523+0000] {subprocess.py:93} INFO -   File "/home/airflow/.local/lib/python3.8/site-packages/dbt_common/events/event_manager_client.py", line 17, in add_logger_to_manager
[2026-03-09T17:12:26.523+0000] {subprocess.py:93} INFO -     _EVENT_MANAGER.add_logger(logger)
[2026-03-09T17:12:26.523+0000] {subprocess.py:93} INFO -   File "/home/airflow/.local/lib/python3.8/site-packages/dbt_common/events/event_manager.py", line 36, in add_logger
[2026-03-09T17:12:26.524+0000] {subprocess.py:93} INFO -     _JsonLogger(config) if config.line_format == LineFormat.Json else _TextLogger(config)
[2026-03-09T17:12:26.524+0000] {subprocess.py:93} INFO -   File "/home/airflow/.local/lib/python3.8/site-packages/dbt_common/events/logger.py", line 147, in __init__
[2026-03-09T17:12:26.524+0000] {subprocess.py:93} INFO -     super().__init__(config)
[2026-03-09T17:12:26.524+0000] {subprocess.py:93} INFO -   File "/home/airflow/.local/lib/python3.8/site-packages/dbt_common/events/logger.py", line 107, in __init__
[2026-03-09T17:12:26.524+0000] {subprocess.py:93} INFO -     file_handler = RotatingFileHandler(
[2026-03-09T17:12:26.524+0000] {subprocess.py:93} INFO -   File "/usr/local/lib/python3.8/logging/handlers.py", line 148, in __init__
[2026-03-09T17:12:26.524+0000] {subprocess.py:93} INFO -     BaseRotatingHandler.__init__(self, filename, mode, encoding, delay)
[2026-03-09T17:12:26.525+0000] {subprocess.py:93} INFO -   File "/usr/local/lib/python3.8/logging/handlers.py", line 55, in __init__
[2026-03-09T17:12:26.525+0000] {subprocess.py:93} INFO -     logging.FileHandler.__init__(self, filename, mode, encoding, delay)
[2026-03-09T17:12:26.525+0000] {subprocess.py:93} INFO -   File "/usr/local/lib/python3.8/logging/__init__.py", line 1147, in __init__
[2026-03-09T17:12:26.525+0000] {subprocess.py:93} INFO -     StreamHandler.__init__(self, self._open())
[2026-03-09T17:12:26.525+0000] {subprocess.py:93} INFO -   File "/usr/local/lib/python3.8/logging/__init__.py", line 1176, in _open
[2026-03-09T17:12:26.525+0000] {subprocess.py:93} INFO -     return open(self.baseFilename, self.mode, encoding=self.encoding)
[2026-03-09T17:12:26.525+0000] {subprocess.py:93} INFO - PermissionError: [Errno 13] Permission denied: '/opt/airflow/dbt_project/logs/dbt.log'
[2026-03-09T17:12:26.526+0000] {subprocess.py:93} INFO - 
[2026-03-09T17:12:26.737+0000] {subprocess.py:97} INFO - Command exited with return code 2
[2026-03-09T17:12:26.751+0000] {taskinstance.py:2698} ERROR - Task failed with exception
Traceback (most recent call last):
  File "/home/airflow/.local/lib/python3.8/site-packages/airflow/models/taskinstance.py", line 433, in _execute_task
    result = execute_callable(context=context, **execute_callable_kwargs)
  File "/home/airflow/.local/lib/python3.8/site-packages/airflow/operators/bash.py", line 212, in execute
    raise AirflowException(
airflow.exceptions.AirflowException: Bash command failed. The command returned a non-zero exit code 2.
[2026-03-09T17:12:26.753+0000] {taskinstance.py:1138} INFO - Marking task as UP_FOR_RETRY. dag_id=run_dbt_models, task_id=dbt_debug, execution_date=20260309T170500, start_date=20260309T171224, end_date=20260309T171226
[2026-03-09T17:12:26.767+0000] {standard_task_runner.py:107} ERROR - Failed to execute job 39 for task dbt_debug (Bash command failed. The command returned a non-zero exit code 2.; 182)
[2026-03-09T17:12:26.797+0000] {local_task_job_runner.py:234} INFO - Task exited with return code 1
[2026-03-09T17:12:26.822+0000] {taskinstance.py:3280} INFO - 0 downstream tasks scheduled from follow-on schedule check
