[2026-03-09T19:13:00.764+0000] {taskinstance.py:1956} INFO - Dependencies all met for dep_context=non-requeueable deps ti=<TaskInstance: run_dbt_models.dbt_debug scheduled__2026-03-09T19:12:00+00:00 [queued]>
[2026-03-09T19:13:00.775+0000] {taskinstance.py:1956} INFO - Dependencies all met for dep_context=requeueable deps ti=<TaskInstance: run_dbt_models.dbt_debug scheduled__2026-03-09T19:12:00+00:00 [queued]>
[2026-03-09T19:13:00.775+0000] {taskinstance.py:2170} INFO - Starting attempt 1 of 2
[2026-03-09T19:13:00.789+0000] {taskinstance.py:2191} INFO - Executing <Task(BashOperator): dbt_debug> on 2026-03-09 19:12:00+00:00
[2026-03-09T19:13:00.799+0000] {standard_task_runner.py:60} INFO - Started process 1643 to run task
[2026-03-09T19:13:00.803+0000] {standard_task_runner.py:87} INFO - Running: ['airflow', 'tasks', 'run', 'run_dbt_models', 'dbt_debug', 'scheduled__2026-03-09T19:12:00+00:00', '--job-id', '126', '--raw', '--subdir', 'DAGS_FOLDER/dbt_orchestrator.py', '--cfg-path', '/tmp/tmpemhx5n8u']
[2026-03-09T19:13:00.805+0000] {standard_task_runner.py:88} INFO - Job 126: Subtask dbt_debug
[2026-03-09T19:13:00.871+0000] {task_command.py:423} INFO - Running <TaskInstance: run_dbt_models.dbt_debug scheduled__2026-03-09T19:12:00+00:00 [running]> on host 9410d24c9fb2
[2026-03-09T19:13:00.983+0000] {taskinstance.py:2480} INFO - Exporting env vars: AIRFLOW_CTX_DAG_OWNER='data_engineer' AIRFLOW_CTX_DAG_ID='run_dbt_models' AIRFLOW_CTX_TASK_ID='dbt_debug' AIRFLOW_CTX_EXECUTION_DATE='2026-03-09T19:12:00+00:00' AIRFLOW_CTX_TRY_NUMBER='1' AIRFLOW_CTX_DAG_RUN_ID='scheduled__2026-03-09T19:12:00+00:00'
[2026-03-09T19:13:00.985+0000] {subprocess.py:63} INFO - Tmp dir root location: /tmp
[2026-03-09T19:13:00.985+0000] {subprocess.py:75} INFO - Running command: ['/usr/bin/bash', '-c', 'cd /opt/airflow/dbt_project && dbt debug --profiles-dir .']
[2026-03-09T19:13:01.005+0000] {subprocess.py:86} INFO - Output:
[2026-03-09T19:13:02.335+0000] {subprocess.py:93} INFO - [0m19:13:02  Running with dbt=1.9.0-b2
[2026-03-09T19:13:02.343+0000] {subprocess.py:93} INFO - [0m19:13:02  dbt version: 1.9.0-b2
[2026-03-09T19:13:02.343+0000] {subprocess.py:93} INFO - [0m19:13:02  python version: 3.8.18
[2026-03-09T19:13:02.344+0000] {subprocess.py:93} INFO - [0m19:13:02  python path: /usr/local/bin/python
[2026-03-09T19:13:02.344+0000] {subprocess.py:93} INFO - [0m19:13:02  os info: Linux-6.12.73-1-MANJARO-x86_64-with-glibc2.34
[2026-03-09T19:13:02.390+0000] {subprocess.py:93} INFO - [0m19:13:02  Using profiles dir at .
[2026-03-09T19:13:02.391+0000] {subprocess.py:93} INFO - [0m19:13:02  Using profiles.yml file at ./profiles.yml
[2026-03-09T19:13:02.391+0000] {subprocess.py:93} INFO - [0m19:13:02  Using dbt_project.yml file at /opt/airflow/dbt_project/dbt_project.yml
[2026-03-09T19:13:02.391+0000] {subprocess.py:93} INFO - [0m19:13:02  adapter type: postgres
[2026-03-09T19:13:02.392+0000] {subprocess.py:93} INFO - [0m19:13:02  adapter version: 1.8.2
[2026-03-09T19:13:02.489+0000] {subprocess.py:93} INFO - [0m19:13:02  Configuration:
[2026-03-09T19:13:02.490+0000] {subprocess.py:93} INFO - [0m19:13:02    profiles.yml file [[32mOK found and valid[0m]
[2026-03-09T19:13:02.490+0000] {subprocess.py:93} INFO - [0m19:13:02    dbt_project.yml file [[32mOK found and valid[0m]
[2026-03-09T19:13:02.490+0000] {subprocess.py:93} INFO - [0m19:13:02  Required dependencies:
[2026-03-09T19:13:02.503+0000] {subprocess.py:93} INFO - [0m19:13:02   - git [[32mOK found[0m]
[2026-03-09T19:13:02.504+0000] {subprocess.py:93} INFO - 
[2026-03-09T19:13:02.504+0000] {subprocess.py:93} INFO - [0m19:13:02  Connection:
[2026-03-09T19:13:02.504+0000] {subprocess.py:93} INFO - [0m19:13:02    host: postgres_dw
[2026-03-09T19:13:02.505+0000] {subprocess.py:93} INFO - [0m19:13:02    port: 5432
[2026-03-09T19:13:02.505+0000] {subprocess.py:93} INFO - [0m19:13:02    user: admin
[2026-03-09T19:13:02.505+0000] {subprocess.py:93} INFO - [0m19:13:02    database: datawarehouse
[2026-03-09T19:13:02.505+0000] {subprocess.py:93} INFO - [0m19:13:02    schema: analytics
[2026-03-09T19:13:02.506+0000] {subprocess.py:93} INFO - [0m19:13:02    connect_timeout: 10
[2026-03-09T19:13:02.506+0000] {subprocess.py:93} INFO - [0m19:13:02    role: None
[2026-03-09T19:13:02.506+0000] {subprocess.py:93} INFO - [0m19:13:02    search_path: None
[2026-03-09T19:13:02.506+0000] {subprocess.py:93} INFO - [0m19:13:02    keepalives_idle: 0
[2026-03-09T19:13:02.507+0000] {subprocess.py:93} INFO - [0m19:13:02    sslmode: None
[2026-03-09T19:13:02.507+0000] {subprocess.py:93} INFO - [0m19:13:02    sslcert: None
[2026-03-09T19:13:02.507+0000] {subprocess.py:93} INFO - [0m19:13:02    sslkey: None
[2026-03-09T19:13:02.508+0000] {subprocess.py:93} INFO - [0m19:13:02    sslrootcert: None
[2026-03-09T19:13:02.508+0000] {subprocess.py:93} INFO - [0m19:13:02    application_name: dbt
[2026-03-09T19:13:02.508+0000] {subprocess.py:93} INFO - [0m19:13:02    retries: 1
[2026-03-09T19:13:02.509+0000] {subprocess.py:93} INFO - [0m19:13:02  Registered adapter: postgres=1.8.2
[2026-03-09T19:13:02.554+0000] {subprocess.py:93} INFO - [0m19:13:02    Connection test: [[32mOK connection ok[0m]
[2026-03-09T19:13:02.555+0000] {subprocess.py:93} INFO - 
[2026-03-09T19:13:02.555+0000] {subprocess.py:93} INFO - [0m19:13:02  [32mAll checks passed![0m
[2026-03-09T19:13:03.252+0000] {subprocess.py:97} INFO - Command exited with return code 0
[2026-03-09T19:13:03.288+0000] {taskinstance.py:1138} INFO - Marking task as SUCCESS. dag_id=run_dbt_models, task_id=dbt_debug, execution_date=20260309T191200, start_date=20260309T191300, end_date=20260309T191303
[2026-03-09T19:13:03.345+0000] {local_task_job_runner.py:234} INFO - Task exited with return code 0
[2026-03-09T19:13:03.368+0000] {taskinstance.py:3280} INFO - 1 downstream tasks scheduled from follow-on schedule check
