[2026-03-10T00:34:12.309+0000] {taskinstance.py:1956} INFO - Dependencies all met for dep_context=non-requeueable deps ti=<TaskInstance: run_dbt_models.dbt_run scheduled__2026-03-10T00:33:00+00:00 [queued]>
[2026-03-10T00:34:12.319+0000] {taskinstance.py:1956} INFO - Dependencies all met for dep_context=requeueable deps ti=<TaskInstance: run_dbt_models.dbt_run scheduled__2026-03-10T00:33:00+00:00 [queued]>
[2026-03-10T00:34:12.319+0000] {taskinstance.py:2170} INFO - Starting attempt 1 of 2
[2026-03-10T00:34:12.331+0000] {taskinstance.py:2191} INFO - Executing <Task(BashOperator): dbt_run> on 2026-03-10 00:33:00+00:00
[2026-03-10T00:34:12.338+0000] {standard_task_runner.py:60} INFO - Started process 2033 to run task
[2026-03-10T00:34:12.342+0000] {standard_task_runner.py:87} INFO - Running: ['airflow', 'tasks', 'run', 'run_dbt_models', 'dbt_run', 'scheduled__2026-03-10T00:33:00+00:00', '--job-id', '157', '--raw', '--subdir', 'DAGS_FOLDER/dbt_orchestrator.py', '--cfg-path', '/tmp/tmpjjaulgz9']
[2026-03-10T00:34:12.344+0000] {standard_task_runner.py:88} INFO - Job 157: Subtask dbt_run
[2026-03-10T00:34:12.398+0000] {task_command.py:423} INFO - Running <TaskInstance: run_dbt_models.dbt_run scheduled__2026-03-10T00:33:00+00:00 [running]> on host 9410d24c9fb2
[2026-03-10T00:34:12.487+0000] {taskinstance.py:2480} INFO - Exporting env vars: AIRFLOW_CTX_DAG_OWNER='data_engineer' AIRFLOW_CTX_DAG_ID='run_dbt_models' AIRFLOW_CTX_TASK_ID='dbt_run' AIRFLOW_CTX_EXECUTION_DATE='2026-03-10T00:33:00+00:00' AIRFLOW_CTX_TRY_NUMBER='1' AIRFLOW_CTX_DAG_RUN_ID='scheduled__2026-03-10T00:33:00+00:00'
[2026-03-10T00:34:12.488+0000] {subprocess.py:63} INFO - Tmp dir root location: /tmp
[2026-03-10T00:34:12.489+0000] {subprocess.py:75} INFO - Running command: ['/usr/bin/bash', '-c', 'cd /opt/airflow/dbt_project && dbt run --profiles-dir .']
[2026-03-10T00:34:12.504+0000] {subprocess.py:86} INFO - Output:
[2026-03-10T00:34:14.034+0000] {subprocess.py:93} INFO - [0m00:34:14  Running with dbt=1.9.0-b2
[2026-03-10T00:34:14.294+0000] {subprocess.py:93} INFO - [0m00:34:14  Registered adapter: postgres=1.8.2
[2026-03-10T00:34:14.452+0000] {subprocess.py:93} INFO - [0m00:34:14  [[33mWARNING[0m]: Configuration paths exist in your dbt_project.yml file which do not apply to any resources.
[2026-03-10T00:34:14.452+0000] {subprocess.py:93} INFO - There are 1 unused configuration paths:
[2026-03-10T00:34:14.453+0000] {subprocess.py:93} INFO - - models.analytics_cdc.example
[2026-03-10T00:34:14.612+0000] {subprocess.py:93} INFO - [0m00:34:14  Found 4 models, 1 source, 423 macros
[2026-03-10T00:34:14.614+0000] {subprocess.py:93} INFO - [0m00:34:14
[2026-03-10T00:34:14.615+0000] {subprocess.py:93} INFO - [0m00:34:14  Concurrency: 1 threads (target='dev')
[2026-03-10T00:34:14.615+0000] {subprocess.py:93} INFO - [0m00:34:14
[2026-03-10T00:34:14.756+0000] {subprocess.py:93} INFO - [0m00:34:14  1 of 4 START sql table model analytics.dim_demografia_usuarios ................. [RUN]
[2026-03-10T00:34:14.896+0000] {subprocess.py:93} INFO - [0m00:34:14  1 of 4 OK created sql table model analytics.dim_demografia_usuarios ............ [[32mSELECT 12[0m in 0.14s]
[2026-03-10T00:34:14.899+0000] {subprocess.py:93} INFO - [0m00:34:14  2 of 4 START sql view model analytics.health_check_duplicados .................. [RUN]
[2026-03-10T00:34:14.969+0000] {subprocess.py:93} INFO - [0m00:34:14  2 of 4 OK created sql view model analytics.health_check_duplicados ............. [[32mCREATE VIEW[0m in 0.07s]
[2026-03-10T00:34:14.971+0000] {subprocess.py:93} INFO - [0m00:34:14  3 of 4 START sql view model analytics.ultimos_100_ingresos ..................... [RUN]
[2026-03-10T00:34:15.025+0000] {subprocess.py:93} INFO - [0m00:34:15  3 of 4 OK created sql view model analytics.ultimos_100_ingresos ................ [[32mCREATE VIEW[0m in 0.05s]
[2026-03-10T00:34:15.027+0000] {subprocess.py:93} INFO - [0m00:34:15  4 of 4 START sql view model analytics.audit_reconciliacion ..................... [RUN]
[2026-03-10T00:34:15.071+0000] {subprocess.py:93} INFO - [0m00:34:15  4 of 4 OK created sql view model analytics.audit_reconciliacion ................ [[32mCREATE VIEW[0m in 0.04s]
[2026-03-10T00:34:15.084+0000] {subprocess.py:93} INFO - [0m00:34:15
[2026-03-10T00:34:15.085+0000] {subprocess.py:93} INFO - [0m00:34:15  Finished running 1 table model, 3 view models in 0 hours 0 minutes and 0.47 seconds (0.47s).
[2026-03-10T00:34:15.176+0000] {subprocess.py:93} INFO - [0m00:34:15
[2026-03-10T00:34:15.177+0000] {subprocess.py:93} INFO - [0m00:34:15  [32mCompleted successfully[0m
[2026-03-10T00:34:15.177+0000] {subprocess.py:93} INFO - [0m00:34:15
[2026-03-10T00:34:15.178+0000] {subprocess.py:93} INFO - [0m00:34:15  Done. PASS=4 WARN=0 ERROR=0 SKIP=0 TOTAL=4
[2026-03-10T00:34:23.411+0000] {subprocess.py:97} INFO - Command exited with return code 0
[2026-03-10T00:34:23.446+0000] {taskinstance.py:1138} INFO - Marking task as SUCCESS. dag_id=run_dbt_models, task_id=dbt_run, execution_date=20260310T003300, start_date=20260310T003412, end_date=20260310T003423
[2026-03-10T00:34:23.485+0000] {local_task_job_runner.py:234} INFO - Task exited with return code 0
[2026-03-10T00:34:23.502+0000] {taskinstance.py:3280} INFO - 0 downstream tasks scheduled from follow-on schedule check
