[2026-03-09T16:53:14.848+0000] {taskinstance.py:1956} INFO - Dependencies all met for dep_context=non-requeueable deps ti=<TaskInstance: run_dbt_models.dbt_debug manual__2026-03-09T16:48:12.841608+00:00 [queued]>
[2026-03-09T16:53:14.855+0000] {taskinstance.py:1956} INFO - Dependencies all met for dep_context=requeueable deps ti=<TaskInstance: run_dbt_models.dbt_debug manual__2026-03-09T16:48:12.841608+00:00 [queued]>
[2026-03-09T16:53:14.856+0000] {taskinstance.py:2170} INFO - Starting attempt 2 of 2
[2026-03-09T16:53:14.869+0000] {taskinstance.py:2191} INFO - Executing <Task(BashOperator): dbt_debug> on 2026-03-09 16:48:12.841608+00:00
[2026-03-09T16:53:14.876+0000] {standard_task_runner.py:60} INFO - Started process 293 to run task
[2026-03-09T16:53:14.879+0000] {standard_task_runner.py:87} INFO - Running: ['airflow', 'tasks', 'run', 'run_dbt_models', 'dbt_debug', 'manual__2026-03-09T16:48:12.841608+00:00', '--job-id', '31', '--raw', '--subdir', 'DAGS_FOLDER/dbt_orchestrator.py', '--cfg-path', '/tmp/tmpyxu1_ih8']
[2026-03-09T16:53:14.881+0000] {standard_task_runner.py:88} INFO - Job 31: Subtask dbt_debug
[2026-03-09T16:53:14.931+0000] {task_command.py:423} INFO - Running <TaskInstance: run_dbt_models.dbt_debug manual__2026-03-09T16:48:12.841608+00:00 [running]> on host fee53512220f
[2026-03-09T16:53:15.008+0000] {taskinstance.py:2480} INFO - Exporting env vars: AIRFLOW_CTX_DAG_OWNER='data_engineer' AIRFLOW_CTX_DAG_ID='run_dbt_models' AIRFLOW_CTX_TASK_ID='dbt_debug' AIRFLOW_CTX_EXECUTION_DATE='2026-03-09T16:48:12.841608+00:00' AIRFLOW_CTX_TRY_NUMBER='2' AIRFLOW_CTX_DAG_RUN_ID='manual__2026-03-09T16:48:12.841608+00:00'
[2026-03-09T16:53:15.009+0000] {subprocess.py:63} INFO - Tmp dir root location: /tmp
[2026-03-09T16:53:15.009+0000] {subprocess.py:75} INFO - Running command: ['/usr/bin/bash', '-c', 'cd /opt/airflow/dbt_project && dbt debug --profiles-dir .']
[2026-03-09T16:53:15.023+0000] {subprocess.py:86} INFO - Output:
[2026-03-09T16:53:15.024+0000] {subprocess.py:93} INFO - /usr/bin/bash: line 1: dbt: command not found
[2026-03-09T16:53:15.024+0000] {subprocess.py:97} INFO - Command exited with return code 127
[2026-03-09T16:53:15.036+0000] {taskinstance.py:2698} ERROR - Task failed with exception
Traceback (most recent call last):
  File "/home/airflow/.local/lib/python3.8/site-packages/airflow/models/taskinstance.py", line 433, in _execute_task
    result = execute_callable(context=context, **execute_callable_kwargs)
  File "/home/airflow/.local/lib/python3.8/site-packages/airflow/operators/bash.py", line 212, in execute
    raise AirflowException(
airflow.exceptions.AirflowException: Bash command failed. The command returned a non-zero exit code 127.
[2026-03-09T16:53:15.038+0000] {taskinstance.py:1138} INFO - Marking task as FAILED. dag_id=run_dbt_models, task_id=dbt_debug, execution_date=20260309T164812, start_date=20260309T165314, end_date=20260309T165315
[2026-03-09T16:53:15.050+0000] {standard_task_runner.py:107} ERROR - Failed to execute job 31 for task dbt_debug (Bash command failed. The command returned a non-zero exit code 127.; 293)
[2026-03-09T16:53:15.092+0000] {local_task_job_runner.py:234} INFO - Task exited with return code 1
[2026-03-09T16:53:15.115+0000] {taskinstance.py:3280} INFO - 0 downstream tasks scheduled from follow-on schedule check
