[2026-03-09T18:41:15.690+0000] {taskinstance.py:1956} INFO - Dependencies all met for dep_context=non-requeueable deps ti=<TaskInstance: run_dbt_models.dbt_debug manual__2026-03-09T18:41:14.967808+00:00 [queued]>
[2026-03-09T18:41:15.704+0000] {taskinstance.py:1956} INFO - Dependencies all met for dep_context=requeueable deps ti=<TaskInstance: run_dbt_models.dbt_debug manual__2026-03-09T18:41:14.967808+00:00 [queued]>
[2026-03-09T18:41:15.704+0000] {taskinstance.py:2170} INFO - Starting attempt 1 of 2
[2026-03-09T18:41:15.719+0000] {taskinstance.py:2191} INFO - Executing <Task(BashOperator): dbt_debug> on 2026-03-09 18:41:14.967808+00:00
[2026-03-09T18:41:15.727+0000] {standard_task_runner.py:60} INFO - Started process 915 to run task
[2026-03-09T18:41:15.730+0000] {standard_task_runner.py:87} INFO - Running: ['airflow', 'tasks', 'run', 'run_dbt_models', 'dbt_debug', 'manual__2026-03-09T18:41:14.967808+00:00', '--job-id', '78', '--raw', '--subdir', 'DAGS_FOLDER/dbt_orchestrator.py', '--cfg-path', '/tmp/tmpt03czlqq']
[2026-03-09T18:41:15.731+0000] {standard_task_runner.py:88} INFO - Job 78: Subtask dbt_debug
[2026-03-09T18:41:15.781+0000] {task_command.py:423} INFO - Running <TaskInstance: run_dbt_models.dbt_debug manual__2026-03-09T18:41:14.967808+00:00 [running]> on host 9410d24c9fb2
[2026-03-09T18:41:15.879+0000] {taskinstance.py:2480} INFO - Exporting env vars: AIRFLOW_CTX_DAG_OWNER='data_engineer' AIRFLOW_CTX_DAG_ID='run_dbt_models' AIRFLOW_CTX_TASK_ID='dbt_debug' AIRFLOW_CTX_EXECUTION_DATE='2026-03-09T18:41:14.967808+00:00' AIRFLOW_CTX_TRY_NUMBER='1' AIRFLOW_CTX_DAG_RUN_ID='manual__2026-03-09T18:41:14.967808+00:00'
[2026-03-09T18:41:15.880+0000] {subprocess.py:63} INFO - Tmp dir root location: /tmp
[2026-03-09T18:41:15.881+0000] {subprocess.py:75} INFO - Running command: ['/usr/bin/bash', '-c', 'cd /opt/airflow/dbt_project && dbt debug --profiles-dir .']
[2026-03-09T18:41:15.897+0000] {subprocess.py:86} INFO - Output:
[2026-03-09T18:41:17.307+0000] {subprocess.py:93} INFO - [0m18:41:17  Running with dbt=1.9.0-b2
[2026-03-09T18:41:17.315+0000] {subprocess.py:93} INFO - [0m18:41:17  dbt version: 1.9.0-b2
[2026-03-09T18:41:17.315+0000] {subprocess.py:93} INFO - [0m18:41:17  python version: 3.8.18
[2026-03-09T18:41:17.315+0000] {subprocess.py:93} INFO - [0m18:41:17  python path: /usr/local/bin/python
[2026-03-09T18:41:17.316+0000] {subprocess.py:93} INFO - [0m18:41:17  os info: Linux-6.12.73-1-MANJARO-x86_64-with-glibc2.34
[2026-03-09T18:41:17.366+0000] {subprocess.py:93} INFO - [0m18:41:17  Using profiles dir at .
[2026-03-09T18:41:17.366+0000] {subprocess.py:93} INFO - [0m18:41:17  Using profiles.yml file at ./profiles.yml
[2026-03-09T18:41:17.367+0000] {subprocess.py:93} INFO - [0m18:41:17  Using dbt_project.yml file at /opt/airflow/dbt_project/dbt_project.yml
[2026-03-09T18:41:17.367+0000] {subprocess.py:93} INFO - [0m18:41:17  adapter type: postgres
[2026-03-09T18:41:17.368+0000] {subprocess.py:93} INFO - [0m18:41:17  adapter version: 1.8.2
[2026-03-09T18:41:17.470+0000] {subprocess.py:93} INFO - [0m18:41:17  Configuration:
[2026-03-09T18:41:17.470+0000] {subprocess.py:93} INFO - [0m18:41:17    profiles.yml file [[32mOK found and valid[0m]
[2026-03-09T18:41:17.471+0000] {subprocess.py:93} INFO - [0m18:41:17    dbt_project.yml file [[32mOK found and valid[0m]
[2026-03-09T18:41:17.471+0000] {subprocess.py:93} INFO - [0m18:41:17  Required dependencies:
[2026-03-09T18:41:17.481+0000] {subprocess.py:93} INFO - [0m18:41:17   - git [[32mOK found[0m]
[2026-03-09T18:41:17.481+0000] {subprocess.py:93} INFO - 
[2026-03-09T18:41:17.482+0000] {subprocess.py:93} INFO - [0m18:41:17  Connection:
[2026-03-09T18:41:17.482+0000] {subprocess.py:93} INFO - [0m18:41:17    host: postgres_dw
[2026-03-09T18:41:17.482+0000] {subprocess.py:93} INFO - [0m18:41:17    port: 5432
[2026-03-09T18:41:17.482+0000] {subprocess.py:93} INFO - [0m18:41:17    user: admin
[2026-03-09T18:41:17.482+0000] {subprocess.py:93} INFO - [0m18:41:17    database: datawarehouse
[2026-03-09T18:41:17.483+0000] {subprocess.py:93} INFO - [0m18:41:17    schema: analytics
[2026-03-09T18:41:17.483+0000] {subprocess.py:93} INFO - [0m18:41:17    connect_timeout: 10
[2026-03-09T18:41:17.483+0000] {subprocess.py:93} INFO - [0m18:41:17    role: None
[2026-03-09T18:41:17.484+0000] {subprocess.py:93} INFO - [0m18:41:17    search_path: None
[2026-03-09T18:41:17.484+0000] {subprocess.py:93} INFO - [0m18:41:17    keepalives_idle: 0
[2026-03-09T18:41:17.484+0000] {subprocess.py:93} INFO - [0m18:41:17    sslmode: None
[2026-03-09T18:41:17.485+0000] {subprocess.py:93} INFO - [0m18:41:17    sslcert: None
[2026-03-09T18:41:17.485+0000] {subprocess.py:93} INFO - [0m18:41:17    sslkey: None
[2026-03-09T18:41:17.486+0000] {subprocess.py:93} INFO - [0m18:41:17    sslrootcert: None
[2026-03-09T18:41:17.486+0000] {subprocess.py:93} INFO - [0m18:41:17    application_name: dbt
[2026-03-09T18:41:17.486+0000] {subprocess.py:93} INFO - [0m18:41:17    retries: 1
[2026-03-09T18:41:17.487+0000] {subprocess.py:93} INFO - [0m18:41:17  Registered adapter: postgres=1.8.2
[2026-03-09T18:41:17.543+0000] {subprocess.py:93} INFO - [0m18:41:17    Connection test: [[32mOK connection ok[0m]
[2026-03-09T18:41:17.543+0000] {subprocess.py:93} INFO - 
[2026-03-09T18:41:17.544+0000] {subprocess.py:93} INFO - [0m18:41:17  [32mAll checks passed![0m
[2026-03-09T18:41:18.177+0000] {subprocess.py:97} INFO - Command exited with return code 0
[2026-03-09T18:41:18.210+0000] {taskinstance.py:1138} INFO - Marking task as SUCCESS. dag_id=run_dbt_models, task_id=dbt_debug, execution_date=20260309T184114, start_date=20260309T184115, end_date=20260309T184118
[2026-03-09T18:41:18.232+0000] {local_task_job_runner.py:234} INFO - Task exited with return code 0
[2026-03-09T18:41:18.256+0000] {taskinstance.py:3280} INFO - 1 downstream tasks scheduled from follow-on schedule check
