[2026-03-10T00:32:24.226+0000] {taskinstance.py:1956} INFO - Dependencies all met for dep_context=non-requeueable deps ti=<TaskInstance: run_dbt_models.dbt_run scheduled__2026-03-10T00:23:00+00:00 [queued]>
[2026-03-10T00:32:24.239+0000] {taskinstance.py:1956} INFO - Dependencies all met for dep_context=requeueable deps ti=<TaskInstance: run_dbt_models.dbt_run scheduled__2026-03-10T00:23:00+00:00 [queued]>
[2026-03-10T00:32:24.239+0000] {taskinstance.py:2170} INFO - Starting attempt 2 of 2
[2026-03-10T00:32:24.255+0000] {taskinstance.py:2191} INFO - Executing <Task(BashOperator): dbt_run> on 2026-03-10 00:23:00+00:00
[2026-03-10T00:32:24.266+0000] {standard_task_runner.py:60} INFO - Started process 1969 to run task
[2026-03-10T00:32:24.271+0000] {standard_task_runner.py:87} INFO - Running: ['airflow', 'tasks', 'run', 'run_dbt_models', 'dbt_run', 'scheduled__2026-03-10T00:23:00+00:00', '--job-id', '152', '--raw', '--subdir', 'DAGS_FOLDER/dbt_orchestrator.py', '--cfg-path', '/tmp/tmp62x8atp3']
[2026-03-10T00:32:24.273+0000] {standard_task_runner.py:88} INFO - Job 152: Subtask dbt_run
[2026-03-10T00:32:24.337+0000] {task_command.py:423} INFO - Running <TaskInstance: run_dbt_models.dbt_run scheduled__2026-03-10T00:23:00+00:00 [running]> on host 9410d24c9fb2
[2026-03-10T00:32:24.446+0000] {taskinstance.py:2480} INFO - Exporting env vars: AIRFLOW_CTX_DAG_OWNER='data_engineer' AIRFLOW_CTX_DAG_ID='run_dbt_models' AIRFLOW_CTX_TASK_ID='dbt_run' AIRFLOW_CTX_EXECUTION_DATE='2026-03-10T00:23:00+00:00' AIRFLOW_CTX_TRY_NUMBER='2' AIRFLOW_CTX_DAG_RUN_ID='scheduled__2026-03-10T00:23:00+00:00'
[2026-03-10T00:32:24.448+0000] {subprocess.py:63} INFO - Tmp dir root location: /tmp
[2026-03-10T00:32:24.448+0000] {subprocess.py:75} INFO - Running command: ['/usr/bin/bash', '-c', 'cd /opt/airflow/dbt_project && dbt run --profiles-dir .']
[2026-03-10T00:32:24.469+0000] {subprocess.py:86} INFO - Output:
[2026-03-10T00:32:25.748+0000] {subprocess.py:93} INFO - [0m00:32:25  Running with dbt=1.9.0-b2
[2026-03-10T00:32:25.968+0000] {subprocess.py:93} INFO - [0m00:32:25  Registered adapter: postgres=1.8.2
[2026-03-10T00:32:26.115+0000] {subprocess.py:93} INFO - [0m00:32:26  [[33mWARNING[0m]: Configuration paths exist in your dbt_project.yml file which do not apply to any resources.
[2026-03-10T00:32:26.115+0000] {subprocess.py:93} INFO - There are 1 unused configuration paths:
[2026-03-10T00:32:26.116+0000] {subprocess.py:93} INFO - - models.analytics_cdc.example
[2026-03-10T00:32:26.262+0000] {subprocess.py:93} INFO - [0m00:32:26  Found 4 models, 1 source, 423 macros
[2026-03-10T00:32:26.264+0000] {subprocess.py:93} INFO - [0m00:32:26
[2026-03-10T00:32:26.265+0000] {subprocess.py:93} INFO - [0m00:32:26  Concurrency: 1 threads (target='dev')
[2026-03-10T00:32:26.265+0000] {subprocess.py:93} INFO - [0m00:32:26
[2026-03-10T00:32:26.398+0000] {subprocess.py:93} INFO - [0m00:32:26  1 of 4 START sql table model analytics.dim_demografia_usuarios ................. [RUN]
[2026-03-10T00:32:26.531+0000] {subprocess.py:93} INFO - [0m00:32:26  1 of 4 OK created sql table model analytics.dim_demografia_usuarios ............ [[32mSELECT 12[0m in 0.13s]
[2026-03-10T00:32:26.533+0000] {subprocess.py:93} INFO - [0m00:32:26  2 of 4 START sql view model analytics.health_check_duplicados .................. [RUN]
[2026-03-10T00:32:26.599+0000] {subprocess.py:93} INFO - [0m00:32:26  2 of 4 OK created sql view model analytics.health_check_duplicados ............. [[32mCREATE VIEW[0m in 0.06s]
[2026-03-10T00:32:26.601+0000] {subprocess.py:93} INFO - [0m00:32:26  3 of 4 START sql view model analytics.ultimos_100_ingresos ..................... [RUN]
[2026-03-10T00:32:26.649+0000] {subprocess.py:93} INFO - [0m00:32:26  3 of 4 OK created sql view model analytics.ultimos_100_ingresos ................ [[32mCREATE VIEW[0m in 0.05s]
[2026-03-10T00:32:26.651+0000] {subprocess.py:93} INFO - [0m00:32:26  4 of 4 START sql view model analytics.audit_reconciliacion ..................... [RUN]
[2026-03-10T00:32:26.692+0000] {subprocess.py:93} INFO - [0m00:32:26  4 of 4 OK created sql view model analytics.audit_reconciliacion ................ [[32mCREATE VIEW[0m in 0.04s]
[2026-03-10T00:32:26.704+0000] {subprocess.py:93} INFO - [0m00:32:26
[2026-03-10T00:32:26.705+0000] {subprocess.py:93} INFO - [0m00:32:26  Finished running 1 table model, 3 view models in 0 hours 0 minutes and 0.44 seconds (0.44s).
[2026-03-10T00:32:26.789+0000] {subprocess.py:93} INFO - [0m00:32:26
[2026-03-10T00:32:26.790+0000] {subprocess.py:93} INFO - [0m00:32:26  [32mCompleted successfully[0m
[2026-03-10T00:32:26.790+0000] {subprocess.py:93} INFO - [0m00:32:26
[2026-03-10T00:32:26.791+0000] {subprocess.py:93} INFO - [0m00:32:26  Done. PASS=4 WARN=0 ERROR=0 SKIP=0 TOTAL=4
[2026-03-10T00:32:35.222+0000] {subprocess.py:97} INFO - Command exited with return code 0
[2026-03-10T00:32:35.264+0000] {taskinstance.py:1138} INFO - Marking task as SUCCESS. dag_id=run_dbt_models, task_id=dbt_run, execution_date=20260310T002300, start_date=20260310T003224, end_date=20260310T003235
[2026-03-10T00:32:35.314+0000] {local_task_job_runner.py:234} INFO - Task exited with return code 0
[2026-03-10T00:32:35.336+0000] {taskinstance.py:3280} INFO - 0 downstream tasks scheduled from follow-on schedule check
