[2026-03-10T00:24:02.563+0000] {taskinstance.py:1956} INFO - Dependencies all met for dep_context=non-requeueable deps ti=<TaskInstance: run_dbt_models.dbt_run scheduled__2026-03-10T00:23:00+00:00 [queued]>
[2026-03-10T00:24:02.573+0000] {taskinstance.py:1956} INFO - Dependencies all met for dep_context=requeueable deps ti=<TaskInstance: run_dbt_models.dbt_run scheduled__2026-03-10T00:23:00+00:00 [queued]>
[2026-03-10T00:24:02.573+0000] {taskinstance.py:2170} INFO - Starting attempt 1 of 2
[2026-03-10T00:24:02.585+0000] {taskinstance.py:2191} INFO - Executing <Task(BashOperator): dbt_run> on 2026-03-10 00:23:00+00:00
[2026-03-10T00:24:02.592+0000] {standard_task_runner.py:60} INFO - Started process 1793 to run task
[2026-03-10T00:24:02.595+0000] {standard_task_runner.py:87} INFO - Running: ['airflow', 'tasks', 'run', 'run_dbt_models', 'dbt_run', 'scheduled__2026-03-10T00:23:00+00:00', '--job-id', '139', '--raw', '--subdir', 'DAGS_FOLDER/dbt_orchestrator.py', '--cfg-path', '/tmp/tmp6jxfg582']
[2026-03-10T00:24:02.596+0000] {standard_task_runner.py:88} INFO - Job 139: Subtask dbt_run
[2026-03-10T00:24:02.647+0000] {task_command.py:423} INFO - Running <TaskInstance: run_dbt_models.dbt_run scheduled__2026-03-10T00:23:00+00:00 [running]> on host 9410d24c9fb2
[2026-03-10T00:24:02.738+0000] {taskinstance.py:2480} INFO - Exporting env vars: AIRFLOW_CTX_DAG_OWNER='data_engineer' AIRFLOW_CTX_DAG_ID='run_dbt_models' AIRFLOW_CTX_TASK_ID='dbt_run' AIRFLOW_CTX_EXECUTION_DATE='2026-03-10T00:23:00+00:00' AIRFLOW_CTX_TRY_NUMBER='1' AIRFLOW_CTX_DAG_RUN_ID='scheduled__2026-03-10T00:23:00+00:00'
[2026-03-10T00:24:02.739+0000] {subprocess.py:63} INFO - Tmp dir root location: /tmp
[2026-03-10T00:24:02.740+0000] {subprocess.py:75} INFO - Running command: ['/usr/bin/bash', '-c', 'cd /opt/airflow/dbt_project && dbt run --profiles-dir .']
[2026-03-10T00:24:02.757+0000] {subprocess.py:86} INFO - Output:
[2026-03-10T00:24:04.135+0000] {subprocess.py:93} INFO - [0m00:24:04  Running with dbt=1.9.0-b2
[2026-03-10T00:24:04.445+0000] {subprocess.py:93} INFO - [0m00:24:04  Registered adapter: postgres=1.8.2
[2026-03-10T00:24:04.617+0000] {subprocess.py:93} INFO - [0m00:24:04  [[33mWARNING[0m]: Configuration paths exist in your dbt_project.yml file which do not apply to any resources.
[2026-03-10T00:24:04.617+0000] {subprocess.py:93} INFO - There are 1 unused configuration paths:
[2026-03-10T00:24:04.617+0000] {subprocess.py:93} INFO - - models.analytics_cdc.example
[2026-03-10T00:24:04.778+0000] {subprocess.py:93} INFO - [0m00:24:04  Found 4 models, 1 source, 423 macros
[2026-03-10T00:24:04.780+0000] {subprocess.py:93} INFO - [0m00:24:04
[2026-03-10T00:24:04.781+0000] {subprocess.py:93} INFO - [0m00:24:04  Concurrency: 1 threads (target='dev')
[2026-03-10T00:24:04.781+0000] {subprocess.py:93} INFO - [0m00:24:04
[2026-03-10T00:24:04.934+0000] {subprocess.py:93} INFO - [0m00:24:04  1 of 4 START sql table model analytics.dim_demografia_usuarios ................. [RUN]
[2026-03-10T00:24:05.080+0000] {subprocess.py:93} INFO - [0m00:24:05  1 of 4 OK created sql table model analytics.dim_demografia_usuarios ............ [[32mSELECT 12[0m in 0.14s]
[2026-03-10T00:24:05.083+0000] {subprocess.py:93} INFO - [0m00:24:05  2 of 4 START sql view model analytics.health_check_duplicados .................. [RUN]
[2026-03-10T00:24:05.182+0000] {subprocess.py:93} INFO - [0m00:24:05  2 of 4 ERROR creating sql view model analytics.health_check_duplicados ......... [[31mERROR[0m in 0.10s]
[2026-03-10T00:24:05.187+0000] {subprocess.py:93} INFO - [0m00:24:05  3 of 4 START sql view model analytics.ultimos_100_ingresos ..................... [RUN]
[2026-03-10T00:24:05.264+0000] {subprocess.py:93} INFO - [0m00:24:05  3 of 4 OK created sql view model analytics.ultimos_100_ingresos ................ [[32mCREATE VIEW[0m in 0.08s]
[2026-03-10T00:24:05.266+0000] {subprocess.py:93} INFO - [0m00:24:05  4 of 4 START sql view model analytics.audit_reconciliacion ..................... [RUN]
[2026-03-10T00:24:05.312+0000] {subprocess.py:93} INFO - [0m00:24:05  4 of 4 OK created sql view model analytics.audit_reconciliacion ................ [[32mCREATE VIEW[0m in 0.04s]
[2026-03-10T00:24:05.327+0000] {subprocess.py:93} INFO - [0m00:24:05
[2026-03-10T00:24:05.328+0000] {subprocess.py:93} INFO - [0m00:24:05  Finished running 1 table model, 3 view models in 0 hours 0 minutes and 0.54 seconds (0.54s).
[2026-03-10T00:24:05.425+0000] {subprocess.py:93} INFO - [0m00:24:05
[2026-03-10T00:24:05.425+0000] {subprocess.py:93} INFO - [0m00:24:05  [31mCompleted with 1 error, 0 partial successs, and 0 warnings:[0m
[2026-03-10T00:24:05.426+0000] {subprocess.py:93} INFO - [0m00:24:05
[2026-03-10T00:24:05.426+0000] {subprocess.py:93} INFO - [0m00:24:05    Database Error in model health_check_duplicados (models/health_check_duplicados.sql)
[2026-03-10T00:24:05.427+0000] {subprocess.py:93} INFO -   relation "health_check_duplicados__dbt_backup" already exists
[2026-03-10T00:24:05.427+0000] {subprocess.py:93} INFO -   compiled code at target/run/analytics_cdc/models/health_check_duplicados.sql
[2026-03-10T00:24:05.427+0000] {subprocess.py:93} INFO - [0m00:24:05
[2026-03-10T00:24:05.427+0000] {subprocess.py:93} INFO - [0m00:24:05  Done. PASS=3 WARN=0 ERROR=1 SKIP=0 TOTAL=4
[2026-03-10T00:27:23.628+0000] {subprocess.py:97} INFO - Command exited with return code 1
[2026-03-10T00:27:23.645+0000] {taskinstance.py:2698} ERROR - Task failed with exception
Traceback (most recent call last):
  File "/home/airflow/.local/lib/python3.8/site-packages/airflow/models/taskinstance.py", line 433, in _execute_task
    result = execute_callable(context=context, **execute_callable_kwargs)
  File "/home/airflow/.local/lib/python3.8/site-packages/airflow/operators/bash.py", line 212, in execute
    raise AirflowException(
airflow.exceptions.AirflowException: Bash command failed. The command returned a non-zero exit code 1.
[2026-03-10T00:27:23.651+0000] {taskinstance.py:1138} INFO - Marking task as UP_FOR_RETRY. dag_id=run_dbt_models, task_id=dbt_run, execution_date=20260310T002300, start_date=20260310T002402, end_date=20260310T002723
[2026-03-10T00:27:23.668+0000] {standard_task_runner.py:107} ERROR - Failed to execute job 139 for task dbt_run (Bash command failed. The command returned a non-zero exit code 1.; 1793)
[2026-03-10T00:27:23.689+0000] {local_task_job_runner.py:234} INFO - Task exited with return code 1
[2026-03-10T00:27:23.713+0000] {taskinstance.py:3280} INFO - 0 downstream tasks scheduled from follow-on schedule check
