[2026-03-10T00:32:24.226+0000] {taskinstance.py:1956} INFO - Dependencies all met for dep_context=non-requeueable deps ti=<TaskInstance: run_dbt_models.dbt_run scheduled__2026-03-10T00:22:00+00:00 [queued]>
[2026-03-10T00:32:24.239+0000] {taskinstance.py:1956} INFO - Dependencies all met for dep_context=requeueable deps ti=<TaskInstance: run_dbt_models.dbt_run scheduled__2026-03-10T00:22:00+00:00 [queued]>
[2026-03-10T00:32:24.240+0000] {taskinstance.py:2170} INFO - Starting attempt 2 of 2
[2026-03-10T00:32:24.256+0000] {taskinstance.py:2191} INFO - Executing <Task(BashOperator): dbt_run> on 2026-03-10 00:22:00+00:00
[2026-03-10T00:32:24.267+0000] {standard_task_runner.py:60} INFO - Started process 1970 to run task
[2026-03-10T00:32:24.271+0000] {standard_task_runner.py:87} INFO - Running: ['airflow', 'tasks', 'run', 'run_dbt_models', 'dbt_run', 'scheduled__2026-03-10T00:22:00+00:00', '--job-id', '153', '--raw', '--subdir', 'DAGS_FOLDER/dbt_orchestrator.py', '--cfg-path', '/tmp/tmp3ga67kdu']
[2026-03-10T00:32:24.273+0000] {standard_task_runner.py:88} INFO - Job 153: Subtask dbt_run
[2026-03-10T00:32:24.335+0000] {task_command.py:423} INFO - Running <TaskInstance: run_dbt_models.dbt_run scheduled__2026-03-10T00:22:00+00:00 [running]> on host 9410d24c9fb2
[2026-03-10T00:32:24.440+0000] {taskinstance.py:2480} INFO - Exporting env vars: AIRFLOW_CTX_DAG_OWNER='data_engineer' AIRFLOW_CTX_DAG_ID='run_dbt_models' AIRFLOW_CTX_TASK_ID='dbt_run' AIRFLOW_CTX_EXECUTION_DATE='2026-03-10T00:22:00+00:00' AIRFLOW_CTX_TRY_NUMBER='2' AIRFLOW_CTX_DAG_RUN_ID='scheduled__2026-03-10T00:22:00+00:00'
[2026-03-10T00:32:24.442+0000] {subprocess.py:63} INFO - Tmp dir root location: /tmp
[2026-03-10T00:32:24.443+0000] {subprocess.py:75} INFO - Running command: ['/usr/bin/bash', '-c', 'cd /opt/airflow/dbt_project && dbt run --profiles-dir .']
[2026-03-10T00:32:24.462+0000] {subprocess.py:86} INFO - Output:
[2026-03-10T00:32:25.762+0000] {subprocess.py:93} INFO - [0m00:32:25  Running with dbt=1.9.0-b2
[2026-03-10T00:32:25.984+0000] {subprocess.py:93} INFO - [0m00:32:25  Registered adapter: postgres=1.8.2
[2026-03-10T00:32:26.136+0000] {subprocess.py:93} INFO - [0m00:32:26  [[33mWARNING[0m]: Configuration paths exist in your dbt_project.yml file which do not apply to any resources.
[2026-03-10T00:32:26.137+0000] {subprocess.py:93} INFO - There are 1 unused configuration paths:
[2026-03-10T00:32:26.137+0000] {subprocess.py:93} INFO - - models.analytics_cdc.example
[2026-03-10T00:32:26.287+0000] {subprocess.py:93} INFO - [0m00:32:26  Found 4 models, 1 source, 423 macros
[2026-03-10T00:32:26.289+0000] {subprocess.py:93} INFO - [0m00:32:26
[2026-03-10T00:32:26.290+0000] {subprocess.py:93} INFO - [0m00:32:26  Concurrency: 1 threads (target='dev')
[2026-03-10T00:32:26.290+0000] {subprocess.py:93} INFO - [0m00:32:26
[2026-03-10T00:32:26.428+0000] {subprocess.py:93} INFO - [0m00:32:26  1 of 4 START sql table model analytics.dim_demografia_usuarios ................. [RUN]
[2026-03-10T00:32:26.533+0000] {subprocess.py:93} INFO - [0m00:32:26  1 of 4 ERROR creating sql table model analytics.dim_demografia_usuarios ........ [[31mERROR[0m in 0.10s]
[2026-03-10T00:32:26.534+0000] {subprocess.py:93} INFO - [0m00:32:26  2 of 4 START sql view model analytics.health_check_duplicados .................. [RUN]
[2026-03-10T00:32:26.601+0000] {subprocess.py:93} INFO - [0m00:32:26  2 of 4 ERROR creating sql view model analytics.health_check_duplicados ......... [[31mERROR[0m in 0.06s]
[2026-03-10T00:32:26.603+0000] {subprocess.py:93} INFO - [0m00:32:26  3 of 4 START sql view model analytics.ultimos_100_ingresos ..................... [RUN]
[2026-03-10T00:32:26.692+0000] {subprocess.py:93} INFO - [0m00:32:26  3 of 4 OK created sql view model analytics.ultimos_100_ingresos ................ [[32mCREATE VIEW[0m in 0.09s]
[2026-03-10T00:32:26.693+0000] {subprocess.py:93} INFO - [0m00:32:26  4 of 4 SKIP relation analytics.audit_reconciliacion ............................ [[33mSKIP[0m]
[2026-03-10T00:32:26.706+0000] {subprocess.py:93} INFO - [0m00:32:26
[2026-03-10T00:32:26.706+0000] {subprocess.py:93} INFO - [0m00:32:26  Finished running 1 table model, 3 view models in 0 hours 0 minutes and 0.42 seconds (0.42s).
[2026-03-10T00:32:26.740+0000] {subprocess.py:93} INFO - [0m00:32:26
[2026-03-10T00:32:26.740+0000] {subprocess.py:93} INFO - [0m00:32:26  [31mCompleted with 2 errors, 0 partial successs, and 0 warnings:[0m
[2026-03-10T00:32:26.741+0000] {subprocess.py:93} INFO - [0m00:32:26
[2026-03-10T00:32:26.741+0000] {subprocess.py:93} INFO - [0m00:32:26    Database Error in model dim_demografia_usuarios (models/dim_demografia_usuarios.sql)
[2026-03-10T00:32:26.741+0000] {subprocess.py:93} INFO -   relation "dim_demografia_usuarios__dbt_backup" already exists
[2026-03-10T00:32:26.741+0000] {subprocess.py:93} INFO -   compiled code at target/run/analytics_cdc/models/dim_demografia_usuarios.sql
[2026-03-10T00:32:26.742+0000] {subprocess.py:93} INFO - [0m00:32:26
[2026-03-10T00:32:26.742+0000] {subprocess.py:93} INFO - [0m00:32:26    Database Error in model health_check_duplicados (models/health_check_duplicados.sql)
[2026-03-10T00:32:26.742+0000] {subprocess.py:93} INFO -   relation "health_check_duplicados__dbt_backup" already exists
[2026-03-10T00:32:26.742+0000] {subprocess.py:93} INFO -   compiled code at target/run/analytics_cdc/models/health_check_duplicados.sql
[2026-03-10T00:32:26.742+0000] {subprocess.py:93} INFO - [0m00:32:26
[2026-03-10T00:32:26.743+0000] {subprocess.py:93} INFO - [0m00:32:26  Done. PASS=1 WARN=0 ERROR=2 SKIP=1 TOTAL=4
[2026-03-10T00:32:35.200+0000] {subprocess.py:97} INFO - Command exited with return code 1
[2026-03-10T00:32:35.215+0000] {taskinstance.py:2698} ERROR - Task failed with exception
Traceback (most recent call last):
  File "/home/airflow/.local/lib/python3.8/site-packages/airflow/models/taskinstance.py", line 433, in _execute_task
    result = execute_callable(context=context, **execute_callable_kwargs)
  File "/home/airflow/.local/lib/python3.8/site-packages/airflow/operators/bash.py", line 212, in execute
    raise AirflowException(
airflow.exceptions.AirflowException: Bash command failed. The command returned a non-zero exit code 1.
[2026-03-10T00:32:35.219+0000] {taskinstance.py:1138} INFO - Marking task as FAILED. dag_id=run_dbt_models, task_id=dbt_run, execution_date=20260310T002200, start_date=20260310T003224, end_date=20260310T003235
[2026-03-10T00:32:35.241+0000] {standard_task_runner.py:107} ERROR - Failed to execute job 153 for task dbt_run (Bash command failed. The command returned a non-zero exit code 1.; 1970)
[2026-03-10T00:32:35.280+0000] {local_task_job_runner.py:234} INFO - Task exited with return code 1
[2026-03-10T00:32:35.302+0000] {taskinstance.py:3280} INFO - 0 downstream tasks scheduled from follow-on schedule check
