[2026-03-09T17:25:03.880+0000] {taskinstance.py:1956} INFO - Dependencies all met for dep_context=non-requeueable deps ti=<TaskInstance: run_dbt_models.dbt_debug scheduled__2026-03-09T17:15:00+00:00 [queued]>
[2026-03-09T17:25:03.888+0000] {taskinstance.py:1956} INFO - Dependencies all met for dep_context=requeueable deps ti=<TaskInstance: run_dbt_models.dbt_debug scheduled__2026-03-09T17:15:00+00:00 [queued]>
[2026-03-09T17:25:03.888+0000] {taskinstance.py:2170} INFO - Starting attempt 2 of 2
[2026-03-09T17:25:03.903+0000] {taskinstance.py:2191} INFO - Executing <Task(BashOperator): dbt_debug> on 2026-03-09 17:15:00+00:00
[2026-03-09T17:25:03.910+0000] {standard_task_runner.py:60} INFO - Started process 258 to run task
[2026-03-09T17:25:03.913+0000] {standard_task_runner.py:87} INFO - Running: ['airflow', 'tasks', 'run', 'run_dbt_models', 'dbt_debug', 'scheduled__2026-03-09T17:15:00+00:00', '--job-id', '54', '--raw', '--subdir', 'DAGS_FOLDER/dbt_orchestrator.py', '--cfg-path', '/tmp/tmp_dm8gdt2']
[2026-03-09T17:25:03.914+0000] {standard_task_runner.py:88} INFO - Job 54: Subtask dbt_debug
[2026-03-09T17:25:03.965+0000] {task_command.py:423} INFO - Running <TaskInstance: run_dbt_models.dbt_debug scheduled__2026-03-09T17:15:00+00:00 [running]> on host 9410d24c9fb2
[2026-03-09T17:25:04.038+0000] {taskinstance.py:2480} INFO - Exporting env vars: AIRFLOW_CTX_DAG_OWNER='data_engineer' AIRFLOW_CTX_DAG_ID='run_dbt_models' AIRFLOW_CTX_TASK_ID='dbt_debug' AIRFLOW_CTX_EXECUTION_DATE='2026-03-09T17:15:00+00:00' AIRFLOW_CTX_TRY_NUMBER='2' AIRFLOW_CTX_DAG_RUN_ID='scheduled__2026-03-09T17:15:00+00:00'
[2026-03-09T17:25:04.039+0000] {subprocess.py:63} INFO - Tmp dir root location: /tmp
[2026-03-09T17:25:04.040+0000] {subprocess.py:75} INFO - Running command: ['/usr/bin/bash', '-c', 'cd /opt/airflow/dbt_project && dbt debug --profiles-dir .']
[2026-03-09T17:25:04.054+0000] {subprocess.py:86} INFO - Output:
[2026-03-09T17:25:05.394+0000] {subprocess.py:93} INFO - [0m17:25:05  Running with dbt=1.9.0-b2
[2026-03-09T17:25:05.402+0000] {subprocess.py:93} INFO - [0m17:25:05  dbt version: 1.9.0-b2
[2026-03-09T17:25:05.403+0000] {subprocess.py:93} INFO - [0m17:25:05  python version: 3.8.18
[2026-03-09T17:25:05.403+0000] {subprocess.py:93} INFO - [0m17:25:05  python path: /usr/local/bin/python
[2026-03-09T17:25:05.404+0000] {subprocess.py:93} INFO - [0m17:25:05  os info: Linux-6.12.73-1-MANJARO-x86_64-with-glibc2.34
[2026-03-09T17:25:05.460+0000] {subprocess.py:93} INFO - [0m17:25:05  Using profiles dir at .
[2026-03-09T17:25:05.460+0000] {subprocess.py:93} INFO - [0m17:25:05  Using profiles.yml file at ./profiles.yml
[2026-03-09T17:25:05.461+0000] {subprocess.py:93} INFO - [0m17:25:05  Using dbt_project.yml file at /opt/airflow/dbt_project/dbt_project.yml
[2026-03-09T17:25:05.461+0000] {subprocess.py:93} INFO - [0m17:25:05  adapter type: postgres
[2026-03-09T17:25:05.462+0000] {subprocess.py:93} INFO - [0m17:25:05  adapter version: 1.8.2
[2026-03-09T17:25:05.563+0000] {subprocess.py:93} INFO - [0m17:25:05  Configuration:
[2026-03-09T17:25:05.564+0000] {subprocess.py:93} INFO - [0m17:25:05    profiles.yml file [[32mOK found and valid[0m]
[2026-03-09T17:25:05.564+0000] {subprocess.py:93} INFO - [0m17:25:05    dbt_project.yml file [[32mOK found and valid[0m]
[2026-03-09T17:25:05.564+0000] {subprocess.py:93} INFO - [0m17:25:05  Required dependencies:
[2026-03-09T17:25:05.579+0000] {subprocess.py:93} INFO - [0m17:25:05   - git [[32mOK found[0m]
[2026-03-09T17:25:05.579+0000] {subprocess.py:93} INFO - 
[2026-03-09T17:25:05.579+0000] {subprocess.py:93} INFO - [0m17:25:05  Connection:
[2026-03-09T17:25:05.580+0000] {subprocess.py:93} INFO - [0m17:25:05    host: postgres_dw
[2026-03-09T17:25:05.580+0000] {subprocess.py:93} INFO - [0m17:25:05    port: 5432
[2026-03-09T17:25:05.580+0000] {subprocess.py:93} INFO - [0m17:25:05    user: admin
[2026-03-09T17:25:05.580+0000] {subprocess.py:93} INFO - [0m17:25:05    database: datawarehouse
[2026-03-09T17:25:05.581+0000] {subprocess.py:93} INFO - [0m17:25:05    schema: analytics
[2026-03-09T17:25:05.581+0000] {subprocess.py:93} INFO - [0m17:25:05    connect_timeout: 10
[2026-03-09T17:25:05.581+0000] {subprocess.py:93} INFO - [0m17:25:05    role: None
[2026-03-09T17:25:05.582+0000] {subprocess.py:93} INFO - [0m17:25:05    search_path: None
[2026-03-09T17:25:05.582+0000] {subprocess.py:93} INFO - [0m17:25:05    keepalives_idle: 0
[2026-03-09T17:25:05.582+0000] {subprocess.py:93} INFO - [0m17:25:05    sslmode: None
[2026-03-09T17:25:05.583+0000] {subprocess.py:93} INFO - [0m17:25:05    sslcert: None
[2026-03-09T17:25:05.583+0000] {subprocess.py:93} INFO - [0m17:25:05    sslkey: None
[2026-03-09T17:25:05.583+0000] {subprocess.py:93} INFO - [0m17:25:05    sslrootcert: None
[2026-03-09T17:25:05.584+0000] {subprocess.py:93} INFO - [0m17:25:05    application_name: dbt
[2026-03-09T17:25:05.584+0000] {subprocess.py:93} INFO - [0m17:25:05    retries: 1
[2026-03-09T17:25:05.585+0000] {subprocess.py:93} INFO - [0m17:25:05  Registered adapter: postgres=1.8.2
[2026-03-09T17:25:05.642+0000] {subprocess.py:93} INFO - [0m17:25:05    Connection test: [[32mOK connection ok[0m]
[2026-03-09T17:25:05.643+0000] {subprocess.py:93} INFO - 
[2026-03-09T17:25:05.643+0000] {subprocess.py:93} INFO - [0m17:25:05  [32mAll checks passed![0m
[2026-03-09T17:25:06.579+0000] {subprocess.py:97} INFO - Command exited with return code 0
[2026-03-09T17:25:06.613+0000] {taskinstance.py:1138} INFO - Marking task as SUCCESS. dag_id=run_dbt_models, task_id=dbt_debug, execution_date=20260309T171500, start_date=20260309T172503, end_date=20260309T172506
[2026-03-09T17:25:06.654+0000] {local_task_job_runner.py:234} INFO - Task exited with return code 0
[2026-03-09T17:25:06.676+0000] {taskinstance.py:3280} INFO - 1 downstream tasks scheduled from follow-on schedule check
