[2026-03-09T17:18:43.801+0000] {taskinstance.py:1956} INFO - Dependencies all met for dep_context=non-requeueable deps ti=<TaskInstance: run_dbt_models.dbt_debug manual__2026-03-09T17:13:40.090453+00:00 [queued]>
[2026-03-09T17:18:43.808+0000] {taskinstance.py:1956} INFO - Dependencies all met for dep_context=requeueable deps ti=<TaskInstance: run_dbt_models.dbt_debug manual__2026-03-09T17:13:40.090453+00:00 [queued]>
[2026-03-09T17:18:43.808+0000] {taskinstance.py:2170} INFO - Starting attempt 2 of 2
[2026-03-09T17:18:43.821+0000] {taskinstance.py:2191} INFO - Executing <Task(BashOperator): dbt_debug> on 2026-03-09 17:13:40.090453+00:00
[2026-03-09T17:18:43.828+0000] {standard_task_runner.py:60} INFO - Started process 270 to run task
[2026-03-09T17:18:43.831+0000] {standard_task_runner.py:87} INFO - Running: ['airflow', 'tasks', 'run', 'run_dbt_models', 'dbt_debug', 'manual__2026-03-09T17:13:40.090453+00:00', '--job-id', '45', '--raw', '--subdir', 'DAGS_FOLDER/dbt_orchestrator.py', '--cfg-path', '/tmp/tmp8o2wj5zk']
[2026-03-09T17:18:43.833+0000] {standard_task_runner.py:88} INFO - Job 45: Subtask dbt_debug
[2026-03-09T17:18:43.884+0000] {task_command.py:423} INFO - Running <TaskInstance: run_dbt_models.dbt_debug manual__2026-03-09T17:13:40.090453+00:00 [running]> on host aff18b8e2dfd
[2026-03-09T17:18:43.961+0000] {taskinstance.py:2480} INFO - Exporting env vars: AIRFLOW_CTX_DAG_OWNER='data_engineer' AIRFLOW_CTX_DAG_ID='run_dbt_models' AIRFLOW_CTX_TASK_ID='dbt_debug' AIRFLOW_CTX_EXECUTION_DATE='2026-03-09T17:13:40.090453+00:00' AIRFLOW_CTX_TRY_NUMBER='2' AIRFLOW_CTX_DAG_RUN_ID='manual__2026-03-09T17:13:40.090453+00:00'
[2026-03-09T17:18:43.962+0000] {subprocess.py:63} INFO - Tmp dir root location: /tmp
[2026-03-09T17:18:43.963+0000] {subprocess.py:75} INFO - Running command: ['/usr/bin/bash', '-c', 'cd /opt/airflow/dbt_project && dbt debug --profiles-dir .']
[2026-03-09T17:18:43.976+0000] {subprocess.py:86} INFO - Output:
[2026-03-09T17:18:45.289+0000] {subprocess.py:93} INFO - [0m17:18:45  Running with dbt=1.9.0-b2
[2026-03-09T17:18:45.296+0000] {subprocess.py:93} INFO - [0m17:18:45  dbt version: 1.9.0-b2
[2026-03-09T17:18:45.297+0000] {subprocess.py:93} INFO - [0m17:18:45  python version: 3.8.18
[2026-03-09T17:18:45.297+0000] {subprocess.py:93} INFO - [0m17:18:45  python path: /usr/local/bin/python
[2026-03-09T17:18:45.297+0000] {subprocess.py:93} INFO - [0m17:18:45  os info: Linux-6.12.73-1-MANJARO-x86_64-with-glibc2.34
[2026-03-09T17:18:45.298+0000] {subprocess.py:93} INFO - [0m17:18:45  Using profiles dir at .
[2026-03-09T17:18:45.298+0000] {subprocess.py:93} INFO - [0m17:18:45  Using profiles.yml file at ./profiles.yml
[2026-03-09T17:18:45.298+0000] {subprocess.py:93} INFO - [0m17:18:45  Using dbt_project.yml file at /opt/airflow/dbt_project/dbt_project.yml
[2026-03-09T17:18:45.398+0000] {subprocess.py:93} INFO - [0m17:18:45  Configuration:
[2026-03-09T17:18:45.399+0000] {subprocess.py:93} INFO - [0m17:18:45    profiles.yml file [[31mERROR not found[0m]
[2026-03-09T17:18:45.399+0000] {subprocess.py:93} INFO - [0m17:18:45    dbt_project.yml file [[32mOK found and valid[0m]
[2026-03-09T17:18:45.399+0000] {subprocess.py:93} INFO - [0m17:18:45  Required dependencies:
[2026-03-09T17:18:45.407+0000] {subprocess.py:93} INFO - [0m17:18:45   - git [[31mERROR[0m]
[2026-03-09T17:18:45.407+0000] {subprocess.py:93} INFO - 
[2026-03-09T17:18:45.407+0000] {subprocess.py:93} INFO - [0m17:18:45  Connection test skipped since no profile was found
[2026-03-09T17:18:45.407+0000] {subprocess.py:93} INFO - [0m17:18:45  [31m2 checks failed:[0m
[2026-03-09T17:18:45.408+0000] {subprocess.py:93} INFO - [0m17:18:45  dbt looked for a profiles.yml file in ./profiles.yml, but did
[2026-03-09T17:18:45.408+0000] {subprocess.py:93} INFO - not find one. For more information on configuring your profile, consult the
[2026-03-09T17:18:45.408+0000] {subprocess.py:93} INFO - documentation:
[2026-03-09T17:18:45.409+0000] {subprocess.py:93} INFO - 
[2026-03-09T17:18:45.409+0000] {subprocess.py:93} INFO - https://docs.getdbt.com/docs/configure-your-profile
[2026-03-09T17:18:45.409+0000] {subprocess.py:93} INFO - 
[2026-03-09T17:18:45.409+0000] {subprocess.py:93} INFO - 
[2026-03-09T17:18:45.409+0000] {subprocess.py:93} INFO - [0m17:18:45  Error from git --help: User does not have permissions for this command: "git"
[2026-03-09T17:18:45.409+0000] {subprocess.py:93} INFO - 
[2026-03-09T17:18:46.043+0000] {subprocess.py:97} INFO - Command exited with return code 1
[2026-03-09T17:18:46.057+0000] {taskinstance.py:2698} ERROR - Task failed with exception
Traceback (most recent call last):
  File "/home/airflow/.local/lib/python3.8/site-packages/airflow/models/taskinstance.py", line 433, in _execute_task
    result = execute_callable(context=context, **execute_callable_kwargs)
  File "/home/airflow/.local/lib/python3.8/site-packages/airflow/operators/bash.py", line 212, in execute
    raise AirflowException(
airflow.exceptions.AirflowException: Bash command failed. The command returned a non-zero exit code 1.
[2026-03-09T17:18:46.060+0000] {taskinstance.py:1138} INFO - Marking task as FAILED. dag_id=run_dbt_models, task_id=dbt_debug, execution_date=20260309T171340, start_date=20260309T171843, end_date=20260309T171846
[2026-03-09T17:18:46.075+0000] {standard_task_runner.py:107} ERROR - Failed to execute job 45 for task dbt_debug (Bash command failed. The command returned a non-zero exit code 1.; 270)
[2026-03-09T17:18:46.093+0000] {local_task_job_runner.py:234} INFO - Task exited with return code 1
[2026-03-09T17:18:46.121+0000] {taskinstance.py:3280} INFO - 0 downstream tasks scheduled from follow-on schedule check
