[2026-03-09T17:13:41.286+0000] {taskinstance.py:1956} INFO - Dependencies all met for dep_context=non-requeueable deps ti=<TaskInstance: run_dbt_models.dbt_debug manual__2026-03-09T17:13:40.090453+00:00 [queued]>
[2026-03-09T17:13:41.294+0000] {taskinstance.py:1956} INFO - Dependencies all met for dep_context=requeueable deps ti=<TaskInstance: run_dbt_models.dbt_debug manual__2026-03-09T17:13:40.090453+00:00 [queued]>
[2026-03-09T17:13:41.294+0000] {taskinstance.py:2170} INFO - Starting attempt 1 of 2
[2026-03-09T17:13:41.307+0000] {taskinstance.py:2191} INFO - Executing <Task(BashOperator): dbt_debug> on 2026-03-09 17:13:40.090453+00:00
[2026-03-09T17:13:41.314+0000] {standard_task_runner.py:60} INFO - Started process 199 to run task
[2026-03-09T17:13:41.317+0000] {standard_task_runner.py:87} INFO - Running: ['airflow', 'tasks', 'run', 'run_dbt_models', 'dbt_debug', 'manual__2026-03-09T17:13:40.090453+00:00', '--job-id', '40', '--raw', '--subdir', 'DAGS_FOLDER/dbt_orchestrator.py', '--cfg-path', '/tmp/tmp0s1502gp']
[2026-03-09T17:13:41.319+0000] {standard_task_runner.py:88} INFO - Job 40: Subtask dbt_debug
[2026-03-09T17:13:41.369+0000] {task_command.py:423} INFO - Running <TaskInstance: run_dbt_models.dbt_debug manual__2026-03-09T17:13:40.090453+00:00 [running]> on host aff18b8e2dfd
[2026-03-09T17:13:41.451+0000] {taskinstance.py:2480} INFO - Exporting env vars: AIRFLOW_CTX_DAG_OWNER='data_engineer' AIRFLOW_CTX_DAG_ID='run_dbt_models' AIRFLOW_CTX_TASK_ID='dbt_debug' AIRFLOW_CTX_EXECUTION_DATE='2026-03-09T17:13:40.090453+00:00' AIRFLOW_CTX_TRY_NUMBER='1' AIRFLOW_CTX_DAG_RUN_ID='manual__2026-03-09T17:13:40.090453+00:00'
[2026-03-09T17:13:41.453+0000] {subprocess.py:63} INFO - Tmp dir root location: /tmp
[2026-03-09T17:13:41.453+0000] {subprocess.py:75} INFO - Running command: ['/usr/bin/bash', '-c', 'cd /opt/airflow/dbt_project && dbt debug --profiles-dir .']
[2026-03-09T17:13:41.468+0000] {subprocess.py:86} INFO - Output:
[2026-03-09T17:13:42.850+0000] {subprocess.py:93} INFO - [0m17:13:42  Encountered an error:
[2026-03-09T17:13:42.850+0000] {subprocess.py:93} INFO - [Errno 13] Permission denied: '/opt/airflow/dbt_project/logs/dbt.log'
[2026-03-09T17:13:42.852+0000] {subprocess.py:93} INFO - [0m17:13:42  Traceback (most recent call last):
[2026-03-09T17:13:42.852+0000] {subprocess.py:93} INFO -   File "/home/airflow/.local/lib/python3.8/site-packages/dbt/cli/requires.py", line 153, in wrapper
[2026-03-09T17:13:42.852+0000] {subprocess.py:93} INFO -     result, success = func(*args, **kwargs)
[2026-03-09T17:13:42.852+0000] {subprocess.py:93} INFO -   File "/home/airflow/.local/lib/python3.8/site-packages/dbt/cli/requires.py", line 79, in wrapper
[2026-03-09T17:13:42.852+0000] {subprocess.py:93} INFO -     setup_event_logger(flags=flags, callbacks=callbacks)
[2026-03-09T17:13:42.853+0000] {subprocess.py:93} INFO -   File "/home/airflow/.local/lib/python3.8/site-packages/dbt/events/logging.py", line 100, in setup_event_logger
[2026-03-09T17:13:42.853+0000] {subprocess.py:93} INFO -     add_logger_to_manager(
[2026-03-09T17:13:42.853+0000] {subprocess.py:93} INFO -   File "/home/airflow/.local/lib/python3.8/site-packages/dbt_common/events/event_manager_client.py", line 17, in add_logger_to_manager
[2026-03-09T17:13:42.853+0000] {subprocess.py:93} INFO -     _EVENT_MANAGER.add_logger(logger)
[2026-03-09T17:13:42.853+0000] {subprocess.py:93} INFO -   File "/home/airflow/.local/lib/python3.8/site-packages/dbt_common/events/event_manager.py", line 36, in add_logger
[2026-03-09T17:13:42.853+0000] {subprocess.py:93} INFO -     _JsonLogger(config) if config.line_format == LineFormat.Json else _TextLogger(config)
[2026-03-09T17:13:42.853+0000] {subprocess.py:93} INFO -   File "/home/airflow/.local/lib/python3.8/site-packages/dbt_common/events/logger.py", line 147, in __init__
[2026-03-09T17:13:42.853+0000] {subprocess.py:93} INFO -     super().__init__(config)
[2026-03-09T17:13:42.853+0000] {subprocess.py:93} INFO -   File "/home/airflow/.local/lib/python3.8/site-packages/dbt_common/events/logger.py", line 107, in __init__
[2026-03-09T17:13:42.853+0000] {subprocess.py:93} INFO -     file_handler = RotatingFileHandler(
[2026-03-09T17:13:42.854+0000] {subprocess.py:93} INFO -   File "/usr/local/lib/python3.8/logging/handlers.py", line 148, in __init__
[2026-03-09T17:13:42.854+0000] {subprocess.py:93} INFO -     BaseRotatingHandler.__init__(self, filename, mode, encoding, delay)
[2026-03-09T17:13:42.854+0000] {subprocess.py:93} INFO -   File "/usr/local/lib/python3.8/logging/handlers.py", line 55, in __init__
[2026-03-09T17:13:42.854+0000] {subprocess.py:93} INFO -     logging.FileHandler.__init__(self, filename, mode, encoding, delay)
[2026-03-09T17:13:42.854+0000] {subprocess.py:93} INFO -   File "/usr/local/lib/python3.8/logging/__init__.py", line 1147, in __init__
[2026-03-09T17:13:42.854+0000] {subprocess.py:93} INFO -     StreamHandler.__init__(self, self._open())
[2026-03-09T17:13:42.854+0000] {subprocess.py:93} INFO -   File "/usr/local/lib/python3.8/logging/__init__.py", line 1176, in _open
[2026-03-09T17:13:42.854+0000] {subprocess.py:93} INFO -     return open(self.baseFilename, self.mode, encoding=self.encoding)
[2026-03-09T17:13:42.854+0000] {subprocess.py:93} INFO - PermissionError: [Errno 13] Permission denied: '/opt/airflow/dbt_project/logs/dbt.log'
[2026-03-09T17:13:42.854+0000] {subprocess.py:93} INFO - 
[2026-03-09T17:13:43.011+0000] {subprocess.py:97} INFO - Command exited with return code 2
[2026-03-09T17:13:43.024+0000] {taskinstance.py:2698} ERROR - Task failed with exception
Traceback (most recent call last):
  File "/home/airflow/.local/lib/python3.8/site-packages/airflow/models/taskinstance.py", line 433, in _execute_task
    result = execute_callable(context=context, **execute_callable_kwargs)
  File "/home/airflow/.local/lib/python3.8/site-packages/airflow/operators/bash.py", line 212, in execute
    raise AirflowException(
airflow.exceptions.AirflowException: Bash command failed. The command returned a non-zero exit code 2.
[2026-03-09T17:13:43.027+0000] {taskinstance.py:1138} INFO - Marking task as UP_FOR_RETRY. dag_id=run_dbt_models, task_id=dbt_debug, execution_date=20260309T171340, start_date=20260309T171341, end_date=20260309T171343
[2026-03-09T17:13:43.039+0000] {standard_task_runner.py:107} ERROR - Failed to execute job 40 for task dbt_debug (Bash command failed. The command returned a non-zero exit code 2.; 199)
[2026-03-09T17:13:43.055+0000] {local_task_job_runner.py:234} INFO - Task exited with return code 1
[2026-03-09T17:13:43.078+0000] {taskinstance.py:3280} INFO - 0 downstream tasks scheduled from follow-on schedule check
