[2026-03-09T18:55:00.233+0000] {taskinstance.py:1956} INFO - Dependencies all met for dep_context=non-requeueable deps ti=<TaskInstance: run_dbt_models.dbt_debug scheduled__2026-03-09T18:54:00+00:00 [queued]>
[2026-03-09T18:55:00.243+0000] {taskinstance.py:1956} INFO - Dependencies all met for dep_context=requeueable deps ti=<TaskInstance: run_dbt_models.dbt_debug scheduled__2026-03-09T18:54:00+00:00 [queued]>
[2026-03-09T18:55:00.243+0000] {taskinstance.py:2170} INFO - Starting attempt 1 of 2
[2026-03-09T18:55:00.255+0000] {taskinstance.py:2191} INFO - Executing <Task(BashOperator): dbt_debug> on 2026-03-09 18:54:00+00:00
[2026-03-09T18:55:00.262+0000] {standard_task_runner.py:60} INFO - Started process 1140 to run task
[2026-03-09T18:55:00.265+0000] {standard_task_runner.py:87} INFO - Running: ['airflow', 'tasks', 'run', 'run_dbt_models', 'dbt_debug', 'scheduled__2026-03-09T18:54:00+00:00', '--job-id', '88', '--raw', '--subdir', 'DAGS_FOLDER/dbt_orchestrator.py', '--cfg-path', '/tmp/tmpcwz__gsd']
[2026-03-09T18:55:00.267+0000] {standard_task_runner.py:88} INFO - Job 88: Subtask dbt_debug
[2026-03-09T18:55:00.317+0000] {task_command.py:423} INFO - Running <TaskInstance: run_dbt_models.dbt_debug scheduled__2026-03-09T18:54:00+00:00 [running]> on host 9410d24c9fb2
[2026-03-09T18:55:00.406+0000] {taskinstance.py:2480} INFO - Exporting env vars: AIRFLOW_CTX_DAG_OWNER='data_engineer' AIRFLOW_CTX_DAG_ID='run_dbt_models' AIRFLOW_CTX_TASK_ID='dbt_debug' AIRFLOW_CTX_EXECUTION_DATE='2026-03-09T18:54:00+00:00' AIRFLOW_CTX_TRY_NUMBER='1' AIRFLOW_CTX_DAG_RUN_ID='scheduled__2026-03-09T18:54:00+00:00'
[2026-03-09T18:55:00.408+0000] {subprocess.py:63} INFO - Tmp dir root location: /tmp
[2026-03-09T18:55:00.408+0000] {subprocess.py:75} INFO - Running command: ['/usr/bin/bash', '-c', 'cd /opt/airflow/dbt_project && dbt debug --profiles-dir .']
[2026-03-09T18:55:00.422+0000] {subprocess.py:86} INFO - Output:
[2026-03-09T18:55:01.743+0000] {subprocess.py:93} INFO - [0m18:55:01  Running with dbt=1.9.0-b2
[2026-03-09T18:55:01.750+0000] {subprocess.py:93} INFO - [0m18:55:01  dbt version: 1.9.0-b2
[2026-03-09T18:55:01.751+0000] {subprocess.py:93} INFO - [0m18:55:01  python version: 3.8.18
[2026-03-09T18:55:01.751+0000] {subprocess.py:93} INFO - [0m18:55:01  python path: /usr/local/bin/python
[2026-03-09T18:55:01.752+0000] {subprocess.py:93} INFO - [0m18:55:01  os info: Linux-6.12.73-1-MANJARO-x86_64-with-glibc2.34
[2026-03-09T18:55:01.799+0000] {subprocess.py:93} INFO - [0m18:55:01  Using profiles dir at .
[2026-03-09T18:55:01.800+0000] {subprocess.py:93} INFO - [0m18:55:01  Using profiles.yml file at ./profiles.yml
[2026-03-09T18:55:01.800+0000] {subprocess.py:93} INFO - [0m18:55:01  Using dbt_project.yml file at /opt/airflow/dbt_project/dbt_project.yml
[2026-03-09T18:55:01.800+0000] {subprocess.py:93} INFO - [0m18:55:01  adapter type: postgres
[2026-03-09T18:55:01.801+0000] {subprocess.py:93} INFO - [0m18:55:01  adapter version: 1.8.2
[2026-03-09T18:55:01.916+0000] {subprocess.py:93} INFO - [0m18:55:01  Configuration:
[2026-03-09T18:55:01.917+0000] {subprocess.py:93} INFO - [0m18:55:01    profiles.yml file [[32mOK found and valid[0m]
[2026-03-09T18:55:01.917+0000] {subprocess.py:93} INFO - [0m18:55:01    dbt_project.yml file [[32mOK found and valid[0m]
[2026-03-09T18:55:01.918+0000] {subprocess.py:93} INFO - [0m18:55:01  Required dependencies:
[2026-03-09T18:55:01.927+0000] {subprocess.py:93} INFO - [0m18:55:01   - git [[32mOK found[0m]
[2026-03-09T18:55:01.927+0000] {subprocess.py:93} INFO - 
[2026-03-09T18:55:01.928+0000] {subprocess.py:93} INFO - [0m18:55:01  Connection:
[2026-03-09T18:55:01.928+0000] {subprocess.py:93} INFO - [0m18:55:01    host: postgres_dw
[2026-03-09T18:55:01.928+0000] {subprocess.py:93} INFO - [0m18:55:01    port: 5432
[2026-03-09T18:55:01.928+0000] {subprocess.py:93} INFO - [0m18:55:01    user: admin
[2026-03-09T18:55:01.929+0000] {subprocess.py:93} INFO - [0m18:55:01    database: datawarehouse
[2026-03-09T18:55:01.929+0000] {subprocess.py:93} INFO - [0m18:55:01    schema: analytics
[2026-03-09T18:55:01.929+0000] {subprocess.py:93} INFO - [0m18:55:01    connect_timeout: 10
[2026-03-09T18:55:01.930+0000] {subprocess.py:93} INFO - [0m18:55:01    role: None
[2026-03-09T18:55:01.930+0000] {subprocess.py:93} INFO - [0m18:55:01    search_path: None
[2026-03-09T18:55:01.930+0000] {subprocess.py:93} INFO - [0m18:55:01    keepalives_idle: 0
[2026-03-09T18:55:01.931+0000] {subprocess.py:93} INFO - [0m18:55:01    sslmode: None
[2026-03-09T18:55:01.931+0000] {subprocess.py:93} INFO - [0m18:55:01    sslcert: None
[2026-03-09T18:55:01.931+0000] {subprocess.py:93} INFO - [0m18:55:01    sslkey: None
[2026-03-09T18:55:01.931+0000] {subprocess.py:93} INFO - [0m18:55:01    sslrootcert: None
[2026-03-09T18:55:01.932+0000] {subprocess.py:93} INFO - [0m18:55:01    application_name: dbt
[2026-03-09T18:55:01.932+0000] {subprocess.py:93} INFO - [0m18:55:01    retries: 1
[2026-03-09T18:55:01.933+0000] {subprocess.py:93} INFO - [0m18:55:01  Registered adapter: postgres=1.8.2
[2026-03-09T18:55:01.982+0000] {subprocess.py:93} INFO - [0m18:55:01    Connection test: [[32mOK connection ok[0m]
[2026-03-09T18:55:01.983+0000] {subprocess.py:93} INFO - 
[2026-03-09T18:55:01.983+0000] {subprocess.py:93} INFO - [0m18:55:01  [32mAll checks passed![0m
[2026-03-09T18:55:02.641+0000] {subprocess.py:97} INFO - Command exited with return code 0
[2026-03-09T18:55:02.673+0000] {taskinstance.py:1138} INFO - Marking task as SUCCESS. dag_id=run_dbt_models, task_id=dbt_debug, execution_date=20260309T185400, start_date=20260309T185500, end_date=20260309T185502
[2026-03-09T18:55:02.726+0000] {local_task_job_runner.py:234} INFO - Task exited with return code 0
[2026-03-09T18:55:02.750+0000] {taskinstance.py:3280} INFO - 1 downstream tasks scheduled from follow-on schedule check
