[2026-03-10T00:27:25.172+0000] {taskinstance.py:1956} INFO - Dependencies all met for dep_context=non-requeueable deps ti=<TaskInstance: run_dbt_models.dbt_debug scheduled__2026-03-10T00:26:00+00:00 [queued]>
[2026-03-10T00:27:25.192+0000] {taskinstance.py:1956} INFO - Dependencies all met for dep_context=requeueable deps ti=<TaskInstance: run_dbt_models.dbt_debug scheduled__2026-03-10T00:26:00+00:00 [queued]>
[2026-03-10T00:27:25.193+0000] {taskinstance.py:2170} INFO - Starting attempt 1 of 2
[2026-03-10T00:27:25.216+0000] {taskinstance.py:2191} INFO - Executing <Task(BashOperator): dbt_debug> on 2026-03-10 00:26:00+00:00
[2026-03-10T00:27:25.227+0000] {standard_task_runner.py:60} INFO - Started process 1821 to run task
[2026-03-10T00:27:25.231+0000] {standard_task_runner.py:87} INFO - Running: ['airflow', 'tasks', 'run', 'run_dbt_models', 'dbt_debug', 'scheduled__2026-03-10T00:26:00+00:00', '--job-id', '140', '--raw', '--subdir', 'DAGS_FOLDER/dbt_orchestrator.py', '--cfg-path', '/tmp/tmp95a2lv4u']
[2026-03-10T00:27:25.234+0000] {standard_task_runner.py:88} INFO - Job 140: Subtask dbt_debug
[2026-03-10T00:27:25.316+0000] {task_command.py:423} INFO - Running <TaskInstance: run_dbt_models.dbt_debug scheduled__2026-03-10T00:26:00+00:00 [running]> on host 9410d24c9fb2
[2026-03-10T00:27:25.440+0000] {taskinstance.py:2480} INFO - Exporting env vars: AIRFLOW_CTX_DAG_OWNER='data_engineer' AIRFLOW_CTX_DAG_ID='run_dbt_models' AIRFLOW_CTX_TASK_ID='dbt_debug' AIRFLOW_CTX_EXECUTION_DATE='2026-03-10T00:26:00+00:00' AIRFLOW_CTX_TRY_NUMBER='1' AIRFLOW_CTX_DAG_RUN_ID='scheduled__2026-03-10T00:26:00+00:00'
[2026-03-10T00:27:25.443+0000] {subprocess.py:63} INFO - Tmp dir root location: /tmp
[2026-03-10T00:27:25.444+0000] {subprocess.py:75} INFO - Running command: ['/usr/bin/bash', '-c', 'cd /opt/airflow/dbt_project && dbt debug --profiles-dir .']
[2026-03-10T00:27:25.466+0000] {subprocess.py:86} INFO - Output:
[2026-03-10T00:27:27.164+0000] {subprocess.py:93} INFO - [0m00:27:27  Running with dbt=1.9.0-b2
[2026-03-10T00:27:27.177+0000] {subprocess.py:93} INFO - [0m00:27:27  dbt version: 1.9.0-b2
[2026-03-10T00:27:27.178+0000] {subprocess.py:93} INFO - [0m00:27:27  python version: 3.8.18
[2026-03-10T00:27:27.178+0000] {subprocess.py:93} INFO - [0m00:27:27  python path: /usr/local/bin/python
[2026-03-10T00:27:27.178+0000] {subprocess.py:93} INFO - [0m00:27:27  os info: Linux-6.12.73-1-MANJARO-x86_64-with-glibc2.34
[2026-03-10T00:27:27.229+0000] {subprocess.py:93} INFO - [0m00:27:27  Using profiles dir at .
[2026-03-10T00:27:27.229+0000] {subprocess.py:93} INFO - [0m00:27:27  Using profiles.yml file at ./profiles.yml
[2026-03-10T00:27:27.230+0000] {subprocess.py:93} INFO - [0m00:27:27  Using dbt_project.yml file at /opt/airflow/dbt_project/dbt_project.yml
[2026-03-10T00:27:27.230+0000] {subprocess.py:93} INFO - [0m00:27:27  adapter type: postgres
[2026-03-10T00:27:27.231+0000] {subprocess.py:93} INFO - [0m00:27:27  adapter version: 1.8.2
[2026-03-10T00:27:27.326+0000] {subprocess.py:93} INFO - [0m00:27:27  Configuration:
[2026-03-10T00:27:27.327+0000] {subprocess.py:93} INFO - [0m00:27:27    profiles.yml file [[32mOK found and valid[0m]
[2026-03-10T00:27:27.327+0000] {subprocess.py:93} INFO - [0m00:27:27    dbt_project.yml file [[32mOK found and valid[0m]
[2026-03-10T00:27:27.327+0000] {subprocess.py:93} INFO - [0m00:27:27  Required dependencies:
[2026-03-10T00:27:27.345+0000] {subprocess.py:93} INFO - [0m00:27:27   - git [[32mOK found[0m]
[2026-03-10T00:27:27.345+0000] {subprocess.py:93} INFO - 
[2026-03-10T00:27:27.345+0000] {subprocess.py:93} INFO - [0m00:27:27  Connection:
[2026-03-10T00:27:27.346+0000] {subprocess.py:93} INFO - [0m00:27:27    host: postgres_dw
[2026-03-10T00:27:27.346+0000] {subprocess.py:93} INFO - [0m00:27:27    port: 5432
[2026-03-10T00:27:27.346+0000] {subprocess.py:93} INFO - [0m00:27:27    user: admin
[2026-03-10T00:27:27.347+0000] {subprocess.py:93} INFO - [0m00:27:27    database: datawarehouse
[2026-03-10T00:27:27.347+0000] {subprocess.py:93} INFO - [0m00:27:27    schema: analytics
[2026-03-10T00:27:27.347+0000] {subprocess.py:93} INFO - [0m00:27:27    connect_timeout: 10
[2026-03-10T00:27:27.347+0000] {subprocess.py:93} INFO - [0m00:27:27    role: None
[2026-03-10T00:27:27.348+0000] {subprocess.py:93} INFO - [0m00:27:27    search_path: None
[2026-03-10T00:27:27.348+0000] {subprocess.py:93} INFO - [0m00:27:27    keepalives_idle: 0
[2026-03-10T00:27:27.348+0000] {subprocess.py:93} INFO - [0m00:27:27    sslmode: None
[2026-03-10T00:27:27.349+0000] {subprocess.py:93} INFO - [0m00:27:27    sslcert: None
[2026-03-10T00:27:27.349+0000] {subprocess.py:93} INFO - [0m00:27:27    sslkey: None
[2026-03-10T00:27:27.349+0000] {subprocess.py:93} INFO - [0m00:27:27    sslrootcert: None
[2026-03-10T00:27:27.350+0000] {subprocess.py:93} INFO - [0m00:27:27    application_name: dbt
[2026-03-10T00:27:27.350+0000] {subprocess.py:93} INFO - [0m00:27:27    retries: 1
[2026-03-10T00:27:27.351+0000] {subprocess.py:93} INFO - [0m00:27:27  Registered adapter: postgres=1.8.2
[2026-03-10T00:27:27.405+0000] {subprocess.py:93} INFO - [0m00:27:27    Connection test: [[32mOK connection ok[0m]
[2026-03-10T00:27:27.406+0000] {subprocess.py:93} INFO - 
[2026-03-10T00:27:27.406+0000] {subprocess.py:93} INFO - [0m00:27:27  [32mAll checks passed![0m
[2026-03-10T00:27:27.639+0000] {subprocess.py:97} INFO - Command exited with return code 0
[2026-03-10T00:27:27.673+0000] {taskinstance.py:1138} INFO - Marking task as SUCCESS. dag_id=run_dbt_models, task_id=dbt_debug, execution_date=20260310T002600, start_date=20260310T002725, end_date=20260310T002727
[2026-03-10T00:27:27.694+0000] {local_task_job_runner.py:234} INFO - Task exited with return code 0
[2026-03-10T00:27:27.719+0000] {taskinstance.py:3280} INFO - 1 downstream tasks scheduled from follow-on schedule check
