[2026-03-09T17:29:51.407+0000] {taskinstance.py:1956} INFO - Dependencies all met for dep_context=non-requeueable deps ti=<TaskInstance: run_dbt_models.dbt_debug manual__2026-03-09T17:29:50.354120+00:00 [queued]>
[2026-03-09T17:29:51.416+0000] {taskinstance.py:1956} INFO - Dependencies all met for dep_context=requeueable deps ti=<TaskInstance: run_dbt_models.dbt_debug manual__2026-03-09T17:29:50.354120+00:00 [queued]>
[2026-03-09T17:29:51.417+0000] {taskinstance.py:2170} INFO - Starting attempt 1 of 2
[2026-03-09T17:29:51.430+0000] {taskinstance.py:2191} INFO - Executing <Task(BashOperator): dbt_debug> on 2026-03-09 17:29:50.354120+00:00
[2026-03-09T17:29:51.436+0000] {standard_task_runner.py:60} INFO - Started process 392 to run task
[2026-03-09T17:29:51.439+0000] {standard_task_runner.py:87} INFO - Running: ['airflow', 'tasks', 'run', 'run_dbt_models', 'dbt_debug', 'manual__2026-03-09T17:29:50.354120+00:00', '--job-id', '58', '--raw', '--subdir', 'DAGS_FOLDER/dbt_orchestrator.py', '--cfg-path', '/tmp/tmpyh_ctny9']
[2026-03-09T17:29:51.440+0000] {standard_task_runner.py:88} INFO - Job 58: Subtask dbt_debug
[2026-03-09T17:29:51.487+0000] {task_command.py:423} INFO - Running <TaskInstance: run_dbt_models.dbt_debug manual__2026-03-09T17:29:50.354120+00:00 [running]> on host 9410d24c9fb2
[2026-03-09T17:29:51.577+0000] {taskinstance.py:2480} INFO - Exporting env vars: AIRFLOW_CTX_DAG_OWNER='data_engineer' AIRFLOW_CTX_DAG_ID='run_dbt_models' AIRFLOW_CTX_TASK_ID='dbt_debug' AIRFLOW_CTX_EXECUTION_DATE='2026-03-09T17:29:50.354120+00:00' AIRFLOW_CTX_TRY_NUMBER='1' AIRFLOW_CTX_DAG_RUN_ID='manual__2026-03-09T17:29:50.354120+00:00'
[2026-03-09T17:29:51.578+0000] {subprocess.py:63} INFO - Tmp dir root location: /tmp
[2026-03-09T17:29:51.579+0000] {subprocess.py:75} INFO - Running command: ['/usr/bin/bash', '-c', 'cd /opt/airflow/dbt_project && dbt debug --profiles-dir .']
[2026-03-09T17:29:51.592+0000] {subprocess.py:86} INFO - Output:
[2026-03-09T17:29:52.854+0000] {subprocess.py:93} INFO - [0m17:29:52  Running with dbt=1.9.0-b2
[2026-03-09T17:29:52.862+0000] {subprocess.py:93} INFO - [0m17:29:52  dbt version: 1.9.0-b2
[2026-03-09T17:29:52.862+0000] {subprocess.py:93} INFO - [0m17:29:52  python version: 3.8.18
[2026-03-09T17:29:52.863+0000] {subprocess.py:93} INFO - [0m17:29:52  python path: /usr/local/bin/python
[2026-03-09T17:29:52.863+0000] {subprocess.py:93} INFO - [0m17:29:52  os info: Linux-6.12.73-1-MANJARO-x86_64-with-glibc2.34
[2026-03-09T17:29:52.909+0000] {subprocess.py:93} INFO - [0m17:29:52  Using profiles dir at .
[2026-03-09T17:29:52.909+0000] {subprocess.py:93} INFO - [0m17:29:52  Using profiles.yml file at ./profiles.yml
[2026-03-09T17:29:52.909+0000] {subprocess.py:93} INFO - [0m17:29:52  Using dbt_project.yml file at /opt/airflow/dbt_project/dbt_project.yml
[2026-03-09T17:29:52.910+0000] {subprocess.py:93} INFO - [0m17:29:52  adapter type: postgres
[2026-03-09T17:29:52.910+0000] {subprocess.py:93} INFO - [0m17:29:52  adapter version: 1.8.2
[2026-03-09T17:29:53.009+0000] {subprocess.py:93} INFO - [0m17:29:53  Configuration:
[2026-03-09T17:29:53.009+0000] {subprocess.py:93} INFO - [0m17:29:53    profiles.yml file [[32mOK found and valid[0m]
[2026-03-09T17:29:53.010+0000] {subprocess.py:93} INFO - [0m17:29:53    dbt_project.yml file [[32mOK found and valid[0m]
[2026-03-09T17:29:53.010+0000] {subprocess.py:93} INFO - [0m17:29:53  Required dependencies:
[2026-03-09T17:29:53.020+0000] {subprocess.py:93} INFO - [0m17:29:53   - git [[32mOK found[0m]
[2026-03-09T17:29:53.020+0000] {subprocess.py:93} INFO - 
[2026-03-09T17:29:53.021+0000] {subprocess.py:93} INFO - [0m17:29:53  Connection:
[2026-03-09T17:29:53.021+0000] {subprocess.py:93} INFO - [0m17:29:53    host: postgres_dw
[2026-03-09T17:29:53.021+0000] {subprocess.py:93} INFO - [0m17:29:53    port: 5432
[2026-03-09T17:29:53.021+0000] {subprocess.py:93} INFO - [0m17:29:53    user: admin
[2026-03-09T17:29:53.021+0000] {subprocess.py:93} INFO - [0m17:29:53    database: datawarehouse
[2026-03-09T17:29:53.022+0000] {subprocess.py:93} INFO - [0m17:29:53    schema: analytics
[2026-03-09T17:29:53.022+0000] {subprocess.py:93} INFO - [0m17:29:53    connect_timeout: 10
[2026-03-09T17:29:53.022+0000] {subprocess.py:93} INFO - [0m17:29:53    role: None
[2026-03-09T17:29:53.023+0000] {subprocess.py:93} INFO - [0m17:29:53    search_path: None
[2026-03-09T17:29:53.023+0000] {subprocess.py:93} INFO - [0m17:29:53    keepalives_idle: 0
[2026-03-09T17:29:53.023+0000] {subprocess.py:93} INFO - [0m17:29:53    sslmode: None
[2026-03-09T17:29:53.024+0000] {subprocess.py:93} INFO - [0m17:29:53    sslcert: None
[2026-03-09T17:29:53.024+0000] {subprocess.py:93} INFO - [0m17:29:53    sslkey: None
[2026-03-09T17:29:53.024+0000] {subprocess.py:93} INFO - [0m17:29:53    sslrootcert: None
[2026-03-09T17:29:53.024+0000] {subprocess.py:93} INFO - [0m17:29:53    application_name: dbt
[2026-03-09T17:29:53.025+0000] {subprocess.py:93} INFO - [0m17:29:53    retries: 1
[2026-03-09T17:29:53.025+0000] {subprocess.py:93} INFO - [0m17:29:53  Registered adapter: postgres=1.8.2
[2026-03-09T17:29:53.074+0000] {subprocess.py:93} INFO - [0m17:29:53    Connection test: [[32mOK connection ok[0m]
[2026-03-09T17:29:53.074+0000] {subprocess.py:93} INFO - 
[2026-03-09T17:29:53.074+0000] {subprocess.py:93} INFO - [0m17:29:53  [32mAll checks passed![0m
[2026-03-09T17:29:53.705+0000] {subprocess.py:97} INFO - Command exited with return code 0
[2026-03-09T17:29:53.739+0000] {taskinstance.py:1138} INFO - Marking task as SUCCESS. dag_id=run_dbt_models, task_id=dbt_debug, execution_date=20260309T172950, start_date=20260309T172951, end_date=20260309T172953
[2026-03-09T17:29:53.780+0000] {local_task_job_runner.py:234} INFO - Task exited with return code 0
[2026-03-09T17:29:53.798+0000] {taskinstance.py:3280} INFO - 0 downstream tasks scheduled from follow-on schedule check
